[2025-09-01 11:22:59] info: {
  "method": "GET",
  "url": "/api/user-details",
  "ip": "::1",
  "userAgent": "Mozilla/5.0 (Windows NT 10.0; Win64; x64) AppleWebKit/537.36 (KHTML, like Gecko) Chrome/139.0.0.0 Safari/537.36",
  "headers": {
    "host": "localhost:9999",
    "connection": "keep-alive",
    "sec-ch-ua-platform": "\"Windows\"",
    "user-agent": "Mozilla/5.0 (Windows NT 10.0; Win64; x64) AppleWebKit/537.36 (KHTML, like Gecko) Chrome/139.0.0.0 Safari/537.36",
    "accept": "application/json, text/plain, */*",
    "sec-ch-ua": "\"Not;A=Brand\";v=\"99\", \"Google Chrome\";v=\"139\", \"Chromium\";v=\"139\"",
    "sec-ch-ua-mobile": "?0",
    "origin": "http://localhost:3000",
    "sec-fetch-site": "same-site",
    "sec-fetch-mode": "cors",
    "sec-fetch-dest": "empty",
    "referer": "http://localhost:3000/",
    "accept-encoding": "gzip, deflate, br, zstd",
    "accept-language": "en-US,en;q=0.9"
  },
  "query": {}
}
[2025-09-01 11:23:09] info: {
  "method": "OPTIONS",
  "url": "/api/login",
  "ip": "::1",
  "userAgent": "Mozilla/5.0 (Windows NT 10.0; Win64; x64) AppleWebKit/537.36 (KHTML, like Gecko) Chrome/139.0.0.0 Safari/537.36",
  "headers": {
    "host": "localhost:9999",
    "connection": "keep-alive",
    "accept": "*/*",
    "access-control-request-method": "POST",
    "access-control-request-headers": "content-type",
    "origin": "http://localhost:3000",
    "user-agent": "Mozilla/5.0 (Windows NT 10.0; Win64; x64) AppleWebKit/537.36 (KHTML, like Gecko) Chrome/139.0.0.0 Safari/537.36",
    "sec-fetch-mode": "cors",
    "sec-fetch-site": "same-site",
    "sec-fetch-dest": "empty",
    "referer": "http://localhost:3000/",
    "accept-encoding": "gzip, deflate, br, zstd",
    "accept-language": "en-US,en;q=0.9"
  },
  "query": {}
}
[2025-09-01 11:23:09] info: {
  "method": "POST",
  "url": "/api/login",
  "ip": "::1",
  "userAgent": "Mozilla/5.0 (Windows NT 10.0; Win64; x64) AppleWebKit/537.36 (KHTML, like Gecko) Chrome/139.0.0.0 Safari/537.36",
  "headers": {
    "host": "localhost:9999",
    "connection": "keep-alive",
    "content-length": "70",
    "sec-ch-ua-platform": "\"Windows\"",
    "user-agent": "Mozilla/5.0 (Windows NT 10.0; Win64; x64) AppleWebKit/537.36 (KHTML, like Gecko) Chrome/139.0.0.0 Safari/537.36",
    "accept": "application/json, text/plain, */*",
    "sec-ch-ua": "\"Not;A=Brand\";v=\"99\", \"Google Chrome\";v=\"139\", \"Chromium\";v=\"139\"",
    "content-type": "application/json",
    "sec-ch-ua-mobile": "?0",
    "origin": "http://localhost:3000",
    "sec-fetch-site": "same-site",
    "sec-fetch-mode": "cors",
    "sec-fetch-dest": "empty",
    "referer": "http://localhost:3000/",
    "accept-encoding": "gzip, deflate, br, zstd",
    "accept-language": "en-US,en;q=0.9"
  },
  "query": {}
}
[2025-09-01 11:23:13] info: {
  "method": "GET",
  "url": "/api/user-details",
  "ip": "::1",
  "userAgent": "Mozilla/5.0 (Windows NT 10.0; Win64; x64) AppleWebKit/537.36 (KHTML, like Gecko) Chrome/139.0.0.0 Safari/537.36",
  "headers": {
    "host": "localhost:9999",
    "connection": "keep-alive",
    "sec-ch-ua-platform": "\"Windows\"",
    "user-agent": "Mozilla/5.0 (Windows NT 10.0; Win64; x64) AppleWebKit/537.36 (KHTML, like Gecko) Chrome/139.0.0.0 Safari/537.36",
    "accept": "application/json, text/plain, */*",
    "sec-ch-ua": "\"Not;A=Brand\";v=\"99\", \"Google Chrome\";v=\"139\", \"Chromium\";v=\"139\"",
    "sec-ch-ua-mobile": "?0",
    "origin": "http://localhost:3000",
    "sec-fetch-site": "same-site",
    "sec-fetch-mode": "cors",
    "sec-fetch-dest": "empty",
    "referer": "http://localhost:3000/",
    "accept-encoding": "gzip, deflate, br, zstd",
    "accept-language": "en-US,en;q=0.9",
    "cookie": "***REDACTED***",
    "if-none-match": "W/\"75-eEE7q+DcizBHlMNgZits3bWQuHs\""
  },
  "query": {}
}
[2025-09-01 11:23:19] info: {
  "method": "GET",
  "url": "/api/admin/all-users?page=1&limit=10",
  "ip": "::1",
  "userAgent": "Mozilla/5.0 (Windows NT 10.0; Win64; x64) AppleWebKit/537.36 (KHTML, like Gecko) Chrome/139.0.0.0 Safari/537.36",
  "headers": {
    "host": "localhost:9999",
    "connection": "keep-alive",
    "sec-ch-ua-platform": "\"Windows\"",
    "user-agent": "Mozilla/5.0 (Windows NT 10.0; Win64; x64) AppleWebKit/537.36 (KHTML, like Gecko) Chrome/139.0.0.0 Safari/537.36",
    "accept": "application/json, text/plain, */*",
    "sec-ch-ua": "\"Not;A=Brand\";v=\"99\", \"Google Chrome\";v=\"139\", \"Chromium\";v=\"139\"",
    "sec-ch-ua-mobile": "?0",
    "origin": "http://localhost:3000",
    "sec-fetch-site": "same-site",
    "sec-fetch-mode": "cors",
    "sec-fetch-dest": "empty",
    "referer": "http://localhost:3000/",
    "accept-encoding": "gzip, deflate, br, zstd",
    "accept-language": "en-US,en;q=0.9",
    "cookie": "***REDACTED***"
  },
  "query": {
    "page": "1",
    "limit": "10"
  }
}
[2025-09-01 11:23:20] info: {
  "method": "GET",
  "url": "/api/admin/all-users?page=1&limit=10",
  "ip": "::1",
  "userAgent": "Mozilla/5.0 (Windows NT 10.0; Win64; x64) AppleWebKit/537.36 (KHTML, like Gecko) Chrome/139.0.0.0 Safari/537.36",
  "headers": {
    "host": "localhost:9999",
    "connection": "keep-alive",
    "sec-ch-ua-platform": "\"Windows\"",
    "user-agent": "Mozilla/5.0 (Windows NT 10.0; Win64; x64) AppleWebKit/537.36 (KHTML, like Gecko) Chrome/139.0.0.0 Safari/537.36",
    "accept": "application/json, text/plain, */*",
    "sec-ch-ua": "\"Not;A=Brand\";v=\"99\", \"Google Chrome\";v=\"139\", \"Chromium\";v=\"139\"",
    "sec-ch-ua-mobile": "?0",
    "origin": "http://localhost:3000",
    "sec-fetch-site": "same-site",
    "sec-fetch-mode": "cors",
    "sec-fetch-dest": "empty",
    "referer": "http://localhost:3000/",
    "accept-encoding": "gzip, deflate, br, zstd",
    "accept-language": "en-US,en;q=0.9",
    "cookie": "***REDACTED***",
    "if-none-match": "W/\"604-7rq9IJHZJFClFD4/CCMtdMY6Cls\""
  },
  "query": {
    "page": "1",
    "limit": "10"
  }
}
[2025-09-01 11:23:26] info: {
  "method": "GET",
  "url": "/api/admin/categories",
  "ip": "::1",
  "userAgent": "Mozilla/5.0 (Windows NT 10.0; Win64; x64) AppleWebKit/537.36 (KHTML, like Gecko) Chrome/139.0.0.0 Safari/537.36",
  "headers": {
    "host": "localhost:9999",
    "connection": "keep-alive",
    "sec-ch-ua-platform": "\"Windows\"",
    "user-agent": "Mozilla/5.0 (Windows NT 10.0; Win64; x64) AppleWebKit/537.36 (KHTML, like Gecko) Chrome/139.0.0.0 Safari/537.36",
    "accept": "application/json, text/plain, */*",
    "sec-ch-ua": "\"Not;A=Brand\";v=\"99\", \"Google Chrome\";v=\"139\", \"Chromium\";v=\"139\"",
    "sec-ch-ua-mobile": "?0",
    "origin": "http://localhost:3000",
    "sec-fetch-site": "same-site",
    "sec-fetch-mode": "cors",
    "sec-fetch-dest": "empty",
    "referer": "http://localhost:3000/",
    "accept-encoding": "gzip, deflate, br, zstd",
    "accept-language": "en-US,en;q=0.9",
    "cookie": "***REDACTED***"
  },
  "query": {}
}
[2025-09-01 11:23:26] info: {
  "method": "GET",
  "url": "/api/admin/categories",
  "ip": "::1",
  "userAgent": "Mozilla/5.0 (Windows NT 10.0; Win64; x64) AppleWebKit/537.36 (KHTML, like Gecko) Chrome/139.0.0.0 Safari/537.36",
  "headers": {
    "host": "localhost:9999",
    "connection": "keep-alive",
    "sec-ch-ua-platform": "\"Windows\"",
    "user-agent": "Mozilla/5.0 (Windows NT 10.0; Win64; x64) AppleWebKit/537.36 (KHTML, like Gecko) Chrome/139.0.0.0 Safari/537.36",
    "accept": "application/json, text/plain, */*",
    "sec-ch-ua": "\"Not;A=Brand\";v=\"99\", \"Google Chrome\";v=\"139\", \"Chromium\";v=\"139\"",
    "sec-ch-ua-mobile": "?0",
    "origin": "http://localhost:3000",
    "sec-fetch-site": "same-site",
    "sec-fetch-mode": "cors",
    "sec-fetch-dest": "empty",
    "referer": "http://localhost:3000/",
    "accept-encoding": "gzip, deflate, br, zstd",
    "accept-language": "en-US,en;q=0.9",
    "cookie": "***REDACTED***",
    "if-none-match": "W/\"e8f-NdyKKGKHIJLFUEhWX0moLP2GOPY\""
  },
  "query": {}
}
[2025-09-01 11:40:06] info: {
  "method": "OPTIONS",
  "url": "/api/admin/categories",
  "ip": "::1",
  "userAgent": "Mozilla/5.0 (Windows NT 10.0; Win64; x64) AppleWebKit/537.36 (KHTML, like Gecko) Chrome/139.0.0.0 Safari/537.36",
  "headers": {
    "host": "localhost:9999",
    "connection": "keep-alive",
    "accept": "*/*",
    "access-control-request-method": "POST",
    "access-control-request-headers": "content-type",
    "origin": "http://localhost:3000",
    "user-agent": "Mozilla/5.0 (Windows NT 10.0; Win64; x64) AppleWebKit/537.36 (KHTML, like Gecko) Chrome/139.0.0.0 Safari/537.36",
    "sec-fetch-mode": "cors",
    "sec-fetch-site": "same-site",
    "sec-fetch-dest": "empty",
    "referer": "http://localhost:3000/",
    "accept-encoding": "gzip, deflate, br, zstd",
    "accept-language": "en-US,en;q=0.9"
  },
  "query": {}
}
[2025-09-01 11:40:06] info: {
  "method": "POST",
  "url": "/api/admin/categories",
  "ip": "::1",
  "userAgent": "Mozilla/5.0 (Windows NT 10.0; Win64; x64) AppleWebKit/537.36 (KHTML, like Gecko) Chrome/139.0.0.0 Safari/537.36",
  "headers": {
    "host": "localhost:9999",
    "connection": "keep-alive",
    "content-length": "206",
    "sec-ch-ua-platform": "\"Windows\"",
    "user-agent": "Mozilla/5.0 (Windows NT 10.0; Win64; x64) AppleWebKit/537.36 (KHTML, like Gecko) Chrome/139.0.0.0 Safari/537.36",
    "accept": "application/json, text/plain, */*",
    "sec-ch-ua": "\"Not;A=Brand\";v=\"99\", \"Google Chrome\";v=\"139\", \"Chromium\";v=\"139\"",
    "content-type": "application/json",
    "sec-ch-ua-mobile": "?0",
    "origin": "http://localhost:3000",
    "sec-fetch-site": "same-site",
    "sec-fetch-mode": "cors",
    "sec-fetch-dest": "empty",
    "referer": "http://localhost:3000/",
    "accept-encoding": "gzip, deflate, br, zstd",
    "accept-language": "en-US,en;q=0.9",
    "cookie": "***REDACTED***"
  },
  "query": {}
}
[2025-09-01 11:40:11] info: {
  "method": "POST",
  "url": "/api/admin/categories",
  "ip": "::1",
  "userAgent": "Mozilla/5.0 (Windows NT 10.0; Win64; x64) AppleWebKit/537.36 (KHTML, like Gecko) Chrome/139.0.0.0 Safari/537.36",
  "headers": {
    "host": "localhost:9999",
    "connection": "keep-alive",
    "content-length": "207",
    "sec-ch-ua-platform": "\"Windows\"",
    "user-agent": "Mozilla/5.0 (Windows NT 10.0; Win64; x64) AppleWebKit/537.36 (KHTML, like Gecko) Chrome/139.0.0.0 Safari/537.36",
    "accept": "application/json, text/plain, */*",
    "sec-ch-ua": "\"Not;A=Brand\";v=\"99\", \"Google Chrome\";v=\"139\", \"Chromium\";v=\"139\"",
    "content-type": "application/json",
    "sec-ch-ua-mobile": "?0",
    "origin": "http://localhost:3000",
    "sec-fetch-site": "same-site",
    "sec-fetch-mode": "cors",
    "sec-fetch-dest": "empty",
    "referer": "http://localhost:3000/",
    "accept-encoding": "gzip, deflate, br, zstd",
    "accept-language": "en-US,en;q=0.9",
    "cookie": "***REDACTED***"
  },
  "query": {}
}
[2025-09-01 11:40:11] info: {
  "method": "GET",
  "url": "/api/admin/categories",
  "ip": "::1",
  "userAgent": "Mozilla/5.0 (Windows NT 10.0; Win64; x64) AppleWebKit/537.36 (KHTML, like Gecko) Chrome/139.0.0.0 Safari/537.36",
  "headers": {
    "host": "localhost:9999",
    "connection": "keep-alive",
    "sec-ch-ua-platform": "\"Windows\"",
    "user-agent": "Mozilla/5.0 (Windows NT 10.0; Win64; x64) AppleWebKit/537.36 (KHTML, like Gecko) Chrome/139.0.0.0 Safari/537.36",
    "accept": "application/json, text/plain, */*",
    "sec-ch-ua": "\"Not;A=Brand\";v=\"99\", \"Google Chrome\";v=\"139\", \"Chromium\";v=\"139\"",
    "sec-ch-ua-mobile": "?0",
    "origin": "http://localhost:3000",
    "sec-fetch-site": "same-site",
    "sec-fetch-mode": "cors",
    "sec-fetch-dest": "empty",
    "referer": "http://localhost:3000/",
    "accept-encoding": "gzip, deflate, br, zstd",
    "accept-language": "en-US,en;q=0.9",
    "cookie": "***REDACTED***"
  },
  "query": {}
}
[2025-09-01 11:40:20] info: {
  "method": "OPTIONS",
  "url": "/api/admin/categories/68b554e3a279110fb9bd6a13",
  "ip": "::1",
  "userAgent": "Mozilla/5.0 (Windows NT 10.0; Win64; x64) AppleWebKit/537.36 (KHTML, like Gecko) Chrome/139.0.0.0 Safari/537.36",
  "headers": {
    "host": "localhost:9999",
    "connection": "keep-alive",
    "accept": "*/*",
    "access-control-request-method": "DELETE",
    "origin": "http://localhost:3000",
    "user-agent": "Mozilla/5.0 (Windows NT 10.0; Win64; x64) AppleWebKit/537.36 (KHTML, like Gecko) Chrome/139.0.0.0 Safari/537.36",
    "sec-fetch-mode": "cors",
    "sec-fetch-site": "same-site",
    "sec-fetch-dest": "empty",
    "referer": "http://localhost:3000/",
    "accept-encoding": "gzip, deflate, br, zstd",
    "accept-language": "en-US,en;q=0.9"
  },
  "query": {}
}
[2025-09-01 11:40:20] info: {
  "method": "DELETE",
  "url": "/api/admin/categories/68b554e3a279110fb9bd6a13",
  "ip": "::1",
  "userAgent": "Mozilla/5.0 (Windows NT 10.0; Win64; x64) AppleWebKit/537.36 (KHTML, like Gecko) Chrome/139.0.0.0 Safari/537.36",
  "headers": {
    "host": "localhost:9999",
    "connection": "keep-alive",
    "sec-ch-ua-platform": "\"Windows\"",
    "user-agent": "Mozilla/5.0 (Windows NT 10.0; Win64; x64) AppleWebKit/537.36 (KHTML, like Gecko) Chrome/139.0.0.0 Safari/537.36",
    "accept": "application/json, text/plain, */*",
    "sec-ch-ua": "\"Not;A=Brand\";v=\"99\", \"Google Chrome\";v=\"139\", \"Chromium\";v=\"139\"",
    "sec-ch-ua-mobile": "?0",
    "origin": "http://localhost:3000",
    "sec-fetch-site": "same-site",
    "sec-fetch-mode": "cors",
    "sec-fetch-dest": "empty",
    "referer": "http://localhost:3000/",
    "accept-encoding": "gzip, deflate, br, zstd",
    "accept-language": "en-US,en;q=0.9",
    "cookie": "***REDACTED***"
  },
  "query": {}
}
[2025-09-01 11:40:20] info: {
  "method": "GET",
  "url": "/api/admin/categories",
  "ip": "::1",
  "userAgent": "Mozilla/5.0 (Windows NT 10.0; Win64; x64) AppleWebKit/537.36 (KHTML, like Gecko) Chrome/139.0.0.0 Safari/537.36",
  "headers": {
    "host": "localhost:9999",
    "connection": "keep-alive",
    "sec-ch-ua-platform": "\"Windows\"",
    "user-agent": "Mozilla/5.0 (Windows NT 10.0; Win64; x64) AppleWebKit/537.36 (KHTML, like Gecko) Chrome/139.0.0.0 Safari/537.36",
    "accept": "application/json, text/plain, */*",
    "sec-ch-ua": "\"Not;A=Brand\";v=\"99\", \"Google Chrome\";v=\"139\", \"Chromium\";v=\"139\"",
    "sec-ch-ua-mobile": "?0",
    "origin": "http://localhost:3000",
    "sec-fetch-site": "same-site",
    "sec-fetch-mode": "cors",
    "sec-fetch-dest": "empty",
    "referer": "http://localhost:3000/",
    "accept-encoding": "gzip, deflate, br, zstd",
    "accept-language": "en-US,en;q=0.9",
    "cookie": "***REDACTED***",
    "if-none-match": "W/\"ff2-1ZV/hre06JxIZ+Qtk3n2IBP6t+U\""
  },
  "query": {}
}
[2025-09-01 11:40:31] info: {
  "method": "OPTIONS",
  "url": "/api/admin/categories/68b1db181d12cbac75813dce",
  "ip": "::1",
  "userAgent": "Mozilla/5.0 (Windows NT 10.0; Win64; x64) AppleWebKit/537.36 (KHTML, like Gecko) Chrome/139.0.0.0 Safari/537.36",
  "headers": {
    "host": "localhost:9999",
    "connection": "keep-alive",
    "accept": "*/*",
    "access-control-request-method": "PUT",
    "access-control-request-headers": "content-type",
    "origin": "http://localhost:3000",
    "user-agent": "Mozilla/5.0 (Windows NT 10.0; Win64; x64) AppleWebKit/537.36 (KHTML, like Gecko) Chrome/139.0.0.0 Safari/537.36",
    "sec-fetch-mode": "cors",
    "sec-fetch-site": "same-site",
    "sec-fetch-dest": "empty",
    "referer": "http://localhost:3000/",
    "accept-encoding": "gzip, deflate, br, zstd",
    "accept-language": "en-US,en;q=0.9"
  },
  "query": {}
}
[2025-09-01 11:40:31] info: {
  "method": "PUT",
  "url": "/api/admin/categories/68b1db181d12cbac75813dce",
  "ip": "::1",
  "userAgent": "Mozilla/5.0 (Windows NT 10.0; Win64; x64) AppleWebKit/537.36 (KHTML, like Gecko) Chrome/139.0.0.0 Safari/537.36",
  "headers": {
    "host": "localhost:9999",
    "connection": "keep-alive",
    "content-length": "172",
    "sec-ch-ua-platform": "\"Windows\"",
    "user-agent": "Mozilla/5.0 (Windows NT 10.0; Win64; x64) AppleWebKit/537.36 (KHTML, like Gecko) Chrome/139.0.0.0 Safari/537.36",
    "accept": "application/json, text/plain, */*",
    "sec-ch-ua": "\"Not;A=Brand\";v=\"99\", \"Google Chrome\";v=\"139\", \"Chromium\";v=\"139\"",
    "content-type": "application/json",
    "sec-ch-ua-mobile": "?0",
    "origin": "http://localhost:3000",
    "sec-fetch-site": "same-site",
    "sec-fetch-mode": "cors",
    "sec-fetch-dest": "empty",
    "referer": "http://localhost:3000/",
    "accept-encoding": "gzip, deflate, br, zstd",
    "accept-language": "en-US,en;q=0.9",
    "cookie": "***REDACTED***"
  },
  "query": {}
}
[2025-09-01 11:40:31] info: {
  "method": "GET",
  "url": "/api/admin/categories",
  "ip": "::1",
  "userAgent": "Mozilla/5.0 (Windows NT 10.0; Win64; x64) AppleWebKit/537.36 (KHTML, like Gecko) Chrome/139.0.0.0 Safari/537.36",
  "headers": {
    "host": "localhost:9999",
    "connection": "keep-alive",
    "sec-ch-ua-platform": "\"Windows\"",
    "user-agent": "Mozilla/5.0 (Windows NT 10.0; Win64; x64) AppleWebKit/537.36 (KHTML, like Gecko) Chrome/139.0.0.0 Safari/537.36",
    "accept": "application/json, text/plain, */*",
    "sec-ch-ua": "\"Not;A=Brand\";v=\"99\", \"Google Chrome\";v=\"139\", \"Chromium\";v=\"139\"",
    "sec-ch-ua-mobile": "?0",
    "origin": "http://localhost:3000",
    "sec-fetch-site": "same-site",
    "sec-fetch-mode": "cors",
    "sec-fetch-dest": "empty",
    "referer": "http://localhost:3000/",
    "accept-encoding": "gzip, deflate, br, zstd",
    "accept-language": "en-US,en;q=0.9",
    "cookie": "***REDACTED***",
    "if-none-match": "W/\"e8f-NdyKKGKHIJLFUEhWX0moLP2GOPY\""
  },
  "query": {}
}
[2025-09-01 11:40:35] info: {
  "method": "OPTIONS",
  "url": "/api/admin/categories/68b022bddde8705956a6af75",
  "ip": "::1",
  "userAgent": "Mozilla/5.0 (Windows NT 10.0; Win64; x64) AppleWebKit/537.36 (KHTML, like Gecko) Chrome/139.0.0.0 Safari/537.36",
  "headers": {
    "host": "localhost:9999",
    "connection": "keep-alive",
    "accept": "*/*",
    "access-control-request-method": "DELETE",
    "origin": "http://localhost:3000",
    "user-agent": "Mozilla/5.0 (Windows NT 10.0; Win64; x64) AppleWebKit/537.36 (KHTML, like Gecko) Chrome/139.0.0.0 Safari/537.36",
    "sec-fetch-mode": "cors",
    "sec-fetch-site": "same-site",
    "sec-fetch-dest": "empty",
    "referer": "http://localhost:3000/",
    "accept-encoding": "gzip, deflate, br, zstd",
    "accept-language": "en-US,en;q=0.9"
  },
  "query": {}
}
[2025-09-01 11:40:35] info: {
  "method": "DELETE",
  "url": "/api/admin/categories/68b022bddde8705956a6af75",
  "ip": "::1",
  "userAgent": "Mozilla/5.0 (Windows NT 10.0; Win64; x64) AppleWebKit/537.36 (KHTML, like Gecko) Chrome/139.0.0.0 Safari/537.36",
  "headers": {
    "host": "localhost:9999",
    "connection": "keep-alive",
    "sec-ch-ua-platform": "\"Windows\"",
    "user-agent": "Mozilla/5.0 (Windows NT 10.0; Win64; x64) AppleWebKit/537.36 (KHTML, like Gecko) Chrome/139.0.0.0 Safari/537.36",
    "accept": "application/json, text/plain, */*",
    "sec-ch-ua": "\"Not;A=Brand\";v=\"99\", \"Google Chrome\";v=\"139\", \"Chromium\";v=\"139\"",
    "sec-ch-ua-mobile": "?0",
    "origin": "http://localhost:3000",
    "sec-fetch-site": "same-site",
    "sec-fetch-mode": "cors",
    "sec-fetch-dest": "empty",
    "referer": "http://localhost:3000/",
    "accept-encoding": "gzip, deflate, br, zstd",
    "accept-language": "en-US,en;q=0.9",
    "cookie": "***REDACTED***"
  },
  "query": {}
}
[2025-09-01 11:40:44] info: {
  "method": "OPTIONS",
  "url": "/api/admin/categories/68b1db181d12cbac75813dce",
  "ip": "::1",
  "userAgent": "Mozilla/5.0 (Windows NT 10.0; Win64; x64) AppleWebKit/537.36 (KHTML, like Gecko) Chrome/139.0.0.0 Safari/537.36",
  "headers": {
    "host": "localhost:9999",
    "connection": "keep-alive",
    "accept": "*/*",
    "access-control-request-method": "DELETE",
    "origin": "http://localhost:3000",
    "user-agent": "Mozilla/5.0 (Windows NT 10.0; Win64; x64) AppleWebKit/537.36 (KHTML, like Gecko) Chrome/139.0.0.0 Safari/537.36",
    "sec-fetch-mode": "cors",
    "sec-fetch-site": "same-site",
    "sec-fetch-dest": "empty",
    "referer": "http://localhost:3000/",
    "accept-encoding": "gzip, deflate, br, zstd",
    "accept-language": "en-US,en;q=0.9"
  },
  "query": {}
}
[2025-09-01 11:40:44] info: {
  "method": "DELETE",
  "url": "/api/admin/categories/68b1db181d12cbac75813dce",
  "ip": "::1",
  "userAgent": "Mozilla/5.0 (Windows NT 10.0; Win64; x64) AppleWebKit/537.36 (KHTML, like Gecko) Chrome/139.0.0.0 Safari/537.36",
  "headers": {
    "host": "localhost:9999",
    "connection": "keep-alive",
    "sec-ch-ua-platform": "\"Windows\"",
    "user-agent": "Mozilla/5.0 (Windows NT 10.0; Win64; x64) AppleWebKit/537.36 (KHTML, like Gecko) Chrome/139.0.0.0 Safari/537.36",
    "accept": "application/json, text/plain, */*",
    "sec-ch-ua": "\"Not;A=Brand\";v=\"99\", \"Google Chrome\";v=\"139\", \"Chromium\";v=\"139\"",
    "sec-ch-ua-mobile": "?0",
    "origin": "http://localhost:3000",
    "sec-fetch-site": "same-site",
    "sec-fetch-mode": "cors",
    "sec-fetch-dest": "empty",
    "referer": "http://localhost:3000/",
    "accept-encoding": "gzip, deflate, br, zstd",
    "accept-language": "en-US,en;q=0.9",
    "cookie": "***REDACTED***"
  },
  "query": {}
}
[2025-09-01 11:40:44] info: {
  "method": "GET",
  "url": "/api/admin/categories",
  "ip": "::1",
  "userAgent": "Mozilla/5.0 (Windows NT 10.0; Win64; x64) AppleWebKit/537.36 (KHTML, like Gecko) Chrome/139.0.0.0 Safari/537.36",
  "headers": {
    "host": "localhost:9999",
    "connection": "keep-alive",
    "sec-ch-ua-platform": "\"Windows\"",
    "user-agent": "Mozilla/5.0 (Windows NT 10.0; Win64; x64) AppleWebKit/537.36 (KHTML, like Gecko) Chrome/139.0.0.0 Safari/537.36",
    "accept": "application/json, text/plain, */*",
    "sec-ch-ua": "\"Not;A=Brand\";v=\"99\", \"Google Chrome\";v=\"139\", \"Chromium\";v=\"139\"",
    "sec-ch-ua-mobile": "?0",
    "origin": "http://localhost:3000",
    "sec-fetch-site": "same-site",
    "sec-fetch-mode": "cors",
    "sec-fetch-dest": "empty",
    "referer": "http://localhost:3000/",
    "accept-encoding": "gzip, deflate, br, zstd",
    "accept-language": "en-US,en;q=0.9",
    "cookie": "***REDACTED***",
    "if-none-match": "W/\"e8f-mlR8z/VK0fspCxJi5qiO+JomXR8\""
  },
  "query": {}
}
[2025-09-01 11:40:58] info: {
  "method": "OPTIONS",
  "url": "/api/admin/categories/68b0231cdde8705956a6af90",
  "ip": "::1",
  "userAgent": "Mozilla/5.0 (Windows NT 10.0; Win64; x64) AppleWebKit/537.36 (KHTML, like Gecko) Chrome/139.0.0.0 Safari/537.36",
  "headers": {
    "host": "localhost:9999",
    "connection": "keep-alive",
    "accept": "*/*",
    "access-control-request-method": "PUT",
    "access-control-request-headers": "content-type",
    "origin": "http://localhost:3000",
    "user-agent": "Mozilla/5.0 (Windows NT 10.0; Win64; x64) AppleWebKit/537.36 (KHTML, like Gecko) Chrome/139.0.0.0 Safari/537.36",
    "sec-fetch-mode": "cors",
    "sec-fetch-site": "same-site",
    "sec-fetch-dest": "empty",
    "referer": "http://localhost:3000/",
    "accept-encoding": "gzip, deflate, br, zstd",
    "accept-language": "en-US,en;q=0.9"
  },
  "query": {}
}
[2025-09-01 11:40:58] info: {
  "method": "PUT",
  "url": "/api/admin/categories/68b0231cdde8705956a6af90",
  "ip": "::1",
  "userAgent": "Mozilla/5.0 (Windows NT 10.0; Win64; x64) AppleWebKit/537.36 (KHTML, like Gecko) Chrome/139.0.0.0 Safari/537.36",
  "headers": {
    "host": "localhost:9999",
    "connection": "keep-alive",
    "content-length": "132",
    "sec-ch-ua-platform": "\"Windows\"",
    "user-agent": "Mozilla/5.0 (Windows NT 10.0; Win64; x64) AppleWebKit/537.36 (KHTML, like Gecko) Chrome/139.0.0.0 Safari/537.36",
    "accept": "application/json, text/plain, */*",
    "sec-ch-ua": "\"Not;A=Brand\";v=\"99\", \"Google Chrome\";v=\"139\", \"Chromium\";v=\"139\"",
    "content-type": "application/json",
    "sec-ch-ua-mobile": "?0",
    "origin": "http://localhost:3000",
    "sec-fetch-site": "same-site",
    "sec-fetch-mode": "cors",
    "sec-fetch-dest": "empty",
    "referer": "http://localhost:3000/",
    "accept-encoding": "gzip, deflate, br, zstd",
    "accept-language": "en-US,en;q=0.9",
    "cookie": "***REDACTED***"
  },
  "query": {}
}
[2025-09-01 11:40:58] info: {
  "method": "GET",
  "url": "/api/admin/categories",
  "ip": "::1",
  "userAgent": "Mozilla/5.0 (Windows NT 10.0; Win64; x64) AppleWebKit/537.36 (KHTML, like Gecko) Chrome/139.0.0.0 Safari/537.36",
  "headers": {
    "host": "localhost:9999",
    "connection": "keep-alive",
    "sec-ch-ua-platform": "\"Windows\"",
    "user-agent": "Mozilla/5.0 (Windows NT 10.0; Win64; x64) AppleWebKit/537.36 (KHTML, like Gecko) Chrome/139.0.0.0 Safari/537.36",
    "accept": "application/json, text/plain, */*",
    "sec-ch-ua": "\"Not;A=Brand\";v=\"99\", \"Google Chrome\";v=\"139\", \"Chromium\";v=\"139\"",
    "sec-ch-ua-mobile": "?0",
    "origin": "http://localhost:3000",
    "sec-fetch-site": "same-site",
    "sec-fetch-mode": "cors",
    "sec-fetch-dest": "empty",
    "referer": "http://localhost:3000/",
    "accept-encoding": "gzip, deflate, br, zstd",
    "accept-language": "en-US,en;q=0.9",
    "cookie": "***REDACTED***",
    "if-none-match": "W/\"d29-gB+7vkbCSm3xxUxqRBN3qQGl82c\""
  },
  "query": {}
}
[2025-09-01 11:41:03] info: {
  "method": "OPTIONS",
  "url": "/api/admin/categories/68b03ef22c9253350106ab88",
  "ip": "::1",
  "userAgent": "Mozilla/5.0 (Windows NT 10.0; Win64; x64) AppleWebKit/537.36 (KHTML, like Gecko) Chrome/139.0.0.0 Safari/537.36",
  "headers": {
    "host": "localhost:9999",
    "connection": "keep-alive",
    "accept": "*/*",
    "access-control-request-method": "DELETE",
    "origin": "http://localhost:3000",
    "user-agent": "Mozilla/5.0 (Windows NT 10.0; Win64; x64) AppleWebKit/537.36 (KHTML, like Gecko) Chrome/139.0.0.0 Safari/537.36",
    "sec-fetch-mode": "cors",
    "sec-fetch-site": "same-site",
    "sec-fetch-dest": "empty",
    "referer": "http://localhost:3000/",
    "accept-encoding": "gzip, deflate, br, zstd",
    "accept-language": "en-US,en;q=0.9"
  },
  "query": {}
}
[2025-09-01 11:41:03] info: {
  "method": "DELETE",
  "url": "/api/admin/categories/68b03ef22c9253350106ab88",
  "ip": "::1",
  "userAgent": "Mozilla/5.0 (Windows NT 10.0; Win64; x64) AppleWebKit/537.36 (KHTML, like Gecko) Chrome/139.0.0.0 Safari/537.36",
  "headers": {
    "host": "localhost:9999",
    "connection": "keep-alive",
    "sec-ch-ua-platform": "\"Windows\"",
    "user-agent": "Mozilla/5.0 (Windows NT 10.0; Win64; x64) AppleWebKit/537.36 (KHTML, like Gecko) Chrome/139.0.0.0 Safari/537.36",
    "accept": "application/json, text/plain, */*",
    "sec-ch-ua": "\"Not;A=Brand\";v=\"99\", \"Google Chrome\";v=\"139\", \"Chromium\";v=\"139\"",
    "sec-ch-ua-mobile": "?0",
    "origin": "http://localhost:3000",
    "sec-fetch-site": "same-site",
    "sec-fetch-mode": "cors",
    "sec-fetch-dest": "empty",
    "referer": "http://localhost:3000/",
    "accept-encoding": "gzip, deflate, br, zstd",
    "accept-language": "en-US,en;q=0.9",
    "cookie": "***REDACTED***"
  },
  "query": {}
}
[2025-09-01 11:41:03] info: {
  "method": "GET",
  "url": "/api/admin/categories",
  "ip": "::1",
  "userAgent": "Mozilla/5.0 (Windows NT 10.0; Win64; x64) AppleWebKit/537.36 (KHTML, like Gecko) Chrome/139.0.0.0 Safari/537.36",
  "headers": {
    "host": "localhost:9999",
    "connection": "keep-alive",
    "sec-ch-ua-platform": "\"Windows\"",
    "user-agent": "Mozilla/5.0 (Windows NT 10.0; Win64; x64) AppleWebKit/537.36 (KHTML, like Gecko) Chrome/139.0.0.0 Safari/537.36",
    "accept": "application/json, text/plain, */*",
    "sec-ch-ua": "\"Not;A=Brand\";v=\"99\", \"Google Chrome\";v=\"139\", \"Chromium\";v=\"139\"",
    "sec-ch-ua-mobile": "?0",
    "origin": "http://localhost:3000",
    "sec-fetch-site": "same-site",
    "sec-fetch-mode": "cors",
    "sec-fetch-dest": "empty",
    "referer": "http://localhost:3000/",
    "accept-encoding": "gzip, deflate, br, zstd",
    "accept-language": "en-US,en;q=0.9",
    "cookie": "***REDACTED***",
    "if-none-match": "W/\"d46-mhetDc/9n4WoS+jQ1AK7GKDYvUE\""
  },
  "query": {}
}
[2025-09-01 11:41:06] info: {
  "method": "OPTIONS",
  "url": "/api/admin/categories/68b1609231a3a16ab727272c",
  "ip": "::1",
  "userAgent": "Mozilla/5.0 (Windows NT 10.0; Win64; x64) AppleWebKit/537.36 (KHTML, like Gecko) Chrome/139.0.0.0 Safari/537.36",
  "headers": {
    "host": "localhost:9999",
    "connection": "keep-alive",
    "accept": "*/*",
    "access-control-request-method": "DELETE",
    "origin": "http://localhost:3000",
    "user-agent": "Mozilla/5.0 (Windows NT 10.0; Win64; x64) AppleWebKit/537.36 (KHTML, like Gecko) Chrome/139.0.0.0 Safari/537.36",
    "sec-fetch-mode": "cors",
    "sec-fetch-site": "same-site",
    "sec-fetch-dest": "empty",
    "referer": "http://localhost:3000/",
    "accept-encoding": "gzip, deflate, br, zstd",
    "accept-language": "en-US,en;q=0.9"
  },
  "query": {}
}
[2025-09-01 11:41:06] info: {
  "method": "DELETE",
  "url": "/api/admin/categories/68b1609231a3a16ab727272c",
  "ip": "::1",
  "userAgent": "Mozilla/5.0 (Windows NT 10.0; Win64; x64) AppleWebKit/537.36 (KHTML, like Gecko) Chrome/139.0.0.0 Safari/537.36",
  "headers": {
    "host": "localhost:9999",
    "connection": "keep-alive",
    "sec-ch-ua-platform": "\"Windows\"",
    "user-agent": "Mozilla/5.0 (Windows NT 10.0; Win64; x64) AppleWebKit/537.36 (KHTML, like Gecko) Chrome/139.0.0.0 Safari/537.36",
    "accept": "application/json, text/plain, */*",
    "sec-ch-ua": "\"Not;A=Brand\";v=\"99\", \"Google Chrome\";v=\"139\", \"Chromium\";v=\"139\"",
    "sec-ch-ua-mobile": "?0",
    "origin": "http://localhost:3000",
    "sec-fetch-site": "same-site",
    "sec-fetch-mode": "cors",
    "sec-fetch-dest": "empty",
    "referer": "http://localhost:3000/",
    "accept-encoding": "gzip, deflate, br, zstd",
    "accept-language": "en-US,en;q=0.9",
    "cookie": "***REDACTED***"
  },
  "query": {}
}
[2025-09-01 11:41:06] info: {
  "method": "GET",
  "url": "/api/admin/categories",
  "ip": "::1",
  "userAgent": "Mozilla/5.0 (Windows NT 10.0; Win64; x64) AppleWebKit/537.36 (KHTML, like Gecko) Chrome/139.0.0.0 Safari/537.36",
  "headers": {
    "host": "localhost:9999",
    "connection": "keep-alive",
    "sec-ch-ua-platform": "\"Windows\"",
    "user-agent": "Mozilla/5.0 (Windows NT 10.0; Win64; x64) AppleWebKit/537.36 (KHTML, like Gecko) Chrome/139.0.0.0 Safari/537.36",
    "accept": "application/json, text/plain, */*",
    "sec-ch-ua": "\"Not;A=Brand\";v=\"99\", \"Google Chrome\";v=\"139\", \"Chromium\";v=\"139\"",
    "sec-ch-ua-mobile": "?0",
    "origin": "http://localhost:3000",
    "sec-fetch-site": "same-site",
    "sec-fetch-mode": "cors",
    "sec-fetch-dest": "empty",
    "referer": "http://localhost:3000/",
    "accept-encoding": "gzip, deflate, br, zstd",
    "accept-language": "en-US,en;q=0.9",
    "cookie": "***REDACTED***",
    "if-none-match": "W/\"c32-rhP2++VArXdp54yGK/9s4JdEoFY\""
  },
  "query": {}
}
[2025-09-01 12:52:56] info: {
  "method": "GET",
  "url": "/api/user-details",
  "ip": "::1",
  "userAgent": "Mozilla/5.0 (Windows NT 10.0; Win64; x64) AppleWebKit/537.36 (KHTML, like Gecko) Chrome/139.0.0.0 Safari/537.36",
  "headers": {
    "host": "localhost:9999",
    "connection": "keep-alive",
    "sec-ch-ua-platform": "\"Windows\"",
    "user-agent": "Mozilla/5.0 (Windows NT 10.0; Win64; x64) AppleWebKit/537.36 (KHTML, like Gecko) Chrome/139.0.0.0 Safari/537.36",
    "accept": "application/json, text/plain, */*",
    "sec-ch-ua": "\"Not;A=Brand\";v=\"99\", \"Google Chrome\";v=\"139\", \"Chromium\";v=\"139\"",
    "sec-ch-ua-mobile": "?0",
    "origin": "http://localhost:3000",
    "sec-fetch-site": "same-site",
    "sec-fetch-mode": "cors",
    "sec-fetch-dest": "empty",
    "referer": "http://localhost:3000/",
    "accept-encoding": "gzip, deflate, br, zstd",
    "accept-language": "en-US,en;q=0.9",
    "cookie": "***REDACTED***",
    "if-none-match": "W/\"143-Kupxt3BNr8PmyuAiAyt4HTpCxAM\""
  },
  "query": {}
}
[2025-09-01 12:52:56] info: {
  "method": "GET",
  "url": "/api/admin/categories",
  "ip": "::1",
  "userAgent": "Mozilla/5.0 (Windows NT 10.0; Win64; x64) AppleWebKit/537.36 (KHTML, like Gecko) Chrome/139.0.0.0 Safari/537.36",
  "headers": {
    "host": "localhost:9999",
    "connection": "keep-alive",
    "sec-ch-ua-platform": "\"Windows\"",
    "user-agent": "Mozilla/5.0 (Windows NT 10.0; Win64; x64) AppleWebKit/537.36 (KHTML, like Gecko) Chrome/139.0.0.0 Safari/537.36",
    "accept": "application/json, text/plain, */*",
    "sec-ch-ua": "\"Not;A=Brand\";v=\"99\", \"Google Chrome\";v=\"139\", \"Chromium\";v=\"139\"",
    "sec-ch-ua-mobile": "?0",
    "origin": "http://localhost:3000",
    "sec-fetch-site": "same-site",
    "sec-fetch-mode": "cors",
    "sec-fetch-dest": "empty",
    "referer": "http://localhost:3000/",
    "accept-encoding": "gzip, deflate, br, zstd",
    "accept-language": "en-US,en;q=0.9",
    "cookie": "***REDACTED***",
    "if-none-match": "W/\"b17-ta39MVXpoQOPRt+DuY4pVSwZk5E\""
  },
  "query": {}
}
[2025-09-01 12:52:56] info: {
  "method": "GET",
  "url": "/api/admin/categories",
  "ip": "::1",
  "userAgent": "Mozilla/5.0 (Windows NT 10.0; Win64; x64) AppleWebKit/537.36 (KHTML, like Gecko) Chrome/139.0.0.0 Safari/537.36",
  "headers": {
    "host": "localhost:9999",
    "connection": "keep-alive",
    "sec-ch-ua-platform": "\"Windows\"",
    "user-agent": "Mozilla/5.0 (Windows NT 10.0; Win64; x64) AppleWebKit/537.36 (KHTML, like Gecko) Chrome/139.0.0.0 Safari/537.36",
    "accept": "application/json, text/plain, */*",
    "sec-ch-ua": "\"Not;A=Brand\";v=\"99\", \"Google Chrome\";v=\"139\", \"Chromium\";v=\"139\"",
    "sec-ch-ua-mobile": "?0",
    "origin": "http://localhost:3000",
    "sec-fetch-site": "same-site",
    "sec-fetch-mode": "cors",
    "sec-fetch-dest": "empty",
    "referer": "http://localhost:3000/",
    "accept-encoding": "gzip, deflate, br, zstd",
    "accept-language": "en-US,en;q=0.9",
    "cookie": "***REDACTED***",
    "if-none-match": "W/\"b17-ta39MVXpoQOPRt+DuY4pVSwZk5E\""
  },
  "query": {}
}
[2025-09-01 13:37:26] info: {
  "method": "GET",
  "url": "/api/user-details",
  "ip": "::1",
  "userAgent": "Mozilla/5.0 (Windows NT 10.0; Win64; x64) AppleWebKit/537.36 (KHTML, like Gecko) Chrome/139.0.0.0 Safari/537.36",
  "headers": {
    "host": "localhost:9999",
    "connection": "keep-alive",
    "sec-ch-ua-platform": "\"Windows\"",
    "user-agent": "Mozilla/5.0 (Windows NT 10.0; Win64; x64) AppleWebKit/537.36 (KHTML, like Gecko) Chrome/139.0.0.0 Safari/537.36",
    "accept": "application/json, text/plain, */*",
    "sec-ch-ua": "\"Not;A=Brand\";v=\"99\", \"Google Chrome\";v=\"139\", \"Chromium\";v=\"139\"",
    "sec-ch-ua-mobile": "?0",
    "origin": "http://localhost:3000",
    "sec-fetch-site": "same-site",
    "sec-fetch-mode": "cors",
    "sec-fetch-dest": "empty",
    "referer": "http://localhost:3000/",
    "accept-encoding": "gzip, deflate, br, zstd",
    "accept-language": "en-US,en;q=0.9",
    "cookie": "***REDACTED***",
    "if-none-match": "W/\"143-Kupxt3BNr8PmyuAiAyt4HTpCxAM\""
  },
  "query": {}
}
[2025-09-01 13:37:26] info: {
  "method": "GET",
  "url": "/api/admin/categories",
  "ip": "::1",
  "userAgent": "Mozilla/5.0 (Windows NT 10.0; Win64; x64) AppleWebKit/537.36 (KHTML, like Gecko) Chrome/139.0.0.0 Safari/537.36",
  "headers": {
    "host": "localhost:9999",
    "connection": "keep-alive",
    "sec-ch-ua-platform": "\"Windows\"",
    "user-agent": "Mozilla/5.0 (Windows NT 10.0; Win64; x64) AppleWebKit/537.36 (KHTML, like Gecko) Chrome/139.0.0.0 Safari/537.36",
    "accept": "application/json, text/plain, */*",
    "sec-ch-ua": "\"Not;A=Brand\";v=\"99\", \"Google Chrome\";v=\"139\", \"Chromium\";v=\"139\"",
    "sec-ch-ua-mobile": "?0",
    "origin": "http://localhost:3000",
    "sec-fetch-site": "same-site",
    "sec-fetch-mode": "cors",
    "sec-fetch-dest": "empty",
    "referer": "http://localhost:3000/",
    "accept-encoding": "gzip, deflate, br, zstd",
    "accept-language": "en-US,en;q=0.9",
    "cookie": "***REDACTED***",
    "if-none-match": "W/\"b17-ta39MVXpoQOPRt+DuY4pVSwZk5E\""
  },
  "query": {}
}
[2025-09-01 13:37:26] info: {
  "method": "GET",
  "url": "/api/admin/categories",
  "ip": "::1",
  "userAgent": "Mozilla/5.0 (Windows NT 10.0; Win64; x64) AppleWebKit/537.36 (KHTML, like Gecko) Chrome/139.0.0.0 Safari/537.36",
  "headers": {
    "host": "localhost:9999",
    "connection": "keep-alive",
    "sec-ch-ua-platform": "\"Windows\"",
    "user-agent": "Mozilla/5.0 (Windows NT 10.0; Win64; x64) AppleWebKit/537.36 (KHTML, like Gecko) Chrome/139.0.0.0 Safari/537.36",
    "accept": "application/json, text/plain, */*",
    "sec-ch-ua": "\"Not;A=Brand\";v=\"99\", \"Google Chrome\";v=\"139\", \"Chromium\";v=\"139\"",
    "sec-ch-ua-mobile": "?0",
    "origin": "http://localhost:3000",
    "sec-fetch-site": "same-site",
    "sec-fetch-mode": "cors",
    "sec-fetch-dest": "empty",
    "referer": "http://localhost:3000/",
    "accept-encoding": "gzip, deflate, br, zstd",
    "accept-language": "en-US,en;q=0.9",
    "cookie": "***REDACTED***",
    "if-none-match": "W/\"b17-ta39MVXpoQOPRt+DuY4pVSwZk5E\""
  },
  "query": {}
}
[2025-09-01 13:42:34] info: {
  "method": "GET",
  "url": "/api/admin/all-users?page=1&limit=10",
  "ip": "::1",
  "userAgent": "Mozilla/5.0 (Linux; Android 6.0; Nexus 5 Build/MRA58N) AppleWebKit/537.36 (KHTML, like Gecko) Chrome/139.0.0.0 Mobile Safari/537.36",
  "headers": {
    "host": "localhost:9999",
    "connection": "keep-alive",
    "pragma": "no-cache",
    "cache-control": "no-cache",
    "sec-ch-ua-platform": "\"Android\"",
    "user-agent": "Mozilla/5.0 (Linux; Android 6.0; Nexus 5 Build/MRA58N) AppleWebKit/537.36 (KHTML, like Gecko) Chrome/139.0.0.0 Mobile Safari/537.36",
    "accept": "application/json, text/plain, */*",
    "sec-ch-ua": "\"Not;A=Brand\";v=\"99\", \"Google Chrome\";v=\"139\", \"Chromium\";v=\"139\"",
    "sec-ch-ua-mobile": "?1",
    "origin": "http://localhost:3000",
    "sec-fetch-site": "same-site",
    "sec-fetch-mode": "cors",
    "sec-fetch-dest": "empty",
    "referer": "http://localhost:3000/",
    "accept-encoding": "gzip, deflate, br, zstd",
    "accept-language": "en-US,en;q=0.9",
    "cookie": "***REDACTED***"
  },
  "query": {
    "page": "1",
    "limit": "10"
  }
}
[2025-09-01 13:42:34] info: {
  "method": "GET",
  "url": "/api/admin/all-users?page=1&limit=10",
  "ip": "::1",
  "userAgent": "Mozilla/5.0 (Linux; Android 6.0; Nexus 5 Build/MRA58N) AppleWebKit/537.36 (KHTML, like Gecko) Chrome/139.0.0.0 Mobile Safari/537.36",
  "headers": {
    "host": "localhost:9999",
    "connection": "keep-alive",
    "pragma": "no-cache",
    "cache-control": "no-cache",
    "sec-ch-ua-platform": "\"Android\"",
    "user-agent": "Mozilla/5.0 (Linux; Android 6.0; Nexus 5 Build/MRA58N) AppleWebKit/537.36 (KHTML, like Gecko) Chrome/139.0.0.0 Mobile Safari/537.36",
    "accept": "application/json, text/plain, */*",
    "sec-ch-ua": "\"Not;A=Brand\";v=\"99\", \"Google Chrome\";v=\"139\", \"Chromium\";v=\"139\"",
    "sec-ch-ua-mobile": "?1",
    "origin": "http://localhost:3000",
    "sec-fetch-site": "same-site",
    "sec-fetch-mode": "cors",
    "sec-fetch-dest": "empty",
    "referer": "http://localhost:3000/",
    "accept-encoding": "gzip, deflate, br, zstd",
    "accept-language": "en-US,en;q=0.9",
    "cookie": "***REDACTED***"
  },
  "query": {
    "page": "1",
    "limit": "10"
  }
}
[2025-09-01 13:43:15] info: {
  "method": "GET",
  "url": "/api/admin/categories",
  "ip": "::1",
  "userAgent": "Mozilla/5.0 (Linux; Android 6.0; Nexus 5 Build/MRA58N) AppleWebKit/537.36 (KHTML, like Gecko) Chrome/139.0.0.0 Mobile Safari/537.36",
  "headers": {
    "host": "localhost:9999",
    "connection": "keep-alive",
    "pragma": "no-cache",
    "cache-control": "no-cache",
    "sec-ch-ua-platform": "\"Android\"",
    "user-agent": "Mozilla/5.0 (Linux; Android 6.0; Nexus 5 Build/MRA58N) AppleWebKit/537.36 (KHTML, like Gecko) Chrome/139.0.0.0 Mobile Safari/537.36",
    "accept": "application/json, text/plain, */*",
    "sec-ch-ua": "\"Not;A=Brand\";v=\"99\", \"Google Chrome\";v=\"139\", \"Chromium\";v=\"139\"",
    "sec-ch-ua-mobile": "?1",
    "origin": "http://localhost:3000",
    "sec-fetch-site": "same-site",
    "sec-fetch-mode": "cors",
    "sec-fetch-dest": "empty",
    "referer": "http://localhost:3000/",
    "accept-encoding": "gzip, deflate, br, zstd",
    "accept-language": "en-US,en;q=0.9",
    "cookie": "***REDACTED***"
  },
  "query": {}
}
[2025-09-01 13:43:15] info: {
  "method": "GET",
  "url": "/api/admin/categories",
  "ip": "::1",
  "userAgent": "Mozilla/5.0 (Linux; Android 6.0; Nexus 5 Build/MRA58N) AppleWebKit/537.36 (KHTML, like Gecko) Chrome/139.0.0.0 Mobile Safari/537.36",
  "headers": {
    "host": "localhost:9999",
    "connection": "keep-alive",
    "pragma": "no-cache",
    "cache-control": "no-cache",
    "sec-ch-ua-platform": "\"Android\"",
    "user-agent": "Mozilla/5.0 (Linux; Android 6.0; Nexus 5 Build/MRA58N) AppleWebKit/537.36 (KHTML, like Gecko) Chrome/139.0.0.0 Mobile Safari/537.36",
    "accept": "application/json, text/plain, */*",
    "sec-ch-ua": "\"Not;A=Brand\";v=\"99\", \"Google Chrome\";v=\"139\", \"Chromium\";v=\"139\"",
    "sec-ch-ua-mobile": "?1",
    "origin": "http://localhost:3000",
    "sec-fetch-site": "same-site",
    "sec-fetch-mode": "cors",
    "sec-fetch-dest": "empty",
    "referer": "http://localhost:3000/",
    "accept-encoding": "gzip, deflate, br, zstd",
    "accept-language": "en-US,en;q=0.9",
    "cookie": "***REDACTED***"
  },
  "query": {}
}
[2025-09-01 13:45:32] info: {
  "method": "GET",
  "url": "/api/user-details",
  "ip": "::1",
  "userAgent": "Mozilla/5.0 (Linux; Android 6.0; Nexus 5 Build/MRA58N) AppleWebKit/537.36 (KHTML, like Gecko) Chrome/139.0.0.0 Mobile Safari/537.36",
  "headers": {
    "host": "localhost:9999",
    "connection": "keep-alive",
    "pragma": "no-cache",
    "cache-control": "no-cache",
    "sec-ch-ua-platform": "\"Android\"",
    "user-agent": "Mozilla/5.0 (Linux; Android 6.0; Nexus 5 Build/MRA58N) AppleWebKit/537.36 (KHTML, like Gecko) Chrome/139.0.0.0 Mobile Safari/537.36",
    "accept": "application/json, text/plain, */*",
    "sec-ch-ua": "\"Not;A=Brand\";v=\"99\", \"Google Chrome\";v=\"139\", \"Chromium\";v=\"139\"",
    "sec-ch-ua-mobile": "?1",
    "origin": "http://localhost:3000",
    "sec-fetch-site": "same-site",
    "sec-fetch-mode": "cors",
    "sec-fetch-dest": "empty",
    "referer": "http://localhost:3000/",
    "accept-encoding": "gzip, deflate, br, zstd",
    "accept-language": "en-US,en;q=0.9",
    "cookie": "***REDACTED***"
  },
  "query": {}
}
[2025-09-01 13:45:32] info: {
  "method": "GET",
  "url": "/api/admin/categories",
  "ip": "::1",
  "userAgent": "Mozilla/5.0 (Linux; Android 6.0; Nexus 5 Build/MRA58N) AppleWebKit/537.36 (KHTML, like Gecko) Chrome/139.0.0.0 Mobile Safari/537.36",
  "headers": {
    "host": "localhost:9999",
    "connection": "keep-alive",
    "pragma": "no-cache",
    "cache-control": "no-cache",
    "sec-ch-ua-platform": "\"Android\"",
    "user-agent": "Mozilla/5.0 (Linux; Android 6.0; Nexus 5 Build/MRA58N) AppleWebKit/537.36 (KHTML, like Gecko) Chrome/139.0.0.0 Mobile Safari/537.36",
    "accept": "application/json, text/plain, */*",
    "sec-ch-ua": "\"Not;A=Brand\";v=\"99\", \"Google Chrome\";v=\"139\", \"Chromium\";v=\"139\"",
    "sec-ch-ua-mobile": "?1",
    "origin": "http://localhost:3000",
    "sec-fetch-site": "same-site",
    "sec-fetch-mode": "cors",
    "sec-fetch-dest": "empty",
    "referer": "http://localhost:3000/",
    "accept-encoding": "gzip, deflate, br, zstd",
    "accept-language": "en-US,en;q=0.9",
    "cookie": "***REDACTED***"
  },
  "query": {}
}
[2025-09-01 13:45:32] info: {
  "method": "GET",
  "url": "/api/admin/categories",
  "ip": "::1",
  "userAgent": "Mozilla/5.0 (Linux; Android 6.0; Nexus 5 Build/MRA58N) AppleWebKit/537.36 (KHTML, like Gecko) Chrome/139.0.0.0 Mobile Safari/537.36",
  "headers": {
    "host": "localhost:9999",
    "connection": "keep-alive",
    "pragma": "no-cache",
    "cache-control": "no-cache",
    "sec-ch-ua-platform": "\"Android\"",
    "user-agent": "Mozilla/5.0 (Linux; Android 6.0; Nexus 5 Build/MRA58N) AppleWebKit/537.36 (KHTML, like Gecko) Chrome/139.0.0.0 Mobile Safari/537.36",
    "accept": "application/json, text/plain, */*",
    "sec-ch-ua": "\"Not;A=Brand\";v=\"99\", \"Google Chrome\";v=\"139\", \"Chromium\";v=\"139\"",
    "sec-ch-ua-mobile": "?1",
    "origin": "http://localhost:3000",
    "sec-fetch-site": "same-site",
    "sec-fetch-mode": "cors",
    "sec-fetch-dest": "empty",
    "referer": "http://localhost:3000/",
    "accept-encoding": "gzip, deflate, br, zstd",
    "accept-language": "en-US,en;q=0.9",
    "cookie": "***REDACTED***"
  },
  "query": {}
}
[2025-09-01 22:12:57] info: {
  "method": "GET",
  "url": "/api/user-details",
  "ip": "::1",
  "userAgent": "Mozilla/5.0 (Windows NT 10.0; Win64; x64) AppleWebKit/537.36 (KHTML, like Gecko) Chrome/139.0.0.0 Safari/537.36",
  "headers": {
    "host": "localhost:9999",
    "connection": "keep-alive",
    "sec-ch-ua-platform": "\"Windows\"",
    "user-agent": "Mozilla/5.0 (Windows NT 10.0; Win64; x64) AppleWebKit/537.36 (KHTML, like Gecko) Chrome/139.0.0.0 Safari/537.36",
    "accept": "application/json, text/plain, */*",
    "sec-ch-ua": "\"Not;A=Brand\";v=\"99\", \"Google Chrome\";v=\"139\", \"Chromium\";v=\"139\"",
    "sec-ch-ua-mobile": "?0",
    "origin": "http://localhost:3000",
    "sec-fetch-site": "same-site",
    "sec-fetch-mode": "cors",
    "sec-fetch-dest": "empty",
    "referer": "http://localhost:3000/",
    "accept-encoding": "gzip, deflate, br, zstd",
    "accept-language": "en-US,en;q=0.9"
  },
  "query": {}
}
[2025-09-01 22:12:57] info: {
  "method": "GET",
  "url": "/api/user-details",
  "ip": "::1",
  "userAgent": "Mozilla/5.0 (Windows NT 10.0; Win64; x64) AppleWebKit/537.36 (KHTML, like Gecko) Chrome/139.0.0.0 Safari/537.36",
  "headers": {
    "host": "localhost:9999",
    "connection": "keep-alive",
    "sec-ch-ua-platform": "\"Windows\"",
    "user-agent": "Mozilla/5.0 (Windows NT 10.0; Win64; x64) AppleWebKit/537.36 (KHTML, like Gecko) Chrome/139.0.0.0 Safari/537.36",
    "accept": "application/json, text/plain, */*",
    "sec-ch-ua": "\"Not;A=Brand\";v=\"99\", \"Google Chrome\";v=\"139\", \"Chromium\";v=\"139\"",
    "sec-ch-ua-mobile": "?0",
    "origin": "http://localhost:3000",
    "sec-fetch-site": "same-site",
    "sec-fetch-mode": "cors",
    "sec-fetch-dest": "empty",
    "referer": "http://localhost:3000/",
    "accept-encoding": "gzip, deflate, br, zstd",
    "accept-language": "en-US,en;q=0.9,fa;q=0.8"
  },
  "query": {}
}
[2025-09-01 22:13:54] info: {
  "method": "OPTIONS",
  "url": "/api/login",
  "ip": "::1",
  "userAgent": "Mozilla/5.0 (Windows NT 10.0; Win64; x64) AppleWebKit/537.36 (KHTML, like Gecko) Chrome/139.0.0.0 Safari/537.36",
  "headers": {
    "host": "localhost:9999",
    "connection": "keep-alive",
    "accept": "*/*",
    "access-control-request-method": "POST",
    "access-control-request-headers": "content-type",
    "origin": "http://localhost:3000",
    "user-agent": "Mozilla/5.0 (Windows NT 10.0; Win64; x64) AppleWebKit/537.36 (KHTML, like Gecko) Chrome/139.0.0.0 Safari/537.36",
    "sec-fetch-mode": "cors",
    "sec-fetch-site": "same-site",
    "sec-fetch-dest": "empty",
    "referer": "http://localhost:3000/",
    "accept-encoding": "gzip, deflate, br, zstd",
    "accept-language": "en-US,en;q=0.9"
  },
  "query": {}
}
[2025-09-01 22:13:54] info: {
  "method": "POST",
  "url": "/api/login",
  "ip": "::1",
  "userAgent": "Mozilla/5.0 (Windows NT 10.0; Win64; x64) AppleWebKit/537.36 (KHTML, like Gecko) Chrome/139.0.0.0 Safari/537.36",
  "headers": {
    "host": "localhost:9999",
    "connection": "keep-alive",
    "content-length": "70",
    "sec-ch-ua-platform": "\"Windows\"",
    "user-agent": "Mozilla/5.0 (Windows NT 10.0; Win64; x64) AppleWebKit/537.36 (KHTML, like Gecko) Chrome/139.0.0.0 Safari/537.36",
    "accept": "application/json, text/plain, */*",
    "sec-ch-ua": "\"Not;A=Brand\";v=\"99\", \"Google Chrome\";v=\"139\", \"Chromium\";v=\"139\"",
    "content-type": "application/json",
    "sec-ch-ua-mobile": "?0",
    "origin": "http://localhost:3000",
    "sec-fetch-site": "same-site",
    "sec-fetch-mode": "cors",
    "sec-fetch-dest": "empty",
    "referer": "http://localhost:3000/",
    "accept-encoding": "gzip, deflate, br, zstd",
    "accept-language": "en-US,en;q=0.9"
  },
  "query": {}
}
[2025-09-01 22:13:57] info: {
  "method": "GET",
  "url": "/api/user-details",
  "ip": "::1",
  "userAgent": "Mozilla/5.0 (Windows NT 10.0; Win64; x64) AppleWebKit/537.36 (KHTML, like Gecko) Chrome/139.0.0.0 Safari/537.36",
  "headers": {
    "host": "localhost:9999",
    "connection": "keep-alive",
    "sec-ch-ua-platform": "\"Windows\"",
    "user-agent": "Mozilla/5.0 (Windows NT 10.0; Win64; x64) AppleWebKit/537.36 (KHTML, like Gecko) Chrome/139.0.0.0 Safari/537.36",
    "accept": "application/json, text/plain, */*",
    "sec-ch-ua": "\"Not;A=Brand\";v=\"99\", \"Google Chrome\";v=\"139\", \"Chromium\";v=\"139\"",
    "sec-ch-ua-mobile": "?0",
    "origin": "http://localhost:3000",
    "sec-fetch-site": "same-site",
    "sec-fetch-mode": "cors",
    "sec-fetch-dest": "empty",
    "referer": "http://localhost:3000/",
    "accept-encoding": "gzip, deflate, br, zstd",
    "accept-language": "en-US,en;q=0.9",
    "cookie": "***REDACTED***",
    "if-none-match": "W/\"75-eEE7q+DcizBHlMNgZits3bWQuHs\""
  },
  "query": {}
}
[2025-09-01 22:14:04] info: {
  "method": "GET",
  "url": "/api/admin/categories",
  "ip": "::1",
  "userAgent": "Mozilla/5.0 (Windows NT 10.0; Win64; x64) AppleWebKit/537.36 (KHTML, like Gecko) Chrome/139.0.0.0 Safari/537.36",
  "headers": {
    "host": "localhost:9999",
    "connection": "keep-alive",
    "sec-ch-ua-platform": "\"Windows\"",
    "user-agent": "Mozilla/5.0 (Windows NT 10.0; Win64; x64) AppleWebKit/537.36 (KHTML, like Gecko) Chrome/139.0.0.0 Safari/537.36",
    "accept": "application/json, text/plain, */*",
    "sec-ch-ua": "\"Not;A=Brand\";v=\"99\", \"Google Chrome\";v=\"139\", \"Chromium\";v=\"139\"",
    "sec-ch-ua-mobile": "?0",
    "origin": "http://localhost:3000",
    "sec-fetch-site": "same-site",
    "sec-fetch-mode": "cors",
    "sec-fetch-dest": "empty",
    "referer": "http://localhost:3000/",
    "accept-encoding": "gzip, deflate, br, zstd",
    "accept-language": "en-US,en;q=0.9",
    "cookie": "***REDACTED***"
  },
  "query": {}
}
[2025-09-01 22:14:04] info: {
  "method": "GET",
  "url": "/api/admin/categories",
  "ip": "::1",
  "userAgent": "Mozilla/5.0 (Windows NT 10.0; Win64; x64) AppleWebKit/537.36 (KHTML, like Gecko) Chrome/139.0.0.0 Safari/537.36",
  "headers": {
    "host": "localhost:9999",
    "connection": "keep-alive",
    "sec-ch-ua-platform": "\"Windows\"",
    "user-agent": "Mozilla/5.0 (Windows NT 10.0; Win64; x64) AppleWebKit/537.36 (KHTML, like Gecko) Chrome/139.0.0.0 Safari/537.36",
    "accept": "application/json, text/plain, */*",
    "sec-ch-ua": "\"Not;A=Brand\";v=\"99\", \"Google Chrome\";v=\"139\", \"Chromium\";v=\"139\"",
    "sec-ch-ua-mobile": "?0",
    "origin": "http://localhost:3000",
    "sec-fetch-site": "same-site",
    "sec-fetch-mode": "cors",
    "sec-fetch-dest": "empty",
    "referer": "http://localhost:3000/",
    "accept-encoding": "gzip, deflate, br, zstd",
    "accept-language": "en-US,en;q=0.9",
    "cookie": "***REDACTED***",
    "if-none-match": "W/\"b17-ta39MVXpoQOPRt+DuY4pVSwZk5E\""
  },
  "query": {}
}
[2025-09-01 22:24:40] info: {
  "method": "GET",
  "url": "/api/admin/categories",
  "ip": "::1",
  "userAgent": "Mozilla/5.0 (Windows NT 10.0; Win64; x64) AppleWebKit/537.36 (KHTML, like Gecko) Chrome/139.0.0.0 Safari/537.36",
  "headers": {
    "host": "localhost:9999",
    "connection": "keep-alive",
    "sec-ch-ua-platform": "\"Windows\"",
    "user-agent": "Mozilla/5.0 (Windows NT 10.0; Win64; x64) AppleWebKit/537.36 (KHTML, like Gecko) Chrome/139.0.0.0 Safari/537.36",
    "accept": "application/json, text/plain, */*",
    "sec-ch-ua": "\"Not;A=Brand\";v=\"99\", \"Google Chrome\";v=\"139\", \"Chromium\";v=\"139\"",
    "sec-ch-ua-mobile": "?0",
    "origin": "http://localhost:3000",
    "sec-fetch-site": "same-site",
    "sec-fetch-mode": "cors",
    "sec-fetch-dest": "empty",
    "referer": "http://localhost:3000/",
    "accept-encoding": "gzip, deflate, br, zstd",
    "accept-language": "en-US,en;q=0.9",
    "cookie": "***REDACTED***",
    "if-none-match": "W/\"b17-ta39MVXpoQOPRt+DuY4pVSwZk5E\""
  },
  "query": {}
}
[2025-09-01 22:24:46] info: {
  "method": "GET",
  "url": "/api/user-details",
  "ip": "::1",
  "userAgent": "Mozilla/5.0 (Windows NT 10.0; Win64; x64) AppleWebKit/537.36 (KHTML, like Gecko) Chrome/139.0.0.0 Safari/537.36",
  "headers": {
    "host": "localhost:9999",
    "connection": "keep-alive",
    "sec-ch-ua-platform": "\"Windows\"",
    "user-agent": "Mozilla/5.0 (Windows NT 10.0; Win64; x64) AppleWebKit/537.36 (KHTML, like Gecko) Chrome/139.0.0.0 Safari/537.36",
    "accept": "application/json, text/plain, */*",
    "sec-ch-ua": "\"Not;A=Brand\";v=\"99\", \"Google Chrome\";v=\"139\", \"Chromium\";v=\"139\"",
    "sec-ch-ua-mobile": "?0",
    "origin": "http://localhost:3000",
    "sec-fetch-site": "same-site",
    "sec-fetch-mode": "cors",
    "sec-fetch-dest": "empty",
    "referer": "http://localhost:3000/",
    "accept-encoding": "gzip, deflate, br, zstd",
    "accept-language": "en-US,en;q=0.9",
    "cookie": "***REDACTED***",
    "if-none-match": "W/\"143-Kupxt3BNr8PmyuAiAyt4HTpCxAM\""
  },
  "query": {}
}
[2025-09-01 22:24:46] info: {
  "method": "GET",
  "url": "/api/admin/categories",
  "ip": "::1",
  "userAgent": "Mozilla/5.0 (Windows NT 10.0; Win64; x64) AppleWebKit/537.36 (KHTML, like Gecko) Chrome/139.0.0.0 Safari/537.36",
  "headers": {
    "host": "localhost:9999",
    "connection": "keep-alive",
    "sec-ch-ua-platform": "\"Windows\"",
    "user-agent": "Mozilla/5.0 (Windows NT 10.0; Win64; x64) AppleWebKit/537.36 (KHTML, like Gecko) Chrome/139.0.0.0 Safari/537.36",
    "accept": "application/json, text/plain, */*",
    "sec-ch-ua": "\"Not;A=Brand\";v=\"99\", \"Google Chrome\";v=\"139\", \"Chromium\";v=\"139\"",
    "sec-ch-ua-mobile": "?0",
    "origin": "http://localhost:3000",
    "sec-fetch-site": "same-site",
    "sec-fetch-mode": "cors",
    "sec-fetch-dest": "empty",
    "referer": "http://localhost:3000/",
    "accept-encoding": "gzip, deflate, br, zstd",
    "accept-language": "en-US,en;q=0.9",
    "cookie": "***REDACTED***",
    "if-none-match": "W/\"b17-ta39MVXpoQOPRt+DuY4pVSwZk5E\""
  },
  "query": {}
}
[2025-09-01 22:24:46] info: {
  "method": "GET",
  "url": "/api/admin/categories",
  "ip": "::1",
  "userAgent": "Mozilla/5.0 (Windows NT 10.0; Win64; x64) AppleWebKit/537.36 (KHTML, like Gecko) Chrome/139.0.0.0 Safari/537.36",
  "headers": {
    "host": "localhost:9999",
    "connection": "keep-alive",
    "sec-ch-ua-platform": "\"Windows\"",
    "user-agent": "Mozilla/5.0 (Windows NT 10.0; Win64; x64) AppleWebKit/537.36 (KHTML, like Gecko) Chrome/139.0.0.0 Safari/537.36",
    "accept": "application/json, text/plain, */*",
    "sec-ch-ua": "\"Not;A=Brand\";v=\"99\", \"Google Chrome\";v=\"139\", \"Chromium\";v=\"139\"",
    "sec-ch-ua-mobile": "?0",
    "origin": "http://localhost:3000",
    "sec-fetch-site": "same-site",
    "sec-fetch-mode": "cors",
    "sec-fetch-dest": "empty",
    "referer": "http://localhost:3000/",
    "accept-encoding": "gzip, deflate, br, zstd",
    "accept-language": "en-US,en;q=0.9",
    "cookie": "***REDACTED***",
    "if-none-match": "W/\"b17-ta39MVXpoQOPRt+DuY4pVSwZk5E\""
  },
  "query": {}
}
[2025-09-01 22:25:16] info: {
  "method": "OPTIONS",
  "url": "/api/admin/categories",
  "ip": "::1",
  "userAgent": "Mozilla/5.0 (Windows NT 10.0; Win64; x64) AppleWebKit/537.36 (KHTML, like Gecko) Chrome/139.0.0.0 Safari/537.36",
  "headers": {
    "host": "localhost:9999",
    "connection": "keep-alive",
    "accept": "*/*",
    "access-control-request-method": "POST",
    "access-control-request-headers": "content-type",
    "origin": "http://localhost:3000",
    "user-agent": "Mozilla/5.0 (Windows NT 10.0; Win64; x64) AppleWebKit/537.36 (KHTML, like Gecko) Chrome/139.0.0.0 Safari/537.36",
    "sec-fetch-mode": "cors",
    "sec-fetch-site": "same-site",
    "sec-fetch-dest": "empty",
    "referer": "http://localhost:3000/",
    "accept-encoding": "gzip, deflate, br, zstd",
    "accept-language": "en-US,en;q=0.9"
  },
  "query": {}
}
[2025-09-01 22:25:16] info: {
  "method": "POST",
  "url": "/api/admin/categories",
  "ip": "::1",
  "userAgent": "Mozilla/5.0 (Windows NT 10.0; Win64; x64) AppleWebKit/537.36 (KHTML, like Gecko) Chrome/139.0.0.0 Safari/537.36",
  "headers": {
    "host": "localhost:9999",
    "connection": "keep-alive",
    "content-length": "223",
    "sec-ch-ua-platform": "\"Windows\"",
    "user-agent": "Mozilla/5.0 (Windows NT 10.0; Win64; x64) AppleWebKit/537.36 (KHTML, like Gecko) Chrome/139.0.0.0 Safari/537.36",
    "accept": "application/json, text/plain, */*",
    "sec-ch-ua": "\"Not;A=Brand\";v=\"99\", \"Google Chrome\";v=\"139\", \"Chromium\";v=\"139\"",
    "content-type": "application/json",
    "sec-ch-ua-mobile": "?0",
    "origin": "http://localhost:3000",
    "sec-fetch-site": "same-site",
    "sec-fetch-mode": "cors",
    "sec-fetch-dest": "empty",
    "referer": "http://localhost:3000/",
    "accept-encoding": "gzip, deflate, br, zstd",
    "accept-language": "en-US,en;q=0.9",
    "cookie": "***REDACTED***"
  },
  "query": {}
}
[2025-09-01 22:25:16] info: {
  "method": "GET",
  "url": "/api/admin/categories",
  "ip": "::1",
  "userAgent": "Mozilla/5.0 (Windows NT 10.0; Win64; x64) AppleWebKit/537.36 (KHTML, like Gecko) Chrome/139.0.0.0 Safari/537.36",
  "headers": {
    "host": "localhost:9999",
    "connection": "keep-alive",
    "sec-ch-ua-platform": "\"Windows\"",
    "user-agent": "Mozilla/5.0 (Windows NT 10.0; Win64; x64) AppleWebKit/537.36 (KHTML, like Gecko) Chrome/139.0.0.0 Safari/537.36",
    "accept": "application/json, text/plain, */*",
    "sec-ch-ua": "\"Not;A=Brand\";v=\"99\", \"Google Chrome\";v=\"139\", \"Chromium\";v=\"139\"",
    "sec-ch-ua-mobile": "?0",
    "origin": "http://localhost:3000",
    "sec-fetch-site": "same-site",
    "sec-fetch-mode": "cors",
    "sec-fetch-dest": "empty",
    "referer": "http://localhost:3000/",
    "accept-encoding": "gzip, deflate, br, zstd",
    "accept-language": "en-US,en;q=0.9",
    "cookie": "***REDACTED***"
  },
  "query": {}
}
[2025-09-01 22:25:31] info: {
  "method": "GET",
  "url": "/api/user-details",
  "ip": "::1",
  "userAgent": "Mozilla/5.0 (Windows NT 10.0; Win64; x64) AppleWebKit/537.36 (KHTML, like Gecko) Chrome/139.0.0.0 Safari/537.36",
  "headers": {
    "host": "localhost:9999",
    "connection": "keep-alive",
    "sec-ch-ua-platform": "\"Windows\"",
    "user-agent": "Mozilla/5.0 (Windows NT 10.0; Win64; x64) AppleWebKit/537.36 (KHTML, like Gecko) Chrome/139.0.0.0 Safari/537.36",
    "accept": "application/json, text/plain, */*",
    "sec-ch-ua": "\"Not;A=Brand\";v=\"99\", \"Google Chrome\";v=\"139\", \"Chromium\";v=\"139\"",
    "sec-ch-ua-mobile": "?0",
    "origin": "http://localhost:3000",
    "sec-fetch-site": "same-site",
    "sec-fetch-mode": "cors",
    "sec-fetch-dest": "empty",
    "referer": "http://localhost:3000/",
    "accept-encoding": "gzip, deflate, br, zstd",
    "accept-language": "en-US,en;q=0.9",
    "cookie": "***REDACTED***",
    "if-none-match": "W/\"143-Kupxt3BNr8PmyuAiAyt4HTpCxAM\""
  },
  "query": {}
}
[2025-09-01 22:25:31] info: {
  "method": "GET",
  "url": "/api/admin/categories",
  "ip": "::1",
  "userAgent": "Mozilla/5.0 (Windows NT 10.0; Win64; x64) AppleWebKit/537.36 (KHTML, like Gecko) Chrome/139.0.0.0 Safari/537.36",
  "headers": {
    "host": "localhost:9999",
    "connection": "keep-alive",
    "sec-ch-ua-platform": "\"Windows\"",
    "user-agent": "Mozilla/5.0 (Windows NT 10.0; Win64; x64) AppleWebKit/537.36 (KHTML, like Gecko) Chrome/139.0.0.0 Safari/537.36",
    "accept": "application/json, text/plain, */*",
    "sec-ch-ua": "\"Not;A=Brand\";v=\"99\", \"Google Chrome\";v=\"139\", \"Chromium\";v=\"139\"",
    "sec-ch-ua-mobile": "?0",
    "origin": "http://localhost:3000",
    "sec-fetch-site": "same-site",
    "sec-fetch-mode": "cors",
    "sec-fetch-dest": "empty",
    "referer": "http://localhost:3000/",
    "accept-encoding": "gzip, deflate, br, zstd",
    "accept-language": "en-US,en;q=0.9",
    "cookie": "***REDACTED***",
    "if-none-match": "W/\"c8a-AcYNhfYIlkmNsG+KuKkd4a1vQ9Q\""
  },
  "query": {}
}
[2025-09-01 22:25:31] info: {
  "method": "GET",
  "url": "/api/admin/categories",
  "ip": "::1",
  "userAgent": "Mozilla/5.0 (Windows NT 10.0; Win64; x64) AppleWebKit/537.36 (KHTML, like Gecko) Chrome/139.0.0.0 Safari/537.36",
  "headers": {
    "host": "localhost:9999",
    "connection": "keep-alive",
    "sec-ch-ua-platform": "\"Windows\"",
    "user-agent": "Mozilla/5.0 (Windows NT 10.0; Win64; x64) AppleWebKit/537.36 (KHTML, like Gecko) Chrome/139.0.0.0 Safari/537.36",
    "accept": "application/json, text/plain, */*",
    "sec-ch-ua": "\"Not;A=Brand\";v=\"99\", \"Google Chrome\";v=\"139\", \"Chromium\";v=\"139\"",
    "sec-ch-ua-mobile": "?0",
    "origin": "http://localhost:3000",
    "sec-fetch-site": "same-site",
    "sec-fetch-mode": "cors",
    "sec-fetch-dest": "empty",
    "referer": "http://localhost:3000/",
    "accept-encoding": "gzip, deflate, br, zstd",
    "accept-language": "en-US,en;q=0.9",
    "cookie": "***REDACTED***",
    "if-none-match": "W/\"c8a-AcYNhfYIlkmNsG+KuKkd4a1vQ9Q\""
  },
  "query": {}
}
[2025-09-01 22:28:42] info: {
  "method": "GET",
  "url": "/api/admin/categories",
  "ip": "::1",
  "userAgent": "Mozilla/5.0 (Windows NT 10.0; Win64; x64) AppleWebKit/537.36 (KHTML, like Gecko) Chrome/139.0.0.0 Safari/537.36",
  "headers": {
    "host": "localhost:9999",
    "connection": "keep-alive",
    "sec-ch-ua-platform": "\"Windows\"",
    "user-agent": "Mozilla/5.0 (Windows NT 10.0; Win64; x64) AppleWebKit/537.36 (KHTML, like Gecko) Chrome/139.0.0.0 Safari/537.36",
    "accept": "application/json, text/plain, */*",
    "sec-ch-ua": "\"Not;A=Brand\";v=\"99\", \"Google Chrome\";v=\"139\", \"Chromium\";v=\"139\"",
    "sec-ch-ua-mobile": "?0",
    "origin": "http://localhost:3000",
    "sec-fetch-site": "same-site",
    "sec-fetch-mode": "cors",
    "sec-fetch-dest": "empty",
    "referer": "http://localhost:3000/",
    "accept-encoding": "gzip, deflate, br, zstd",
    "accept-language": "en-US,en;q=0.9",
    "cookie": "***REDACTED***",
    "if-none-match": "W/\"c8a-AcYNhfYIlkmNsG+KuKkd4a1vQ9Q\""
  },
  "query": {}
}
[2025-09-01 22:28:51] info: {
  "method": "GET",
  "url": "/api/admin/categories",
  "ip": "::1",
  "userAgent": "Mozilla/5.0 (Windows NT 10.0; Win64; x64) AppleWebKit/537.36 (KHTML, like Gecko) Chrome/139.0.0.0 Safari/537.36",
  "headers": {
    "host": "localhost:9999",
    "connection": "keep-alive",
    "sec-ch-ua-platform": "\"Windows\"",
    "user-agent": "Mozilla/5.0 (Windows NT 10.0; Win64; x64) AppleWebKit/537.36 (KHTML, like Gecko) Chrome/139.0.0.0 Safari/537.36",
    "accept": "application/json, text/plain, */*",
    "sec-ch-ua": "\"Not;A=Brand\";v=\"99\", \"Google Chrome\";v=\"139\", \"Chromium\";v=\"139\"",
    "sec-ch-ua-mobile": "?0",
    "origin": "http://localhost:3000",
    "sec-fetch-site": "same-site",
    "sec-fetch-mode": "cors",
    "sec-fetch-dest": "empty",
    "referer": "http://localhost:3000/",
    "accept-encoding": "gzip, deflate, br, zstd",
    "accept-language": "en-US,en;q=0.9",
    "cookie": "***REDACTED***",
    "if-none-match": "W/\"c8a-AcYNhfYIlkmNsG+KuKkd4a1vQ9Q\""
  },
  "query": {}
}
[2025-09-01 22:28:54] info: {
  "method": "GET",
  "url": "/api/user-details",
  "ip": "::1",
  "userAgent": "Mozilla/5.0 (Windows NT 10.0; Win64; x64) AppleWebKit/537.36 (KHTML, like Gecko) Chrome/139.0.0.0 Safari/537.36",
  "headers": {
    "host": "localhost:9999",
    "connection": "keep-alive",
    "sec-ch-ua-platform": "\"Windows\"",
    "user-agent": "Mozilla/5.0 (Windows NT 10.0; Win64; x64) AppleWebKit/537.36 (KHTML, like Gecko) Chrome/139.0.0.0 Safari/537.36",
    "accept": "application/json, text/plain, */*",
    "sec-ch-ua": "\"Not;A=Brand\";v=\"99\", \"Google Chrome\";v=\"139\", \"Chromium\";v=\"139\"",
    "sec-ch-ua-mobile": "?0",
    "origin": "http://localhost:3000",
    "sec-fetch-site": "same-site",
    "sec-fetch-mode": "cors",
    "sec-fetch-dest": "empty",
    "referer": "http://localhost:3000/",
    "accept-encoding": "gzip, deflate, br, zstd",
    "accept-language": "en-US,en;q=0.9",
    "cookie": "***REDACTED***",
    "if-none-match": "W/\"143-Kupxt3BNr8PmyuAiAyt4HTpCxAM\""
  },
  "query": {}
}
[2025-09-01 22:28:54] info: {
  "method": "GET",
  "url": "/api/admin/categories",
  "ip": "::1",
  "userAgent": "Mozilla/5.0 (Windows NT 10.0; Win64; x64) AppleWebKit/537.36 (KHTML, like Gecko) Chrome/139.0.0.0 Safari/537.36",
  "headers": {
    "host": "localhost:9999",
    "connection": "keep-alive",
    "sec-ch-ua-platform": "\"Windows\"",
    "user-agent": "Mozilla/5.0 (Windows NT 10.0; Win64; x64) AppleWebKit/537.36 (KHTML, like Gecko) Chrome/139.0.0.0 Safari/537.36",
    "accept": "application/json, text/plain, */*",
    "sec-ch-ua": "\"Not;A=Brand\";v=\"99\", \"Google Chrome\";v=\"139\", \"Chromium\";v=\"139\"",
    "sec-ch-ua-mobile": "?0",
    "origin": "http://localhost:3000",
    "sec-fetch-site": "same-site",
    "sec-fetch-mode": "cors",
    "sec-fetch-dest": "empty",
    "referer": "http://localhost:3000/",
    "accept-encoding": "gzip, deflate, br, zstd",
    "accept-language": "en-US,en;q=0.9",
    "cookie": "***REDACTED***",
    "if-none-match": "W/\"c8a-AcYNhfYIlkmNsG+KuKkd4a1vQ9Q\""
  },
  "query": {}
}
[2025-09-01 22:28:54] info: {
  "method": "GET",
  "url": "/api/admin/categories",
  "ip": "::1",
  "userAgent": "Mozilla/5.0 (Windows NT 10.0; Win64; x64) AppleWebKit/537.36 (KHTML, like Gecko) Chrome/139.0.0.0 Safari/537.36",
  "headers": {
    "host": "localhost:9999",
    "connection": "keep-alive",
    "sec-ch-ua-platform": "\"Windows\"",
    "user-agent": "Mozilla/5.0 (Windows NT 10.0; Win64; x64) AppleWebKit/537.36 (KHTML, like Gecko) Chrome/139.0.0.0 Safari/537.36",
    "accept": "application/json, text/plain, */*",
    "sec-ch-ua": "\"Not;A=Brand\";v=\"99\", \"Google Chrome\";v=\"139\", \"Chromium\";v=\"139\"",
    "sec-ch-ua-mobile": "?0",
    "origin": "http://localhost:3000",
    "sec-fetch-site": "same-site",
    "sec-fetch-mode": "cors",
    "sec-fetch-dest": "empty",
    "referer": "http://localhost:3000/",
    "accept-encoding": "gzip, deflate, br, zstd",
    "accept-language": "en-US,en;q=0.9",
    "cookie": "***REDACTED***",
    "if-none-match": "W/\"c8a-AcYNhfYIlkmNsG+KuKkd4a1vQ9Q\""
  },
  "query": {}
}
[2025-09-01 22:29:25] info: {
  "method": "OPTIONS",
  "url": "/api/admin/categories/68b022bddde8705956a6af75",
  "ip": "::1",
  "userAgent": "Mozilla/5.0 (Windows NT 10.0; Win64; x64) AppleWebKit/537.36 (KHTML, like Gecko) Chrome/139.0.0.0 Safari/537.36",
  "headers": {
    "host": "localhost:9999",
    "connection": "keep-alive",
    "accept": "*/*",
    "access-control-request-method": "PUT",
    "access-control-request-headers": "content-type",
    "origin": "http://localhost:3000",
    "user-agent": "Mozilla/5.0 (Windows NT 10.0; Win64; x64) AppleWebKit/537.36 (KHTML, like Gecko) Chrome/139.0.0.0 Safari/537.36",
    "sec-fetch-mode": "cors",
    "sec-fetch-site": "same-site",
    "sec-fetch-dest": "empty",
    "referer": "http://localhost:3000/",
    "accept-encoding": "gzip, deflate, br, zstd",
    "accept-language": "en-US,en;q=0.9"
  },
  "query": {}
}
[2025-09-01 22:29:25] info: {
  "method": "PUT",
  "url": "/api/admin/categories/68b022bddde8705956a6af75",
  "ip": "::1",
  "userAgent": "Mozilla/5.0 (Windows NT 10.0; Win64; x64) AppleWebKit/537.36 (KHTML, like Gecko) Chrome/139.0.0.0 Safari/537.36",
  "headers": {
    "host": "localhost:9999",
    "connection": "keep-alive",
    "content-length": "18",
    "sec-ch-ua-platform": "\"Windows\"",
    "user-agent": "Mozilla/5.0 (Windows NT 10.0; Win64; x64) AppleWebKit/537.36 (KHTML, like Gecko) Chrome/139.0.0.0 Safari/537.36",
    "accept": "application/json, text/plain, */*",
    "sec-ch-ua": "\"Not;A=Brand\";v=\"99\", \"Google Chrome\";v=\"139\", \"Chromium\";v=\"139\"",
    "content-type": "application/json",
    "sec-ch-ua-mobile": "?0",
    "origin": "http://localhost:3000",
    "sec-fetch-site": "same-site",
    "sec-fetch-mode": "cors",
    "sec-fetch-dest": "empty",
    "referer": "http://localhost:3000/",
    "accept-encoding": "gzip, deflate, br, zstd",
    "accept-language": "en-US,en;q=0.9",
    "cookie": "***REDACTED***"
  },
  "query": {}
}
[2025-09-01 22:29:26] info: {
  "method": "PUT",
  "url": "/api/admin/categories/68b022bddde8705956a6af75",
  "ip": "::1",
  "userAgent": "Mozilla/5.0 (Windows NT 10.0; Win64; x64) AppleWebKit/537.36 (KHTML, like Gecko) Chrome/139.0.0.0 Safari/537.36",
  "headers": {
    "host": "localhost:9999",
    "connection": "keep-alive",
    "content-length": "17",
    "sec-ch-ua-platform": "\"Windows\"",
    "user-agent": "Mozilla/5.0 (Windows NT 10.0; Win64; x64) AppleWebKit/537.36 (KHTML, like Gecko) Chrome/139.0.0.0 Safari/537.36",
    "accept": "application/json, text/plain, */*",
    "sec-ch-ua": "\"Not;A=Brand\";v=\"99\", \"Google Chrome\";v=\"139\", \"Chromium\";v=\"139\"",
    "content-type": "application/json",
    "sec-ch-ua-mobile": "?0",
    "origin": "http://localhost:3000",
    "sec-fetch-site": "same-site",
    "sec-fetch-mode": "cors",
    "sec-fetch-dest": "empty",
    "referer": "http://localhost:3000/",
    "accept-encoding": "gzip, deflate, br, zstd",
    "accept-language": "en-US,en;q=0.9",
    "cookie": "***REDACTED***"
  },
  "query": {}
}
[2025-09-01 22:29:36] info: {
  "method": "GET",
  "url": "/api/admin/categories",
  "ip": "::1",
  "userAgent": "Mozilla/5.0 (Windows NT 10.0; Win64; x64) AppleWebKit/537.36 (KHTML, like Gecko) Chrome/139.0.0.0 Safari/537.36",
  "headers": {
    "host": "localhost:9999",
    "connection": "keep-alive",
    "sec-ch-ua-platform": "\"Windows\"",
    "user-agent": "Mozilla/5.0 (Windows NT 10.0; Win64; x64) AppleWebKit/537.36 (KHTML, like Gecko) Chrome/139.0.0.0 Safari/537.36",
    "accept": "application/json, text/plain, */*",
    "sec-ch-ua": "\"Not;A=Brand\";v=\"99\", \"Google Chrome\";v=\"139\", \"Chromium\";v=\"139\"",
    "sec-ch-ua-mobile": "?0",
    "origin": "http://localhost:3000",
    "sec-fetch-site": "same-site",
    "sec-fetch-mode": "cors",
    "sec-fetch-dest": "empty",
    "referer": "http://localhost:3000/",
    "accept-encoding": "gzip, deflate, br, zstd",
    "accept-language": "en-US,en;q=0.9",
    "cookie": "***REDACTED***",
    "if-none-match": "W/\"c8a-AcYNhfYIlkmNsG+KuKkd4a1vQ9Q\""
  },
  "query": {}
}
