[2025-08-27 08:13:26] info: {
  "method": "GET",
  "url": "/api/user-details",
  "ip": "::1",
  "userAgent": "Mozilla/5.0 (Windows NT 10.0; Win64; x64) AppleWebKit/537.36 (KHTML, like Gecko) Chrome/139.0.0.0 Safari/537.36",
  "headers": {
    "host": "localhost:9999",
    "connection": "keep-alive",
    "sec-ch-ua-platform": "\"Windows\"",
    "user-agent": "Mozilla/5.0 (Windows NT 10.0; Win64; x64) AppleWebKit/537.36 (KHTML, like Gecko) Chrome/139.0.0.0 Safari/537.36",
    "accept": "application/json, text/plain, */*",
    "sec-ch-ua": "\"Not;A=Brand\";v=\"99\", \"Google Chrome\";v=\"139\", \"Chromium\";v=\"139\"",
    "sec-ch-ua-mobile": "?0",
    "origin": "http://localhost:3000",
    "sec-fetch-site": "same-site",
    "sec-fetch-mode": "cors",
    "sec-fetch-dest": "empty",
    "referer": "http://localhost:3000/",
    "accept-encoding": "gzip, deflate, br, zstd",
    "accept-language": "en-US,en;q=0.9"
  },
  "query": {}
}
[2025-08-27 08:13:36] info: {
  "method": "OPTIONS",
  "url": "/api/login",
  "ip": "::1",
  "userAgent": "Mozilla/5.0 (Windows NT 10.0; Win64; x64) AppleWebKit/537.36 (KHTML, like Gecko) Chrome/139.0.0.0 Safari/537.36",
  "headers": {
    "host": "localhost:9999",
    "connection": "keep-alive",
    "accept": "*/*",
    "access-control-request-method": "POST",
    "access-control-request-headers": "content-type",
    "origin": "http://localhost:3000",
    "user-agent": "Mozilla/5.0 (Windows NT 10.0; Win64; x64) AppleWebKit/537.36 (KHTML, like Gecko) Chrome/139.0.0.0 Safari/537.36",
    "sec-fetch-mode": "cors",
    "sec-fetch-site": "same-site",
    "sec-fetch-dest": "empty",
    "referer": "http://localhost:3000/",
    "accept-encoding": "gzip, deflate, br, zstd",
    "accept-language": "en-US,en;q=0.9"
  },
  "query": {}
}
[2025-08-27 08:13:36] info: {
  "method": "POST",
  "url": "/api/login",
  "ip": "::1",
  "userAgent": "Mozilla/5.0 (Windows NT 10.0; Win64; x64) AppleWebKit/537.36 (KHTML, like Gecko) Chrome/139.0.0.0 Safari/537.36",
  "headers": {
    "host": "localhost:9999",
    "connection": "keep-alive",
    "content-length": "70",
    "sec-ch-ua-platform": "\"Windows\"",
    "user-agent": "Mozilla/5.0 (Windows NT 10.0; Win64; x64) AppleWebKit/537.36 (KHTML, like Gecko) Chrome/139.0.0.0 Safari/537.36",
    "accept": "application/json, text/plain, */*",
    "sec-ch-ua": "\"Not;A=Brand\";v=\"99\", \"Google Chrome\";v=\"139\", \"Chromium\";v=\"139\"",
    "content-type": "application/json",
    "sec-ch-ua-mobile": "?0",
    "origin": "http://localhost:3000",
    "sec-fetch-site": "same-site",
    "sec-fetch-mode": "cors",
    "sec-fetch-dest": "empty",
    "referer": "http://localhost:3000/",
    "accept-encoding": "gzip, deflate, br, zstd",
    "accept-language": "en-US,en;q=0.9"
  },
  "query": {}
}
[2025-08-27 08:13:39] info: {
  "method": "GET",
  "url": "/api/user-details",
  "ip": "::1",
  "userAgent": "Mozilla/5.0 (Windows NT 10.0; Win64; x64) AppleWebKit/537.36 (KHTML, like Gecko) Chrome/139.0.0.0 Safari/537.36",
  "headers": {
    "host": "localhost:9999",
    "connection": "keep-alive",
    "sec-ch-ua-platform": "\"Windows\"",
    "user-agent": "Mozilla/5.0 (Windows NT 10.0; Win64; x64) AppleWebKit/537.36 (KHTML, like Gecko) Chrome/139.0.0.0 Safari/537.36",
    "accept": "application/json, text/plain, */*",
    "sec-ch-ua": "\"Not;A=Brand\";v=\"99\", \"Google Chrome\";v=\"139\", \"Chromium\";v=\"139\"",
    "sec-ch-ua-mobile": "?0",
    "origin": "http://localhost:3000",
    "sec-fetch-site": "same-site",
    "sec-fetch-mode": "cors",
    "sec-fetch-dest": "empty",
    "referer": "http://localhost:3000/",
    "accept-encoding": "gzip, deflate, br, zstd",
    "accept-language": "en-US,en;q=0.9",
    "cookie": "***REDACTED***",
    "if-none-match": "W/\"75-eEE7q+DcizBHlMNgZits3bWQuHs\""
  },
  "query": {}
}
[2025-08-27 08:13:47] info: {
  "method": "GET",
  "url": "/api/admin/all-users?page=1&limit=10",
  "ip": "::1",
  "userAgent": "Mozilla/5.0 (Windows NT 10.0; Win64; x64) AppleWebKit/537.36 (KHTML, like Gecko) Chrome/139.0.0.0 Safari/537.36",
  "headers": {
    "host": "localhost:9999",
    "connection": "keep-alive",
    "sec-ch-ua-platform": "\"Windows\"",
    "user-agent": "Mozilla/5.0 (Windows NT 10.0; Win64; x64) AppleWebKit/537.36 (KHTML, like Gecko) Chrome/139.0.0.0 Safari/537.36",
    "accept": "application/json, text/plain, */*",
    "sec-ch-ua": "\"Not;A=Brand\";v=\"99\", \"Google Chrome\";v=\"139\", \"Chromium\";v=\"139\"",
    "sec-ch-ua-mobile": "?0",
    "origin": "http://localhost:3000",
    "sec-fetch-site": "same-site",
    "sec-fetch-mode": "cors",
    "sec-fetch-dest": "empty",
    "referer": "http://localhost:3000/",
    "accept-encoding": "gzip, deflate, br, zstd",
    "accept-language": "en-US,en;q=0.9",
    "cookie": "***REDACTED***"
  },
  "query": {
    "page": "1",
    "limit": "10"
  }
}
[2025-08-27 08:13:47] info: {
  "method": "GET",
  "url": "/api/admin/all-users?page=1&limit=10",
  "ip": "::1",
  "userAgent": "Mozilla/5.0 (Windows NT 10.0; Win64; x64) AppleWebKit/537.36 (KHTML, like Gecko) Chrome/139.0.0.0 Safari/537.36",
  "headers": {
    "host": "localhost:9999",
    "connection": "keep-alive",
    "sec-ch-ua-platform": "\"Windows\"",
    "user-agent": "Mozilla/5.0 (Windows NT 10.0; Win64; x64) AppleWebKit/537.36 (KHTML, like Gecko) Chrome/139.0.0.0 Safari/537.36",
    "accept": "application/json, text/plain, */*",
    "sec-ch-ua": "\"Not;A=Brand\";v=\"99\", \"Google Chrome\";v=\"139\", \"Chromium\";v=\"139\"",
    "sec-ch-ua-mobile": "?0",
    "origin": "http://localhost:3000",
    "sec-fetch-site": "same-site",
    "sec-fetch-mode": "cors",
    "sec-fetch-dest": "empty",
    "referer": "http://localhost:3000/",
    "accept-encoding": "gzip, deflate, br, zstd",
    "accept-language": "en-US,en;q=0.9",
    "cookie": "***REDACTED***",
    "if-none-match": "W/\"604-7rq9IJHZJFClFD4/CCMtdMY6Cls\""
  },
  "query": {
    "page": "1",
    "limit": "10"
  }
}
[2025-08-27 08:13:54] info: {
  "method": "GET",
  "url": "/api/admin/categories",
  "ip": "::1",
  "userAgent": "Mozilla/5.0 (Windows NT 10.0; Win64; x64) AppleWebKit/537.36 (KHTML, like Gecko) Chrome/139.0.0.0 Safari/537.36",
  "headers": {
    "host": "localhost:9999",
    "connection": "keep-alive",
    "sec-ch-ua-platform": "\"Windows\"",
    "user-agent": "Mozilla/5.0 (Windows NT 10.0; Win64; x64) AppleWebKit/537.36 (KHTML, like Gecko) Chrome/139.0.0.0 Safari/537.36",
    "accept": "application/json, text/plain, */*",
    "sec-ch-ua": "\"Not;A=Brand\";v=\"99\", \"Google Chrome\";v=\"139\", \"Chromium\";v=\"139\"",
    "sec-ch-ua-mobile": "?0",
    "origin": "http://localhost:3000",
    "sec-fetch-site": "same-site",
    "sec-fetch-mode": "cors",
    "sec-fetch-dest": "empty",
    "referer": "http://localhost:3000/",
    "accept-encoding": "gzip, deflate, br, zstd",
    "accept-language": "en-US,en;q=0.9",
    "cookie": "***REDACTED***"
  },
  "query": {}
}
[2025-08-27 08:13:54] info: {
  "method": "GET",
  "url": "/api/admin/categories",
  "ip": "::1",
  "userAgent": "Mozilla/5.0 (Windows NT 10.0; Win64; x64) AppleWebKit/537.36 (KHTML, like Gecko) Chrome/139.0.0.0 Safari/537.36",
  "headers": {
    "host": "localhost:9999",
    "connection": "keep-alive",
    "sec-ch-ua-platform": "\"Windows\"",
    "user-agent": "Mozilla/5.0 (Windows NT 10.0; Win64; x64) AppleWebKit/537.36 (KHTML, like Gecko) Chrome/139.0.0.0 Safari/537.36",
    "accept": "application/json, text/plain, */*",
    "sec-ch-ua": "\"Not;A=Brand\";v=\"99\", \"Google Chrome\";v=\"139\", \"Chromium\";v=\"139\"",
    "sec-ch-ua-mobile": "?0",
    "origin": "http://localhost:3000",
    "sec-fetch-site": "same-site",
    "sec-fetch-mode": "cors",
    "sec-fetch-dest": "empty",
    "referer": "http://localhost:3000/",
    "accept-encoding": "gzip, deflate, br, zstd",
    "accept-language": "en-US,en;q=0.9",
    "cookie": "***REDACTED***",
    "if-none-match": "W/\"a82-Yoo/J8LyNyeEn9A6EBFYsTe4nBM\""
  },
  "query": {}
}
[2025-08-27 08:14:17] info: {
  "method": "OPTIONS",
  "url": "/api/admin/categories/689f1c0a57efba95c6bf0509",
  "ip": "::1",
  "userAgent": "Mozilla/5.0 (Windows NT 10.0; Win64; x64) AppleWebKit/537.36 (KHTML, like Gecko) Chrome/139.0.0.0 Safari/537.36",
  "headers": {
    "host": "localhost:9999",
    "connection": "keep-alive",
    "accept": "*/*",
    "access-control-request-method": "PUT",
    "access-control-request-headers": "content-type",
    "origin": "http://localhost:3000",
    "user-agent": "Mozilla/5.0 (Windows NT 10.0; Win64; x64) AppleWebKit/537.36 (KHTML, like Gecko) Chrome/139.0.0.0 Safari/537.36",
    "sec-fetch-mode": "cors",
    "sec-fetch-site": "same-site",
    "sec-fetch-dest": "empty",
    "referer": "http://localhost:3000/",
    "accept-encoding": "gzip, deflate, br, zstd",
    "accept-language": "en-US,en;q=0.9"
  },
  "query": {}
}
[2025-08-27 08:14:17] info: {
  "method": "PUT",
  "url": "/api/admin/categories/689f1c0a57efba95c6bf0509",
  "ip": "::1",
  "userAgent": "Mozilla/5.0 (Windows NT 10.0; Win64; x64) AppleWebKit/537.36 (KHTML, like Gecko) Chrome/139.0.0.0 Safari/537.36",
  "headers": {
    "host": "localhost:9999",
    "connection": "keep-alive",
    "content-length": "18",
    "sec-ch-ua-platform": "\"Windows\"",
    "user-agent": "Mozilla/5.0 (Windows NT 10.0; Win64; x64) AppleWebKit/537.36 (KHTML, like Gecko) Chrome/139.0.0.0 Safari/537.36",
    "accept": "application/json, text/plain, */*",
    "sec-ch-ua": "\"Not;A=Brand\";v=\"99\", \"Google Chrome\";v=\"139\", \"Chromium\";v=\"139\"",
    "content-type": "application/json",
    "sec-ch-ua-mobile": "?0",
    "origin": "http://localhost:3000",
    "sec-fetch-site": "same-site",
    "sec-fetch-mode": "cors",
    "sec-fetch-dest": "empty",
    "referer": "http://localhost:3000/",
    "accept-encoding": "gzip, deflate, br, zstd",
    "accept-language": "en-US,en;q=0.9",
    "cookie": "***REDACTED***"
  },
  "query": {}
}
[2025-08-27 08:14:18] info: {
  "method": "PUT",
  "url": "/api/admin/categories/689f1c0a57efba95c6bf0509",
  "ip": "::1",
  "userAgent": "Mozilla/5.0 (Windows NT 10.0; Win64; x64) AppleWebKit/537.36 (KHTML, like Gecko) Chrome/139.0.0.0 Safari/537.36",
  "headers": {
    "host": "localhost:9999",
    "connection": "keep-alive",
    "content-length": "17",
    "sec-ch-ua-platform": "\"Windows\"",
    "user-agent": "Mozilla/5.0 (Windows NT 10.0; Win64; x64) AppleWebKit/537.36 (KHTML, like Gecko) Chrome/139.0.0.0 Safari/537.36",
    "accept": "application/json, text/plain, */*",
    "sec-ch-ua": "\"Not;A=Brand\";v=\"99\", \"Google Chrome\";v=\"139\", \"Chromium\";v=\"139\"",
    "content-type": "application/json",
    "sec-ch-ua-mobile": "?0",
    "origin": "http://localhost:3000",
    "sec-fetch-site": "same-site",
    "sec-fetch-mode": "cors",
    "sec-fetch-dest": "empty",
    "referer": "http://localhost:3000/",
    "accept-encoding": "gzip, deflate, br, zstd",
    "accept-language": "en-US,en;q=0.9",
    "cookie": "***REDACTED***"
  },
  "query": {}
}
[2025-08-27 08:14:42] info: {
  "method": "GET",
  "url": "/api/admin/categories",
  "ip": "::1",
  "userAgent": "bruno-runtime/2.9.1",
  "headers": {
    "accept": "application/json, text/plain, */*",
    "content-type": "application/json",
    "user-agent": "bruno-runtime/2.9.1",
    "request-start-time": "1756269882417",
    "accept-encoding": "gzip, compress, deflate, br",
    "host": "localhost:9999",
    "connection": "keep-alive"
  },
  "query": {}
}
[2025-08-27 08:14:47] info: {
  "method": "POST",
  "url": "/api/login",
  "ip": "::1",
  "userAgent": "bruno-runtime/2.9.1",
  "headers": {
    "accept": "application/json, text/plain, */*",
    "content-type": "application/json",
    "user-agent": "bruno-runtime/2.9.1",
    "request-start-time": "1756269887063",
    "content-length": "71",
    "accept-encoding": "gzip, compress, deflate, br",
    "host": "localhost:9999",
    "connection": "keep-alive"
  },
  "query": {}
}
[2025-08-27 08:14:49] info: {
  "method": "GET",
  "url": "/api/admin/categories",
  "ip": "::1",
  "userAgent": "bruno-runtime/2.9.1",
  "headers": {
    "accept": "application/json, text/plain, */*",
    "content-type": "application/json",
    "user-agent": "bruno-runtime/2.9.1",
    "cookie": "***REDACTED***",
    "request-start-time": "1756269889342",
    "accept-encoding": "gzip, compress, deflate, br",
    "host": "localhost:9999",
    "connection": "keep-alive"
  },
  "query": {}
}
[2025-08-27 08:14:57] info: {
  "method": "OPTIONS",
  "url": "/api/admin/categories/689f1c2257efba95c6bf0513",
  "ip": "::1",
  "userAgent": "Mozilla/5.0 (Windows NT 10.0; Win64; x64) AppleWebKit/537.36 (KHTML, like Gecko) Chrome/139.0.0.0 Safari/537.36",
  "headers": {
    "host": "localhost:9999",
    "connection": "keep-alive",
    "accept": "*/*",
    "access-control-request-method": "PUT",
    "access-control-request-headers": "content-type",
    "origin": "http://localhost:3000",
    "user-agent": "Mozilla/5.0 (Windows NT 10.0; Win64; x64) AppleWebKit/537.36 (KHTML, like Gecko) Chrome/139.0.0.0 Safari/537.36",
    "sec-fetch-mode": "cors",
    "sec-fetch-site": "same-site",
    "sec-fetch-dest": "empty",
    "referer": "http://localhost:3000/",
    "accept-encoding": "gzip, deflate, br, zstd",
    "accept-language": "en-US,en;q=0.9"
  },
  "query": {}
}
[2025-08-27 08:14:57] info: {
  "method": "PUT",
  "url": "/api/admin/categories/689f1c2257efba95c6bf0513",
  "ip": "::1",
  "userAgent": "Mozilla/5.0 (Windows NT 10.0; Win64; x64) AppleWebKit/537.36 (KHTML, like Gecko) Chrome/139.0.0.0 Safari/537.36",
  "headers": {
    "host": "localhost:9999",
    "connection": "keep-alive",
    "content-length": "18",
    "sec-ch-ua-platform": "\"Windows\"",
    "user-agent": "Mozilla/5.0 (Windows NT 10.0; Win64; x64) AppleWebKit/537.36 (KHTML, like Gecko) Chrome/139.0.0.0 Safari/537.36",
    "accept": "application/json, text/plain, */*",
    "sec-ch-ua": "\"Not;A=Brand\";v=\"99\", \"Google Chrome\";v=\"139\", \"Chromium\";v=\"139\"",
    "content-type": "application/json",
    "sec-ch-ua-mobile": "?0",
    "origin": "http://localhost:3000",
    "sec-fetch-site": "same-site",
    "sec-fetch-mode": "cors",
    "sec-fetch-dest": "empty",
    "referer": "http://localhost:3000/",
    "accept-encoding": "gzip, deflate, br, zstd",
    "accept-language": "en-US,en;q=0.9",
    "cookie": "***REDACTED***"
  },
  "query": {}
}
[2025-08-27 08:15:00] info: {
  "method": "GET",
  "url": "/api/admin/categories",
  "ip": "::1",
  "userAgent": "bruno-runtime/2.9.1",
  "headers": {
    "accept": "application/json, text/plain, */*",
    "content-type": "application/json",
    "user-agent": "bruno-runtime/2.9.1",
    "cookie": "***REDACTED***",
    "request-start-time": "1756269900567",
    "accept-encoding": "gzip, compress, deflate, br",
    "host": "localhost:9999",
    "connection": "keep-alive"
  },
  "query": {}
}
[2025-08-27 08:15:02] info: {
  "method": "GET",
  "url": "/api/admin/categories",
  "ip": "::1",
  "userAgent": "bruno-runtime/2.9.1",
  "headers": {
    "accept": "application/json, text/plain, */*",
    "content-type": "application/json",
    "user-agent": "bruno-runtime/2.9.1",
    "cookie": "***REDACTED***",
    "request-start-time": "1756269902692",
    "accept-encoding": "gzip, compress, deflate, br",
    "host": "localhost:9999",
    "connection": "keep-alive"
  },
  "query": {}
}
[2025-08-27 08:15:11] info: {
  "method": "OPTIONS",
  "url": "/api/admin/categories/689f1c2257efba95c6bf0513",
  "ip": "::1",
  "userAgent": "Mozilla/5.0 (Windows NT 10.0; Win64; x64) AppleWebKit/537.36 (KHTML, like Gecko) Chrome/139.0.0.0 Safari/537.36",
  "headers": {
    "host": "localhost:9999",
    "connection": "keep-alive",
    "accept": "*/*",
    "access-control-request-method": "PUT",
    "access-control-request-headers": "content-type",
    "origin": "http://localhost:3000",
    "user-agent": "Mozilla/5.0 (Windows NT 10.0; Win64; x64) AppleWebKit/537.36 (KHTML, like Gecko) Chrome/139.0.0.0 Safari/537.36",
    "sec-fetch-mode": "cors",
    "sec-fetch-site": "same-site",
    "sec-fetch-dest": "empty",
    "referer": "http://localhost:3000/",
    "accept-encoding": "gzip, deflate, br, zstd",
    "accept-language": "en-US,en;q=0.9"
  },
  "query": {}
}
[2025-08-27 08:15:11] info: {
  "method": "PUT",
  "url": "/api/admin/categories/689f1c2257efba95c6bf0513",
  "ip": "::1",
  "userAgent": "Mozilla/5.0 (Windows NT 10.0; Win64; x64) AppleWebKit/537.36 (KHTML, like Gecko) Chrome/139.0.0.0 Safari/537.36",
  "headers": {
    "host": "localhost:9999",
    "connection": "keep-alive",
    "content-length": "17",
    "sec-ch-ua-platform": "\"Windows\"",
    "user-agent": "Mozilla/5.0 (Windows NT 10.0; Win64; x64) AppleWebKit/537.36 (KHTML, like Gecko) Chrome/139.0.0.0 Safari/537.36",
    "accept": "application/json, text/plain, */*",
    "sec-ch-ua": "\"Not;A=Brand\";v=\"99\", \"Google Chrome\";v=\"139\", \"Chromium\";v=\"139\"",
    "content-type": "application/json",
    "sec-ch-ua-mobile": "?0",
    "origin": "http://localhost:3000",
    "sec-fetch-site": "same-site",
    "sec-fetch-mode": "cors",
    "sec-fetch-dest": "empty",
    "referer": "http://localhost:3000/",
    "accept-encoding": "gzip, deflate, br, zstd",
    "accept-language": "en-US,en;q=0.9",
    "cookie": "***REDACTED***"
  },
  "query": {}
}
[2025-08-27 08:15:21] info: {
  "method": "OPTIONS",
  "url": "/api/admin/categories/689f1c2257efba95c6bf0513",
  "ip": "::1",
  "userAgent": "Mozilla/5.0 (Windows NT 10.0; Win64; x64) AppleWebKit/537.36 (KHTML, like Gecko) Chrome/139.0.0.0 Safari/537.36",
  "headers": {
    "host": "localhost:9999",
    "connection": "keep-alive",
    "accept": "*/*",
    "access-control-request-method": "PUT",
    "access-control-request-headers": "content-type",
    "origin": "http://localhost:3000",
    "user-agent": "Mozilla/5.0 (Windows NT 10.0; Win64; x64) AppleWebKit/537.36 (KHTML, like Gecko) Chrome/139.0.0.0 Safari/537.36",
    "sec-fetch-mode": "cors",
    "sec-fetch-site": "same-site",
    "sec-fetch-dest": "empty",
    "referer": "http://localhost:3000/",
    "accept-encoding": "gzip, deflate, br, zstd",
    "accept-language": "en-US,en;q=0.9"
  },
  "query": {}
}
[2025-08-27 08:15:21] info: {
  "method": "OPTIONS",
  "url": "/api/admin/categories/68a0baec607804f534eaf331",
  "ip": "::1",
  "userAgent": "Mozilla/5.0 (Windows NT 10.0; Win64; x64) AppleWebKit/537.36 (KHTML, like Gecko) Chrome/139.0.0.0 Safari/537.36",
  "headers": {
    "host": "localhost:9999",
    "connection": "keep-alive",
    "accept": "*/*",
    "access-control-request-method": "PUT",
    "access-control-request-headers": "content-type",
    "origin": "http://localhost:3000",
    "user-agent": "Mozilla/5.0 (Windows NT 10.0; Win64; x64) AppleWebKit/537.36 (KHTML, like Gecko) Chrome/139.0.0.0 Safari/537.36",
    "sec-fetch-mode": "cors",
    "sec-fetch-site": "same-site",
    "sec-fetch-dest": "empty",
    "referer": "http://localhost:3000/",
    "accept-encoding": "gzip, deflate, br, zstd",
    "accept-language": "en-US,en;q=0.9"
  },
  "query": {}
}
[2025-08-27 08:15:21] info: {
  "method": "PUT",
  "url": "/api/admin/categories/689f1c2257efba95c6bf0513",
  "ip": "::1",
  "userAgent": "Mozilla/5.0 (Windows NT 10.0; Win64; x64) AppleWebKit/537.36 (KHTML, like Gecko) Chrome/139.0.0.0 Safari/537.36",
  "headers": {
    "host": "localhost:9999",
    "connection": "keep-alive",
    "content-length": "16",
    "sec-ch-ua-platform": "\"Windows\"",
    "user-agent": "Mozilla/5.0 (Windows NT 10.0; Win64; x64) AppleWebKit/537.36 (KHTML, like Gecko) Chrome/139.0.0.0 Safari/537.36",
    "accept": "application/json, text/plain, */*",
    "sec-ch-ua": "\"Not;A=Brand\";v=\"99\", \"Google Chrome\";v=\"139\", \"Chromium\";v=\"139\"",
    "content-type": "application/json",
    "sec-ch-ua-mobile": "?0",
    "origin": "http://localhost:3000",
    "sec-fetch-site": "same-site",
    "sec-fetch-mode": "cors",
    "sec-fetch-dest": "empty",
    "referer": "http://localhost:3000/",
    "accept-encoding": "gzip, deflate, br, zstd",
    "accept-language": "en-US,en;q=0.9",
    "cookie": "***REDACTED***"
  },
  "query": {}
}
[2025-08-27 08:15:21] info: {
  "method": "PUT",
  "url": "/api/admin/categories/68a0baec607804f534eaf331",
  "ip": "::1",
  "userAgent": "Mozilla/5.0 (Windows NT 10.0; Win64; x64) AppleWebKit/537.36 (KHTML, like Gecko) Chrome/139.0.0.0 Safari/537.36",
  "headers": {
    "host": "localhost:9999",
    "connection": "keep-alive",
    "content-length": "15",
    "sec-ch-ua-platform": "\"Windows\"",
    "user-agent": "Mozilla/5.0 (Windows NT 10.0; Win64; x64) AppleWebKit/537.36 (KHTML, like Gecko) Chrome/139.0.0.0 Safari/537.36",
    "accept": "application/json, text/plain, */*",
    "sec-ch-ua": "\"Not;A=Brand\";v=\"99\", \"Google Chrome\";v=\"139\", \"Chromium\";v=\"139\"",
    "content-type": "application/json",
    "sec-ch-ua-mobile": "?0",
    "origin": "http://localhost:3000",
    "sec-fetch-site": "same-site",
    "sec-fetch-mode": "cors",
    "sec-fetch-dest": "empty",
    "referer": "http://localhost:3000/",
    "accept-encoding": "gzip, deflate, br, zstd",
    "accept-language": "en-US,en;q=0.9",
    "cookie": "***REDACTED***"
  },
  "query": {}
}
[2025-08-27 08:15:21] info: {
  "method": "GET",
  "url": "/api/admin/categories",
  "ip": "::1",
  "userAgent": "Mozilla/5.0 (Windows NT 10.0; Win64; x64) AppleWebKit/537.36 (KHTML, like Gecko) Chrome/139.0.0.0 Safari/537.36",
  "headers": {
    "host": "localhost:9999",
    "connection": "keep-alive",
    "sec-ch-ua-platform": "\"Windows\"",
    "user-agent": "Mozilla/5.0 (Windows NT 10.0; Win64; x64) AppleWebKit/537.36 (KHTML, like Gecko) Chrome/139.0.0.0 Safari/537.36",
    "accept": "application/json, text/plain, */*",
    "sec-ch-ua": "\"Not;A=Brand\";v=\"99\", \"Google Chrome\";v=\"139\", \"Chromium\";v=\"139\"",
    "sec-ch-ua-mobile": "?0",
    "origin": "http://localhost:3000",
    "sec-fetch-site": "same-site",
    "sec-fetch-mode": "cors",
    "sec-fetch-dest": "empty",
    "referer": "http://localhost:3000/",
    "accept-encoding": "gzip, deflate, br, zstd",
    "accept-language": "en-US,en;q=0.9",
    "cookie": "***REDACTED***",
    "if-none-match": "W/\"a82-Yoo/J8LyNyeEn9A6EBFYsTe4nBM\""
  },
  "query": {}
}
[2025-08-27 08:15:28] info: {
  "method": "OPTIONS",
  "url": "/api/admin/categories/689f1c0a57efba95c6bf0509",
  "ip": "::1",
  "userAgent": "Mozilla/5.0 (Windows NT 10.0; Win64; x64) AppleWebKit/537.36 (KHTML, like Gecko) Chrome/139.0.0.0 Safari/537.36",
  "headers": {
    "host": "localhost:9999",
    "connection": "keep-alive",
    "accept": "*/*",
    "access-control-request-method": "PUT",
    "access-control-request-headers": "content-type",
    "origin": "http://localhost:3000",
    "user-agent": "Mozilla/5.0 (Windows NT 10.0; Win64; x64) AppleWebKit/537.36 (KHTML, like Gecko) Chrome/139.0.0.0 Safari/537.36",
    "sec-fetch-mode": "cors",
    "sec-fetch-site": "same-site",
    "sec-fetch-dest": "empty",
    "referer": "http://localhost:3000/",
    "accept-encoding": "gzip, deflate, br, zstd",
    "accept-language": "en-US,en;q=0.9"
  },
  "query": {}
}
[2025-08-27 08:15:28] info: {
  "method": "OPTIONS",
  "url": "/api/admin/categories/689f360fd6cf37d1185c039b",
  "ip": "::1",
  "userAgent": "Mozilla/5.0 (Windows NT 10.0; Win64; x64) AppleWebKit/537.36 (KHTML, like Gecko) Chrome/139.0.0.0 Safari/537.36",
  "headers": {
    "host": "localhost:9999",
    "connection": "keep-alive",
    "accept": "*/*",
    "access-control-request-method": "PUT",
    "access-control-request-headers": "content-type",
    "origin": "http://localhost:3000",
    "user-agent": "Mozilla/5.0 (Windows NT 10.0; Win64; x64) AppleWebKit/537.36 (KHTML, like Gecko) Chrome/139.0.0.0 Safari/537.36",
    "sec-fetch-mode": "cors",
    "sec-fetch-site": "same-site",
    "sec-fetch-dest": "empty",
    "referer": "http://localhost:3000/",
    "accept-encoding": "gzip, deflate, br, zstd",
    "accept-language": "en-US,en;q=0.9"
  },
  "query": {}
}
[2025-08-27 08:15:28] info: {
  "method": "PUT",
  "url": "/api/admin/categories/689f1c0a57efba95c6bf0509",
  "ip": "::1",
  "userAgent": "Mozilla/5.0 (Windows NT 10.0; Win64; x64) AppleWebKit/537.36 (KHTML, like Gecko) Chrome/139.0.0.0 Safari/537.36",
  "headers": {
    "host": "localhost:9999",
    "connection": "keep-alive",
    "content-length": "16",
    "sec-ch-ua-platform": "\"Windows\"",
    "user-agent": "Mozilla/5.0 (Windows NT 10.0; Win64; x64) AppleWebKit/537.36 (KHTML, like Gecko) Chrome/139.0.0.0 Safari/537.36",
    "accept": "application/json, text/plain, */*",
    "sec-ch-ua": "\"Not;A=Brand\";v=\"99\", \"Google Chrome\";v=\"139\", \"Chromium\";v=\"139\"",
    "content-type": "application/json",
    "sec-ch-ua-mobile": "?0",
    "origin": "http://localhost:3000",
    "sec-fetch-site": "same-site",
    "sec-fetch-mode": "cors",
    "sec-fetch-dest": "empty",
    "referer": "http://localhost:3000/",
    "accept-encoding": "gzip, deflate, br, zstd",
    "accept-language": "en-US,en;q=0.9",
    "cookie": "***REDACTED***"
  },
  "query": {}
}
[2025-08-27 08:15:28] info: {
  "method": "PUT",
  "url": "/api/admin/categories/689f360fd6cf37d1185c039b",
  "ip": "::1",
  "userAgent": "Mozilla/5.0 (Windows NT 10.0; Win64; x64) AppleWebKit/537.36 (KHTML, like Gecko) Chrome/139.0.0.0 Safari/537.36",
  "headers": {
    "host": "localhost:9999",
    "connection": "keep-alive",
    "content-length": "16",
    "sec-ch-ua-platform": "\"Windows\"",
    "user-agent": "Mozilla/5.0 (Windows NT 10.0; Win64; x64) AppleWebKit/537.36 (KHTML, like Gecko) Chrome/139.0.0.0 Safari/537.36",
    "accept": "application/json, text/plain, */*",
    "sec-ch-ua": "\"Not;A=Brand\";v=\"99\", \"Google Chrome\";v=\"139\", \"Chromium\";v=\"139\"",
    "content-type": "application/json",
    "sec-ch-ua-mobile": "?0",
    "origin": "http://localhost:3000",
    "sec-fetch-site": "same-site",
    "sec-fetch-mode": "cors",
    "sec-fetch-dest": "empty",
    "referer": "http://localhost:3000/",
    "accept-encoding": "gzip, deflate, br, zstd",
    "accept-language": "en-US,en;q=0.9",
    "cookie": "***REDACTED***"
  },
  "query": {}
}
[2025-08-27 08:15:28] info: {
  "method": "GET",
  "url": "/api/admin/categories",
  "ip": "::1",
  "userAgent": "Mozilla/5.0 (Windows NT 10.0; Win64; x64) AppleWebKit/537.36 (KHTML, like Gecko) Chrome/139.0.0.0 Safari/537.36",
  "headers": {
    "host": "localhost:9999",
    "connection": "keep-alive",
    "sec-ch-ua-platform": "\"Windows\"",
    "user-agent": "Mozilla/5.0 (Windows NT 10.0; Win64; x64) AppleWebKit/537.36 (KHTML, like Gecko) Chrome/139.0.0.0 Safari/537.36",
    "accept": "application/json, text/plain, */*",
    "sec-ch-ua": "\"Not;A=Brand\";v=\"99\", \"Google Chrome\";v=\"139\", \"Chromium\";v=\"139\"",
    "sec-ch-ua-mobile": "?0",
    "origin": "http://localhost:3000",
    "sec-fetch-site": "same-site",
    "sec-fetch-mode": "cors",
    "sec-fetch-dest": "empty",
    "referer": "http://localhost:3000/",
    "accept-encoding": "gzip, deflate, br, zstd",
    "accept-language": "en-US,en;q=0.9",
    "cookie": "***REDACTED***",
    "if-none-match": "W/\"a83-FIudSQ99uHxFj/EJGk6dGMrPBvM\""
  },
  "query": {}
}
[2025-08-27 08:15:32] info: {
  "method": "PUT",
  "url": "/api/admin/categories/689f1c0a57efba95c6bf0509",
  "ip": "::1",
  "userAgent": "Mozilla/5.0 (Windows NT 10.0; Win64; x64) AppleWebKit/537.36 (KHTML, like Gecko) Chrome/139.0.0.0 Safari/537.36",
  "headers": {
    "host": "localhost:9999",
    "connection": "keep-alive",
    "content-length": "15",
    "sec-ch-ua-platform": "\"Windows\"",
    "user-agent": "Mozilla/5.0 (Windows NT 10.0; Win64; x64) AppleWebKit/537.36 (KHTML, like Gecko) Chrome/139.0.0.0 Safari/537.36",
    "accept": "application/json, text/plain, */*",
    "sec-ch-ua": "\"Not;A=Brand\";v=\"99\", \"Google Chrome\";v=\"139\", \"Chromium\";v=\"139\"",
    "content-type": "application/json",
    "sec-ch-ua-mobile": "?0",
    "origin": "http://localhost:3000",
    "sec-fetch-site": "same-site",
    "sec-fetch-mode": "cors",
    "sec-fetch-dest": "empty",
    "referer": "http://localhost:3000/",
    "accept-encoding": "gzip, deflate, br, zstd",
    "accept-language": "en-US,en;q=0.9",
    "cookie": "***REDACTED***"
  },
  "query": {}
}
[2025-08-27 08:15:32] info: {
  "method": "OPTIONS",
  "url": "/api/admin/categories/689f34af4a561f89a3a9379e",
  "ip": "::1",
  "userAgent": "Mozilla/5.0 (Windows NT 10.0; Win64; x64) AppleWebKit/537.36 (KHTML, like Gecko) Chrome/139.0.0.0 Safari/537.36",
  "headers": {
    "host": "localhost:9999",
    "connection": "keep-alive",
    "accept": "*/*",
    "access-control-request-method": "PUT",
    "access-control-request-headers": "content-type",
    "origin": "http://localhost:3000",
    "user-agent": "Mozilla/5.0 (Windows NT 10.0; Win64; x64) AppleWebKit/537.36 (KHTML, like Gecko) Chrome/139.0.0.0 Safari/537.36",
    "sec-fetch-mode": "cors",
    "sec-fetch-site": "same-site",
    "sec-fetch-dest": "empty",
    "referer": "http://localhost:3000/",
    "accept-encoding": "gzip, deflate, br, zstd",
    "accept-language": "en-US,en;q=0.9"
  },
  "query": {}
}
[2025-08-27 08:15:32] info: {
  "method": "PUT",
  "url": "/api/admin/categories/689f34af4a561f89a3a9379e",
  "ip": "::1",
  "userAgent": "Mozilla/5.0 (Windows NT 10.0; Win64; x64) AppleWebKit/537.36 (KHTML, like Gecko) Chrome/139.0.0.0 Safari/537.36",
  "headers": {
    "host": "localhost:9999",
    "connection": "keep-alive",
    "content-length": "16",
    "sec-ch-ua-platform": "\"Windows\"",
    "user-agent": "Mozilla/5.0 (Windows NT 10.0; Win64; x64) AppleWebKit/537.36 (KHTML, like Gecko) Chrome/139.0.0.0 Safari/537.36",
    "accept": "application/json, text/plain, */*",
    "sec-ch-ua": "\"Not;A=Brand\";v=\"99\", \"Google Chrome\";v=\"139\", \"Chromium\";v=\"139\"",
    "content-type": "application/json",
    "sec-ch-ua-mobile": "?0",
    "origin": "http://localhost:3000",
    "sec-fetch-site": "same-site",
    "sec-fetch-mode": "cors",
    "sec-fetch-dest": "empty",
    "referer": "http://localhost:3000/",
    "accept-encoding": "gzip, deflate, br, zstd",
    "accept-language": "en-US,en;q=0.9",
    "cookie": "***REDACTED***"
  },
  "query": {}
}
[2025-08-27 08:15:32] info: {
  "method": "GET",
  "url": "/api/admin/categories",
  "ip": "::1",
  "userAgent": "Mozilla/5.0 (Windows NT 10.0; Win64; x64) AppleWebKit/537.36 (KHTML, like Gecko) Chrome/139.0.0.0 Safari/537.36",
  "headers": {
    "host": "localhost:9999",
    "connection": "keep-alive",
    "sec-ch-ua-platform": "\"Windows\"",
    "user-agent": "Mozilla/5.0 (Windows NT 10.0; Win64; x64) AppleWebKit/537.36 (KHTML, like Gecko) Chrome/139.0.0.0 Safari/537.36",
    "accept": "application/json, text/plain, */*",
    "sec-ch-ua": "\"Not;A=Brand\";v=\"99\", \"Google Chrome\";v=\"139\", \"Chromium\";v=\"139\"",
    "sec-ch-ua-mobile": "?0",
    "origin": "http://localhost:3000",
    "sec-fetch-site": "same-site",
    "sec-fetch-mode": "cors",
    "sec-fetch-dest": "empty",
    "referer": "http://localhost:3000/",
    "accept-encoding": "gzip, deflate, br, zstd",
    "accept-language": "en-US,en;q=0.9",
    "cookie": "***REDACTED***",
    "if-none-match": "W/\"a83-fTvYWAekxZTtVA6RfZKbVzv511c\""
  },
  "query": {}
}
[2025-08-27 08:15:33] info: {
  "method": "PUT",
  "url": "/api/admin/categories/689f1c0a57efba95c6bf0509",
  "ip": "::1",
  "userAgent": "Mozilla/5.0 (Windows NT 10.0; Win64; x64) AppleWebKit/537.36 (KHTML, like Gecko) Chrome/139.0.0.0 Safari/537.36",
  "headers": {
    "host": "localhost:9999",
    "connection": "keep-alive",
    "content-length": "15",
    "sec-ch-ua-platform": "\"Windows\"",
    "user-agent": "Mozilla/5.0 (Windows NT 10.0; Win64; x64) AppleWebKit/537.36 (KHTML, like Gecko) Chrome/139.0.0.0 Safari/537.36",
    "accept": "application/json, text/plain, */*",
    "sec-ch-ua": "\"Not;A=Brand\";v=\"99\", \"Google Chrome\";v=\"139\", \"Chromium\";v=\"139\"",
    "content-type": "application/json",
    "sec-ch-ua-mobile": "?0",
    "origin": "http://localhost:3000",
    "sec-fetch-site": "same-site",
    "sec-fetch-mode": "cors",
    "sec-fetch-dest": "empty",
    "referer": "http://localhost:3000/",
    "accept-encoding": "gzip, deflate, br, zstd",
    "accept-language": "en-US,en;q=0.9",
    "cookie": "***REDACTED***"
  },
  "query": {}
}
[2025-08-27 08:15:33] info: {
  "method": "OPTIONS",
  "url": "/api/admin/categories/689f3739d6cf37d1185c039f",
  "ip": "::1",
  "userAgent": "Mozilla/5.0 (Windows NT 10.0; Win64; x64) AppleWebKit/537.36 (KHTML, like Gecko) Chrome/139.0.0.0 Safari/537.36",
  "headers": {
    "host": "localhost:9999",
    "connection": "keep-alive",
    "accept": "*/*",
    "access-control-request-method": "PUT",
    "access-control-request-headers": "content-type",
    "origin": "http://localhost:3000",
    "user-agent": "Mozilla/5.0 (Windows NT 10.0; Win64; x64) AppleWebKit/537.36 (KHTML, like Gecko) Chrome/139.0.0.0 Safari/537.36",
    "sec-fetch-mode": "cors",
    "sec-fetch-site": "same-site",
    "sec-fetch-dest": "empty",
    "referer": "http://localhost:3000/",
    "accept-encoding": "gzip, deflate, br, zstd",
    "accept-language": "en-US,en;q=0.9"
  },
  "query": {}
}
[2025-08-27 08:15:33] info: {
  "method": "PUT",
  "url": "/api/admin/categories/689f3739d6cf37d1185c039f",
  "ip": "::1",
  "userAgent": "Mozilla/5.0 (Windows NT 10.0; Win64; x64) AppleWebKit/537.36 (KHTML, like Gecko) Chrome/139.0.0.0 Safari/537.36",
  "headers": {
    "host": "localhost:9999",
    "connection": "keep-alive",
    "content-length": "15",
    "sec-ch-ua-platform": "\"Windows\"",
    "user-agent": "Mozilla/5.0 (Windows NT 10.0; Win64; x64) AppleWebKit/537.36 (KHTML, like Gecko) Chrome/139.0.0.0 Safari/537.36",
    "accept": "application/json, text/plain, */*",
    "sec-ch-ua": "\"Not;A=Brand\";v=\"99\", \"Google Chrome\";v=\"139\", \"Chromium\";v=\"139\"",
    "content-type": "application/json",
    "sec-ch-ua-mobile": "?0",
    "origin": "http://localhost:3000",
    "sec-fetch-site": "same-site",
    "sec-fetch-mode": "cors",
    "sec-fetch-dest": "empty",
    "referer": "http://localhost:3000/",
    "accept-encoding": "gzip, deflate, br, zstd",
    "accept-language": "en-US,en;q=0.9",
    "cookie": "***REDACTED***"
  },
  "query": {}
}
[2025-08-27 08:15:33] info: {
  "method": "GET",
  "url": "/api/admin/categories",
  "ip": "::1",
  "userAgent": "Mozilla/5.0 (Windows NT 10.0; Win64; x64) AppleWebKit/537.36 (KHTML, like Gecko) Chrome/139.0.0.0 Safari/537.36",
  "headers": {
    "host": "localhost:9999",
    "connection": "keep-alive",
    "sec-ch-ua-platform": "\"Windows\"",
    "user-agent": "Mozilla/5.0 (Windows NT 10.0; Win64; x64) AppleWebKit/537.36 (KHTML, like Gecko) Chrome/139.0.0.0 Safari/537.36",
    "accept": "application/json, text/plain, */*",
    "sec-ch-ua": "\"Not;A=Brand\";v=\"99\", \"Google Chrome\";v=\"139\", \"Chromium\";v=\"139\"",
    "sec-ch-ua-mobile": "?0",
    "origin": "http://localhost:3000",
    "sec-fetch-site": "same-site",
    "sec-fetch-mode": "cors",
    "sec-fetch-dest": "empty",
    "referer": "http://localhost:3000/",
    "accept-encoding": "gzip, deflate, br, zstd",
    "accept-language": "en-US,en;q=0.9",
    "cookie": "***REDACTED***",
    "if-none-match": "W/\"a83-E5COikcGg8gStz7mXjAu9XY5Fak\""
  },
  "query": {}
}
[2025-08-27 08:16:13] info: {
  "method": "GET",
  "url": "/api/admin/categories",
  "ip": "::1",
  "userAgent": "bruno-runtime/2.9.1",
  "headers": {
    "accept": "application/json, text/plain, */*",
    "content-type": "application/json",
    "user-agent": "bruno-runtime/2.9.1",
    "cookie": "***REDACTED***",
    "request-start-time": "1756269973977",
    "accept-encoding": "gzip, compress, deflate, br",
    "host": "localhost:9999",
    "connection": "keep-alive"
  },
  "query": {}
}
[2025-08-27 08:16:21] info: {
  "method": "GET",
  "url": "/api/user-details",
  "ip": "::1",
  "userAgent": "Mozilla/5.0 (Windows NT 10.0; Win64; x64) AppleWebKit/537.36 (KHTML, like Gecko) Chrome/139.0.0.0 Safari/537.36",
  "headers": {
    "host": "localhost:9999",
    "connection": "keep-alive",
    "sec-ch-ua-platform": "\"Windows\"",
    "user-agent": "Mozilla/5.0 (Windows NT 10.0; Win64; x64) AppleWebKit/537.36 (KHTML, like Gecko) Chrome/139.0.0.0 Safari/537.36",
    "accept": "application/json, text/plain, */*",
    "sec-ch-ua": "\"Not;A=Brand\";v=\"99\", \"Google Chrome\";v=\"139\", \"Chromium\";v=\"139\"",
    "sec-ch-ua-mobile": "?0",
    "origin": "http://localhost:3000",
    "sec-fetch-site": "same-site",
    "sec-fetch-mode": "cors",
    "sec-fetch-dest": "empty",
    "referer": "http://localhost:3000/",
    "accept-encoding": "gzip, deflate, br, zstd",
    "accept-language": "en-US,en;q=0.9",
    "cookie": "***REDACTED***",
    "if-none-match": "W/\"143-Kupxt3BNr8PmyuAiAyt4HTpCxAM\""
  },
  "query": {}
}
[2025-08-27 08:16:21] info: {
  "method": "GET",
  "url": "/api/admin/categories",
  "ip": "::1",
  "userAgent": "Mozilla/5.0 (Windows NT 10.0; Win64; x64) AppleWebKit/537.36 (KHTML, like Gecko) Chrome/139.0.0.0 Safari/537.36",
  "headers": {
    "host": "localhost:9999",
    "connection": "keep-alive",
    "sec-ch-ua-platform": "\"Windows\"",
    "user-agent": "Mozilla/5.0 (Windows NT 10.0; Win64; x64) AppleWebKit/537.36 (KHTML, like Gecko) Chrome/139.0.0.0 Safari/537.36",
    "accept": "application/json, text/plain, */*",
    "sec-ch-ua": "\"Not;A=Brand\";v=\"99\", \"Google Chrome\";v=\"139\", \"Chromium\";v=\"139\"",
    "sec-ch-ua-mobile": "?0",
    "origin": "http://localhost:3000",
    "sec-fetch-site": "same-site",
    "sec-fetch-mode": "cors",
    "sec-fetch-dest": "empty",
    "referer": "http://localhost:3000/",
    "accept-encoding": "gzip, deflate, br, zstd",
    "accept-language": "en-US,en;q=0.9",
    "cookie": "***REDACTED***",
    "if-none-match": "W/\"a83-6guRuTW/+mvoNVhaIp2sR5gmfuY\""
  },
  "query": {}
}
[2025-08-27 08:16:21] info: {
  "method": "GET",
  "url": "/api/admin/categories",
  "ip": "::1",
  "userAgent": "Mozilla/5.0 (Windows NT 10.0; Win64; x64) AppleWebKit/537.36 (KHTML, like Gecko) Chrome/139.0.0.0 Safari/537.36",
  "headers": {
    "host": "localhost:9999",
    "connection": "keep-alive",
    "sec-ch-ua-platform": "\"Windows\"",
    "user-agent": "Mozilla/5.0 (Windows NT 10.0; Win64; x64) AppleWebKit/537.36 (KHTML, like Gecko) Chrome/139.0.0.0 Safari/537.36",
    "accept": "application/json, text/plain, */*",
    "sec-ch-ua": "\"Not;A=Brand\";v=\"99\", \"Google Chrome\";v=\"139\", \"Chromium\";v=\"139\"",
    "sec-ch-ua-mobile": "?0",
    "origin": "http://localhost:3000",
    "sec-fetch-site": "same-site",
    "sec-fetch-mode": "cors",
    "sec-fetch-dest": "empty",
    "referer": "http://localhost:3000/",
    "accept-encoding": "gzip, deflate, br, zstd",
    "accept-language": "en-US,en;q=0.9",
    "cookie": "***REDACTED***",
    "if-none-match": "W/\"a83-6guRuTW/+mvoNVhaIp2sR5gmfuY\""
  },
  "query": {}
}
[2025-08-27 08:17:37] info: {
  "method": "GET",
  "url": "/api/user-details",
  "ip": "::1",
  "userAgent": "Mozilla/5.0 (Windows NT 10.0; Win64; x64) AppleWebKit/537.36 (KHTML, like Gecko) Chrome/139.0.0.0 Safari/537.36",
  "headers": {
    "host": "localhost:9999",
    "connection": "keep-alive",
    "sec-ch-ua-platform": "\"Windows\"",
    "user-agent": "Mozilla/5.0 (Windows NT 10.0; Win64; x64) AppleWebKit/537.36 (KHTML, like Gecko) Chrome/139.0.0.0 Safari/537.36",
    "accept": "application/json, text/plain, */*",
    "sec-ch-ua": "\"Not;A=Brand\";v=\"99\", \"Google Chrome\";v=\"139\", \"Chromium\";v=\"139\"",
    "sec-ch-ua-mobile": "?0",
    "origin": "http://localhost:3000",
    "sec-fetch-site": "same-site",
    "sec-fetch-mode": "cors",
    "sec-fetch-dest": "empty",
    "referer": "http://localhost:3000/",
    "accept-encoding": "gzip, deflate, br, zstd",
    "accept-language": "en-US,en;q=0.9",
    "if-none-match": "W/\"143-Kupxt3BNr8PmyuAiAyt4HTpCxAM\""
  },
  "query": {}
}
[2025-08-27 08:17:41] info: {
  "method": "OPTIONS",
  "url": "/api/login",
  "ip": "::1",
  "userAgent": "Mozilla/5.0 (Windows NT 10.0; Win64; x64) AppleWebKit/537.36 (KHTML, like Gecko) Chrome/139.0.0.0 Safari/537.36",
  "headers": {
    "host": "localhost:9999",
    "connection": "keep-alive",
    "accept": "*/*",
    "access-control-request-method": "POST",
    "access-control-request-headers": "content-type",
    "origin": "http://localhost:3000",
    "user-agent": "Mozilla/5.0 (Windows NT 10.0; Win64; x64) AppleWebKit/537.36 (KHTML, like Gecko) Chrome/139.0.0.0 Safari/537.36",
    "sec-fetch-mode": "cors",
    "sec-fetch-site": "same-site",
    "sec-fetch-dest": "empty",
    "referer": "http://localhost:3000/",
    "accept-encoding": "gzip, deflate, br, zstd",
    "accept-language": "en-US,en;q=0.9"
  },
  "query": {}
}
[2025-08-27 08:17:41] info: {
  "method": "POST",
  "url": "/api/login",
  "ip": "::1",
  "userAgent": "Mozilla/5.0 (Windows NT 10.0; Win64; x64) AppleWebKit/537.36 (KHTML, like Gecko) Chrome/139.0.0.0 Safari/537.36",
  "headers": {
    "host": "localhost:9999",
    "connection": "keep-alive",
    "content-length": "70",
    "sec-ch-ua-platform": "\"Windows\"",
    "user-agent": "Mozilla/5.0 (Windows NT 10.0; Win64; x64) AppleWebKit/537.36 (KHTML, like Gecko) Chrome/139.0.0.0 Safari/537.36",
    "accept": "application/json, text/plain, */*",
    "sec-ch-ua": "\"Not;A=Brand\";v=\"99\", \"Google Chrome\";v=\"139\", \"Chromium\";v=\"139\"",
    "content-type": "application/json",
    "sec-ch-ua-mobile": "?0",
    "origin": "http://localhost:3000",
    "sec-fetch-site": "same-site",
    "sec-fetch-mode": "cors",
    "sec-fetch-dest": "empty",
    "referer": "http://localhost:3000/",
    "accept-encoding": "gzip, deflate, br, zstd",
    "accept-language": "en-US,en;q=0.9"
  },
  "query": {}
}
[2025-08-27 08:17:43] info: {
  "method": "GET",
  "url": "/api/user-details",
  "ip": "::1",
  "userAgent": "Mozilla/5.0 (Windows NT 10.0; Win64; x64) AppleWebKit/537.36 (KHTML, like Gecko) Chrome/139.0.0.0 Safari/537.36",
  "headers": {
    "host": "localhost:9999",
    "connection": "keep-alive",
    "sec-ch-ua-platform": "\"Windows\"",
    "user-agent": "Mozilla/5.0 (Windows NT 10.0; Win64; x64) AppleWebKit/537.36 (KHTML, like Gecko) Chrome/139.0.0.0 Safari/537.36",
    "accept": "application/json, text/plain, */*",
    "sec-ch-ua": "\"Not;A=Brand\";v=\"99\", \"Google Chrome\";v=\"139\", \"Chromium\";v=\"139\"",
    "sec-ch-ua-mobile": "?0",
    "origin": "http://localhost:3000",
    "sec-fetch-site": "same-site",
    "sec-fetch-mode": "cors",
    "sec-fetch-dest": "empty",
    "referer": "http://localhost:3000/",
    "accept-encoding": "gzip, deflate, br, zstd",
    "accept-language": "en-US,en;q=0.9",
    "cookie": "***REDACTED***",
    "if-none-match": "W/\"75-eEE7q+DcizBHlMNgZits3bWQuHs\""
  },
  "query": {}
}
[2025-08-27 08:28:34] info: {
  "method": "GET",
  "url": "/api/admin/categories",
  "ip": "::1",
  "userAgent": "Mozilla/5.0 (Windows NT 10.0; Win64; x64) AppleWebKit/537.36 (KHTML, like Gecko) Chrome/139.0.0.0 Safari/537.36",
  "headers": {
    "host": "localhost:9999",
    "connection": "keep-alive",
    "sec-ch-ua-platform": "\"Windows\"",
    "user-agent": "Mozilla/5.0 (Windows NT 10.0; Win64; x64) AppleWebKit/537.36 (KHTML, like Gecko) Chrome/139.0.0.0 Safari/537.36",
    "accept": "application/json, text/plain, */*",
    "sec-ch-ua": "\"Not;A=Brand\";v=\"99\", \"Google Chrome\";v=\"139\", \"Chromium\";v=\"139\"",
    "sec-ch-ua-mobile": "?0",
    "origin": "http://localhost:3000",
    "sec-fetch-site": "same-site",
    "sec-fetch-mode": "cors",
    "sec-fetch-dest": "empty",
    "referer": "http://localhost:3000/",
    "accept-encoding": "gzip, deflate, br, zstd",
    "accept-language": "en-US,en;q=0.9",
    "cookie": "***REDACTED***",
    "if-none-match": "W/\"a83-6guRuTW/+mvoNVhaIp2sR5gmfuY\""
  },
  "query": {}
}
[2025-08-27 08:28:34] info: {
  "method": "GET",
  "url": "/api/admin/categories",
  "ip": "::1",
  "userAgent": "Mozilla/5.0 (Windows NT 10.0; Win64; x64) AppleWebKit/537.36 (KHTML, like Gecko) Chrome/139.0.0.0 Safari/537.36",
  "headers": {
    "host": "localhost:9999",
    "connection": "keep-alive",
    "sec-ch-ua-platform": "\"Windows\"",
    "user-agent": "Mozilla/5.0 (Windows NT 10.0; Win64; x64) AppleWebKit/537.36 (KHTML, like Gecko) Chrome/139.0.0.0 Safari/537.36",
    "accept": "application/json, text/plain, */*",
    "sec-ch-ua": "\"Not;A=Brand\";v=\"99\", \"Google Chrome\";v=\"139\", \"Chromium\";v=\"139\"",
    "sec-ch-ua-mobile": "?0",
    "origin": "http://localhost:3000",
    "sec-fetch-site": "same-site",
    "sec-fetch-mode": "cors",
    "sec-fetch-dest": "empty",
    "referer": "http://localhost:3000/",
    "accept-encoding": "gzip, deflate, br, zstd",
    "accept-language": "en-US,en;q=0.9",
    "cookie": "***REDACTED***",
    "if-none-match": "W/\"a83-6guRuTW/+mvoNVhaIp2sR5gmfuY\""
  },
  "query": {}
}
[2025-08-27 08:43:14] info: {
  "method": "GET",
  "url": "/api/user-details",
  "ip": "::1",
  "userAgent": "Mozilla/5.0 (Windows NT 10.0; Win64; x64) AppleWebKit/537.36 (KHTML, like Gecko) Chrome/139.0.0.0 Safari/537.36",
  "headers": {
    "host": "localhost:9999",
    "connection": "keep-alive",
    "sec-ch-ua-platform": "\"Windows\"",
    "user-agent": "Mozilla/5.0 (Windows NT 10.0; Win64; x64) AppleWebKit/537.36 (KHTML, like Gecko) Chrome/139.0.0.0 Safari/537.36",
    "accept": "application/json, text/plain, */*",
    "sec-ch-ua": "\"Not;A=Brand\";v=\"99\", \"Google Chrome\";v=\"139\", \"Chromium\";v=\"139\"",
    "sec-ch-ua-mobile": "?0",
    "origin": "http://localhost:3000",
    "sec-fetch-site": "same-site",
    "sec-fetch-mode": "cors",
    "sec-fetch-dest": "empty",
    "referer": "http://localhost:3000/",
    "accept-encoding": "gzip, deflate, br, zstd",
    "accept-language": "en-US,en;q=0.9",
    "cookie": "***REDACTED***",
    "if-none-match": "W/\"143-Kupxt3BNr8PmyuAiAyt4HTpCxAM\""
  },
  "query": {}
}
[2025-08-27 08:43:14] info: {
  "method": "GET",
  "url": "/api/admin/categories",
  "ip": "::1",
  "userAgent": "Mozilla/5.0 (Windows NT 10.0; Win64; x64) AppleWebKit/537.36 (KHTML, like Gecko) Chrome/139.0.0.0 Safari/537.36",
  "headers": {
    "host": "localhost:9999",
    "connection": "keep-alive",
    "sec-ch-ua-platform": "\"Windows\"",
    "user-agent": "Mozilla/5.0 (Windows NT 10.0; Win64; x64) AppleWebKit/537.36 (KHTML, like Gecko) Chrome/139.0.0.0 Safari/537.36",
    "accept": "application/json, text/plain, */*",
    "sec-ch-ua": "\"Not;A=Brand\";v=\"99\", \"Google Chrome\";v=\"139\", \"Chromium\";v=\"139\"",
    "sec-ch-ua-mobile": "?0",
    "origin": "http://localhost:3000",
    "sec-fetch-site": "same-site",
    "sec-fetch-mode": "cors",
    "sec-fetch-dest": "empty",
    "referer": "http://localhost:3000/",
    "accept-encoding": "gzip, deflate, br, zstd",
    "accept-language": "en-US,en;q=0.9",
    "cookie": "***REDACTED***",
    "if-none-match": "W/\"a83-6guRuTW/+mvoNVhaIp2sR5gmfuY\""
  },
  "query": {}
}
[2025-08-27 08:43:14] info: {
  "method": "GET",
  "url": "/api/admin/categories",
  "ip": "::1",
  "userAgent": "Mozilla/5.0 (Windows NT 10.0; Win64; x64) AppleWebKit/537.36 (KHTML, like Gecko) Chrome/139.0.0.0 Safari/537.36",
  "headers": {
    "host": "localhost:9999",
    "connection": "keep-alive",
    "sec-ch-ua-platform": "\"Windows\"",
    "user-agent": "Mozilla/5.0 (Windows NT 10.0; Win64; x64) AppleWebKit/537.36 (KHTML, like Gecko) Chrome/139.0.0.0 Safari/537.36",
    "accept": "application/json, text/plain, */*",
    "sec-ch-ua": "\"Not;A=Brand\";v=\"99\", \"Google Chrome\";v=\"139\", \"Chromium\";v=\"139\"",
    "sec-ch-ua-mobile": "?0",
    "origin": "http://localhost:3000",
    "sec-fetch-site": "same-site",
    "sec-fetch-mode": "cors",
    "sec-fetch-dest": "empty",
    "referer": "http://localhost:3000/",
    "accept-encoding": "gzip, deflate, br, zstd",
    "accept-language": "en-US,en;q=0.9",
    "cookie": "***REDACTED***",
    "if-none-match": "W/\"a83-o7hgZWASDEBAilH9mc6WxAh+VoY\""
  },
  "query": {}
}
[2025-08-27 08:43:20] info: {
  "method": "OPTIONS",
  "url": "/api/admin/categories/689f360fd6cf37d1185c039b",
  "ip": "::1",
  "userAgent": "Mozilla/5.0 (Windows NT 10.0; Win64; x64) AppleWebKit/537.36 (KHTML, like Gecko) Chrome/139.0.0.0 Safari/537.36",
  "headers": {
    "host": "localhost:9999",
    "connection": "keep-alive",
    "accept": "*/*",
    "access-control-request-method": "DELETE",
    "origin": "http://localhost:3000",
    "user-agent": "Mozilla/5.0 (Windows NT 10.0; Win64; x64) AppleWebKit/537.36 (KHTML, like Gecko) Chrome/139.0.0.0 Safari/537.36",
    "sec-fetch-mode": "cors",
    "sec-fetch-site": "same-site",
    "sec-fetch-dest": "empty",
    "referer": "http://localhost:3000/",
    "accept-encoding": "gzip, deflate, br, zstd",
    "accept-language": "en-US,en;q=0.9"
  },
  "query": {}
}
[2025-08-27 08:43:20] info: {
  "method": "DELETE",
  "url": "/api/admin/categories/689f360fd6cf37d1185c039b",
  "ip": "::1",
  "userAgent": "Mozilla/5.0 (Windows NT 10.0; Win64; x64) AppleWebKit/537.36 (KHTML, like Gecko) Chrome/139.0.0.0 Safari/537.36",
  "headers": {
    "host": "localhost:9999",
    "connection": "keep-alive",
    "sec-ch-ua-platform": "\"Windows\"",
    "user-agent": "Mozilla/5.0 (Windows NT 10.0; Win64; x64) AppleWebKit/537.36 (KHTML, like Gecko) Chrome/139.0.0.0 Safari/537.36",
    "accept": "application/json, text/plain, */*",
    "sec-ch-ua": "\"Not;A=Brand\";v=\"99\", \"Google Chrome\";v=\"139\", \"Chromium\";v=\"139\"",
    "sec-ch-ua-mobile": "?0",
    "origin": "http://localhost:3000",
    "sec-fetch-site": "same-site",
    "sec-fetch-mode": "cors",
    "sec-fetch-dest": "empty",
    "referer": "http://localhost:3000/",
    "accept-encoding": "gzip, deflate, br, zstd",
    "accept-language": "en-US,en;q=0.9",
    "cookie": "***REDACTED***"
  },
  "query": {}
}
[2025-08-27 08:44:33] info: {
  "method": "GET",
  "url": "/api/user-details",
  "ip": "::1",
  "userAgent": "Mozilla/5.0 (Windows NT 10.0; Win64; x64) AppleWebKit/537.36 (KHTML, like Gecko) Chrome/139.0.0.0 Safari/537.36",
  "headers": {
    "host": "localhost:9999",
    "connection": "keep-alive",
    "pragma": "no-cache",
    "cache-control": "no-cache",
    "sec-ch-ua-platform": "\"Windows\"",
    "user-agent": "Mozilla/5.0 (Windows NT 10.0; Win64; x64) AppleWebKit/537.36 (KHTML, like Gecko) Chrome/139.0.0.0 Safari/537.36",
    "accept": "application/json, text/plain, */*",
    "sec-ch-ua": "\"Not;A=Brand\";v=\"99\", \"Google Chrome\";v=\"139\", \"Chromium\";v=\"139\"",
    "sec-ch-ua-mobile": "?0",
    "origin": "http://localhost:3000",
    "sec-fetch-site": "same-site",
    "sec-fetch-mode": "cors",
    "sec-fetch-dest": "empty",
    "referer": "http://localhost:3000/",
    "accept-encoding": "gzip, deflate, br, zstd",
    "accept-language": "en-US,en;q=0.9",
    "cookie": "***REDACTED***"
  },
  "query": {}
}
[2025-08-27 08:44:33] info: {
  "method": "GET",
  "url": "/api/admin/categories",
  "ip": "::1",
  "userAgent": "Mozilla/5.0 (Windows NT 10.0; Win64; x64) AppleWebKit/537.36 (KHTML, like Gecko) Chrome/139.0.0.0 Safari/537.36",
  "headers": {
    "host": "localhost:9999",
    "connection": "keep-alive",
    "pragma": "no-cache",
    "cache-control": "no-cache",
    "sec-ch-ua-platform": "\"Windows\"",
    "user-agent": "Mozilla/5.0 (Windows NT 10.0; Win64; x64) AppleWebKit/537.36 (KHTML, like Gecko) Chrome/139.0.0.0 Safari/537.36",
    "accept": "application/json, text/plain, */*",
    "sec-ch-ua": "\"Not;A=Brand\";v=\"99\", \"Google Chrome\";v=\"139\", \"Chromium\";v=\"139\"",
    "sec-ch-ua-mobile": "?0",
    "origin": "http://localhost:3000",
    "sec-fetch-site": "same-site",
    "sec-fetch-mode": "cors",
    "sec-fetch-dest": "empty",
    "referer": "http://localhost:3000/",
    "accept-encoding": "gzip, deflate, br, zstd",
    "accept-language": "en-US,en;q=0.9",
    "cookie": "***REDACTED***"
  },
  "query": {}
}
[2025-08-27 08:44:33] info: {
  "method": "GET",
  "url": "/api/admin/categories",
  "ip": "::1",
  "userAgent": "Mozilla/5.0 (Windows NT 10.0; Win64; x64) AppleWebKit/537.36 (KHTML, like Gecko) Chrome/139.0.0.0 Safari/537.36",
  "headers": {
    "host": "localhost:9999",
    "connection": "keep-alive",
    "pragma": "no-cache",
    "cache-control": "no-cache",
    "sec-ch-ua-platform": "\"Windows\"",
    "user-agent": "Mozilla/5.0 (Windows NT 10.0; Win64; x64) AppleWebKit/537.36 (KHTML, like Gecko) Chrome/139.0.0.0 Safari/537.36",
    "accept": "application/json, text/plain, */*",
    "sec-ch-ua": "\"Not;A=Brand\";v=\"99\", \"Google Chrome\";v=\"139\", \"Chromium\";v=\"139\"",
    "sec-ch-ua-mobile": "?0",
    "origin": "http://localhost:3000",
    "sec-fetch-site": "same-site",
    "sec-fetch-mode": "cors",
    "sec-fetch-dest": "empty",
    "referer": "http://localhost:3000/",
    "accept-encoding": "gzip, deflate, br, zstd",
    "accept-language": "en-US,en;q=0.9",
    "cookie": "***REDACTED***"
  },
  "query": {}
}
[2025-08-27 08:45:41] info: {
  "method": "OPTIONS",
  "url": "/api/admin/categories",
  "ip": "::1",
  "userAgent": "Mozilla/5.0 (Windows NT 10.0; Win64; x64) AppleWebKit/537.36 (KHTML, like Gecko) Chrome/139.0.0.0 Safari/537.36",
  "headers": {
    "host": "localhost:9999",
    "connection": "keep-alive",
    "accept": "*/*",
    "access-control-request-method": "POST",
    "access-control-request-headers": "content-type",
    "origin": "http://localhost:3000",
    "user-agent": "Mozilla/5.0 (Windows NT 10.0; Win64; x64) AppleWebKit/537.36 (KHTML, like Gecko) Chrome/139.0.0.0 Safari/537.36",
    "sec-fetch-mode": "cors",
    "sec-fetch-site": "same-site",
    "sec-fetch-dest": "empty",
    "referer": "http://localhost:3000/",
    "accept-encoding": "gzip, deflate, br, zstd",
    "accept-language": "en-US,en;q=0.9"
  },
  "query": {}
}
[2025-08-27 08:45:41] info: {
  "method": "POST",
  "url": "/api/admin/categories",
  "ip": "::1",
  "userAgent": "Mozilla/5.0 (Windows NT 10.0; Win64; x64) AppleWebKit/537.36 (KHTML, like Gecko) Chrome/139.0.0.0 Safari/537.36",
  "headers": {
    "host": "localhost:9999",
    "connection": "keep-alive",
    "content-length": "253",
    "sec-ch-ua-platform": "\"Windows\"",
    "user-agent": "Mozilla/5.0 (Windows NT 10.0; Win64; x64) AppleWebKit/537.36 (KHTML, like Gecko) Chrome/139.0.0.0 Safari/537.36",
    "accept": "application/json, text/plain, */*",
    "sec-ch-ua": "\"Not;A=Brand\";v=\"99\", \"Google Chrome\";v=\"139\", \"Chromium\";v=\"139\"",
    "content-type": "application/json",
    "sec-ch-ua-mobile": "?0",
    "origin": "http://localhost:3000",
    "sec-fetch-site": "same-site",
    "sec-fetch-mode": "cors",
    "sec-fetch-dest": "empty",
    "referer": "http://localhost:3000/",
    "accept-encoding": "gzip, deflate, br, zstd",
    "accept-language": "en-US,en;q=0.9",
    "cookie": "***REDACTED***"
  },
  "query": {}
}
[2025-08-27 08:48:46] info: {
  "method": "POST",
  "url": "/api/admin/categories",
  "ip": "::1",
  "userAgent": "bruno-runtime/2.9.1",
  "headers": {
    "accept": "application/json, text/plain, */*",
    "content-type": "application/json",
    "user-agent": "bruno-runtime/2.9.1",
    "cookie": "***REDACTED***",
    "request-start-time": "1756271926196",
    "content-length": "108",
    "accept-encoding": "gzip, compress, deflate, br",
    "host": "localhost:9999",
    "connection": "keep-alive"
  },
  "query": {}
}
[2025-08-27 08:48:57] info: {
  "method": "POST",
  "url": "/api/admin/categories",
  "ip": "::1",
  "userAgent": "bruno-runtime/2.9.1",
  "headers": {
    "accept": "application/json, text/plain, */*",
    "content-type": "application/json",
    "user-agent": "bruno-runtime/2.9.1",
    "cookie": "***REDACTED***",
    "request-start-time": "1756271937587",
    "content-length": "106",
    "accept-encoding": "gzip, compress, deflate, br",
    "host": "localhost:9999",
    "connection": "keep-alive"
  },
  "query": {}
}
[2025-08-27 08:48:59] info: {
  "method": "POST",
  "url": "/api/admin/categories",
  "ip": "::1",
  "userAgent": "bruno-runtime/2.9.1",
  "headers": {
    "accept": "application/json, text/plain, */*",
    "content-type": "application/json",
    "user-agent": "bruno-runtime/2.9.1",
    "cookie": "***REDACTED***",
    "request-start-time": "1756271939344",
    "content-length": "106",
    "accept-encoding": "gzip, compress, deflate, br",
    "host": "localhost:9999",
    "connection": "keep-alive"
  },
  "query": {}
}
[2025-08-27 08:50:36] info: {
  "method": "POST",
  "url": "/api/admin/categories",
  "ip": "::1",
  "userAgent": "bruno-runtime/2.9.1",
  "headers": {
    "accept": "application/json, text/plain, */*",
    "content-type": "application/json",
    "user-agent": "bruno-runtime/2.9.1",
    "cookie": "***REDACTED***",
    "request-start-time": "1756272036194",
    "content-length": "106",
    "accept-encoding": "gzip, compress, deflate, br",
    "host": "localhost:9999",
    "connection": "keep-alive"
  },
  "query": {}
}
[2025-08-27 08:50:39] info: {
  "method": "POST",
  "url": "/api/admin/categories",
  "ip": "::1",
  "userAgent": "bruno-runtime/2.9.1",
  "headers": {
    "accept": "application/json, text/plain, */*",
    "content-type": "application/json",
    "user-agent": "bruno-runtime/2.9.1",
    "cookie": "***REDACTED***",
    "request-start-time": "1756272039649",
    "content-length": "106",
    "accept-encoding": "gzip, compress, deflate, br",
    "host": "localhost:9999",
    "connection": "keep-alive"
  },
  "query": {}
}
[2025-08-27 08:50:39] info: {
  "method": "POST",
  "url": "/api/admin/categories",
  "ip": "::1",
  "userAgent": "bruno-runtime/2.9.1",
  "headers": {
    "accept": "application/json, text/plain, */*",
    "content-type": "application/json",
    "user-agent": "bruno-runtime/2.9.1",
    "cookie": "***REDACTED***",
    "request-start-time": "1756272039894",
    "content-length": "106",
    "accept-encoding": "gzip, compress, deflate, br",
    "host": "localhost:9999",
    "connection": "keep-alive"
  },
  "query": {}
}
[2025-08-27 08:50:40] info: {
  "method": "POST",
  "url": "/api/admin/categories",
  "ip": "::1",
  "userAgent": "bruno-runtime/2.9.1",
  "headers": {
    "accept": "application/json, text/plain, */*",
    "content-type": "application/json",
    "user-agent": "bruno-runtime/2.9.1",
    "cookie": "***REDACTED***",
    "request-start-time": "1756272040128",
    "content-length": "106",
    "accept-encoding": "gzip, compress, deflate, br",
    "host": "localhost:9999",
    "connection": "keep-alive"
  },
  "query": {}
}
[2025-08-27 08:50:52] info: {
  "method": "POST",
  "url": "/api/admin/categories",
  "ip": "::1",
  "userAgent": "bruno-runtime/2.9.1",
  "headers": {
    "accept": "application/json, text/plain, */*",
    "content-type": "application/json",
    "user-agent": "bruno-runtime/2.9.1",
    "cookie": "***REDACTED***",
    "request-start-time": "1756272052779",
    "content-length": "106",
    "accept-encoding": "gzip, compress, deflate, br",
    "host": "localhost:9999",
    "connection": "keep-alive"
  },
  "query": {}
}
[2025-08-27 09:00:52] info: {
  "method": "OPTIONS",
  "url": "/api/admin/categories",
  "ip": "::1",
  "userAgent": "Mozilla/5.0 (Windows NT 10.0; Win64; x64) AppleWebKit/537.36 (KHTML, like Gecko) Chrome/139.0.0.0 Safari/537.36",
  "headers": {
    "host": "localhost:9999",
    "connection": "keep-alive",
    "pragma": "no-cache",
    "cache-control": "no-cache",
    "accept": "*/*",
    "access-control-request-method": "POST",
    "access-control-request-headers": "content-type",
    "origin": "http://localhost:3000",
    "user-agent": "Mozilla/5.0 (Windows NT 10.0; Win64; x64) AppleWebKit/537.36 (KHTML, like Gecko) Chrome/139.0.0.0 Safari/537.36",
    "sec-fetch-mode": "cors",
    "sec-fetch-site": "same-site",
    "sec-fetch-dest": "empty",
    "referer": "http://localhost:3000/",
    "accept-encoding": "gzip, deflate, br, zstd",
    "accept-language": "en-US,en;q=0.9"
  },
  "query": {}
}
[2025-08-27 09:00:52] info: {
  "method": "POST",
  "url": "/api/admin/categories",
  "ip": "::1",
  "userAgent": "Mozilla/5.0 (Windows NT 10.0; Win64; x64) AppleWebKit/537.36 (KHTML, like Gecko) Chrome/139.0.0.0 Safari/537.36",
  "headers": {
    "host": "localhost:9999",
    "connection": "keep-alive",
    "content-length": "253",
    "pragma": "no-cache",
    "cache-control": "no-cache",
    "sec-ch-ua-platform": "\"Windows\"",
    "user-agent": "Mozilla/5.0 (Windows NT 10.0; Win64; x64) AppleWebKit/537.36 (KHTML, like Gecko) Chrome/139.0.0.0 Safari/537.36",
    "accept": "application/json, text/plain, */*",
    "sec-ch-ua": "\"Not;A=Brand\";v=\"99\", \"Google Chrome\";v=\"139\", \"Chromium\";v=\"139\"",
    "content-type": "application/json",
    "sec-ch-ua-mobile": "?0",
    "origin": "http://localhost:3000",
    "sec-fetch-site": "same-site",
    "sec-fetch-mode": "cors",
    "sec-fetch-dest": "empty",
    "referer": "http://localhost:3000/",
    "accept-encoding": "gzip, deflate, br, zstd",
    "accept-language": "en-US,en;q=0.9",
    "cookie": "***REDACTED***"
  },
  "query": {}
}
[2025-08-27 09:00:52] info: {
  "method": "GET",
  "url": "/api/admin/categories",
  "ip": "::1",
  "userAgent": "Mozilla/5.0 (Windows NT 10.0; Win64; x64) AppleWebKit/537.36 (KHTML, like Gecko) Chrome/139.0.0.0 Safari/537.36",
  "headers": {
    "host": "localhost:9999",
    "connection": "keep-alive",
    "pragma": "no-cache",
    "cache-control": "no-cache",
    "sec-ch-ua-platform": "\"Windows\"",
    "user-agent": "Mozilla/5.0 (Windows NT 10.0; Win64; x64) AppleWebKit/537.36 (KHTML, like Gecko) Chrome/139.0.0.0 Safari/537.36",
    "accept": "application/json, text/plain, */*",
    "sec-ch-ua": "\"Not;A=Brand\";v=\"99\", \"Google Chrome\";v=\"139\", \"Chromium\";v=\"139\"",
    "sec-ch-ua-mobile": "?0",
    "origin": "http://localhost:3000",
    "sec-fetch-site": "same-site",
    "sec-fetch-mode": "cors",
    "sec-fetch-dest": "empty",
    "referer": "http://localhost:3000/",
    "accept-encoding": "gzip, deflate, br, zstd",
    "accept-language": "en-US,en;q=0.9",
    "cookie": "***REDACTED***"
  },
  "query": {}
}
[2025-08-27 09:01:01] info: {
  "method": "GET",
  "url": "/api/admin/categories",
  "ip": "::1",
  "userAgent": "bruno-runtime/2.9.1",
  "headers": {
    "accept": "application/json, text/plain, */*",
    "content-type": "application/json",
    "user-agent": "bruno-runtime/2.9.1",
    "cookie": "***REDACTED***",
    "request-start-time": "1756272661914",
    "accept-encoding": "gzip, compress, deflate, br",
    "host": "localhost:9999",
    "connection": "keep-alive"
  },
  "query": {}
}
[2025-08-27 09:01:14] info: {
  "method": "OPTIONS",
  "url": "/api/admin/categories/68ae980cc123496b3e6576a7",
  "ip": "::1",
  "userAgent": "Mozilla/5.0 (Windows NT 10.0; Win64; x64) AppleWebKit/537.36 (KHTML, like Gecko) Chrome/139.0.0.0 Safari/537.36",
  "headers": {
    "host": "localhost:9999",
    "connection": "keep-alive",
    "pragma": "no-cache",
    "cache-control": "no-cache",
    "accept": "*/*",
    "access-control-request-method": "PUT",
    "access-control-request-headers": "content-type",
    "origin": "http://localhost:3000",
    "user-agent": "Mozilla/5.0 (Windows NT 10.0; Win64; x64) AppleWebKit/537.36 (KHTML, like Gecko) Chrome/139.0.0.0 Safari/537.36",
    "sec-fetch-mode": "cors",
    "sec-fetch-site": "same-site",
    "sec-fetch-dest": "empty",
    "referer": "http://localhost:3000/",
    "accept-encoding": "gzip, deflate, br, zstd",
    "accept-language": "en-US,en;q=0.9"
  },
  "query": {}
}
[2025-08-27 09:01:14] info: {
  "method": "PUT",
  "url": "/api/admin/categories/68ae980cc123496b3e6576a7",
  "ip": "::1",
  "userAgent": "Mozilla/5.0 (Windows NT 10.0; Win64; x64) AppleWebKit/537.36 (KHTML, like Gecko) Chrome/139.0.0.0 Safari/537.36",
  "headers": {
    "host": "localhost:9999",
    "connection": "keep-alive",
    "content-length": "18",
    "pragma": "no-cache",
    "cache-control": "no-cache",
    "sec-ch-ua-platform": "\"Windows\"",
    "user-agent": "Mozilla/5.0 (Windows NT 10.0; Win64; x64) AppleWebKit/537.36 (KHTML, like Gecko) Chrome/139.0.0.0 Safari/537.36",
    "accept": "application/json, text/plain, */*",
    "sec-ch-ua": "\"Not;A=Brand\";v=\"99\", \"Google Chrome\";v=\"139\", \"Chromium\";v=\"139\"",
    "content-type": "application/json",
    "sec-ch-ua-mobile": "?0",
    "origin": "http://localhost:3000",
    "sec-fetch-site": "same-site",
    "sec-fetch-mode": "cors",
    "sec-fetch-dest": "empty",
    "referer": "http://localhost:3000/",
    "accept-encoding": "gzip, deflate, br, zstd",
    "accept-language": "en-US,en;q=0.9",
    "cookie": "***REDACTED***"
  },
  "query": {}
}
[2025-08-27 09:01:16] info: {
  "method": "GET",
  "url": "/api/admin/categories",
  "ip": "::1",
  "userAgent": "bruno-runtime/2.9.1",
  "headers": {
    "accept": "application/json, text/plain, */*",
    "content-type": "application/json",
    "user-agent": "bruno-runtime/2.9.1",
    "cookie": "***REDACTED***",
    "request-start-time": "1756272676152",
    "accept-encoding": "gzip, compress, deflate, br",
    "host": "localhost:9999",
    "connection": "keep-alive"
  },
  "query": {}
}
[2025-08-27 09:01:20] info: {
  "method": "OPTIONS",
  "url": "/api/admin/categories/68ae980cc123496b3e6576a7",
  "ip": "::1",
  "userAgent": "Mozilla/5.0 (Windows NT 10.0; Win64; x64) AppleWebKit/537.36 (KHTML, like Gecko) Chrome/139.0.0.0 Safari/537.36",
  "headers": {
    "host": "localhost:9999",
    "connection": "keep-alive",
    "pragma": "no-cache",
    "cache-control": "no-cache",
    "accept": "*/*",
    "access-control-request-method": "PUT",
    "access-control-request-headers": "content-type",
    "origin": "http://localhost:3000",
    "user-agent": "Mozilla/5.0 (Windows NT 10.0; Win64; x64) AppleWebKit/537.36 (KHTML, like Gecko) Chrome/139.0.0.0 Safari/537.36",
    "sec-fetch-mode": "cors",
    "sec-fetch-site": "same-site",
    "sec-fetch-dest": "empty",
    "referer": "http://localhost:3000/",
    "accept-encoding": "gzip, deflate, br, zstd",
    "accept-language": "en-US,en;q=0.9"
  },
  "query": {}
}
[2025-08-27 09:01:20] info: {
  "method": "PUT",
  "url": "/api/admin/categories/68ae980cc123496b3e6576a7",
  "ip": "::1",
  "userAgent": "Mozilla/5.0 (Windows NT 10.0; Win64; x64) AppleWebKit/537.36 (KHTML, like Gecko) Chrome/139.0.0.0 Safari/537.36",
  "headers": {
    "host": "localhost:9999",
    "connection": "keep-alive",
    "content-length": "17",
    "pragma": "no-cache",
    "cache-control": "no-cache",
    "sec-ch-ua-platform": "\"Windows\"",
    "user-agent": "Mozilla/5.0 (Windows NT 10.0; Win64; x64) AppleWebKit/537.36 (KHTML, like Gecko) Chrome/139.0.0.0 Safari/537.36",
    "accept": "application/json, text/plain, */*",
    "sec-ch-ua": "\"Not;A=Brand\";v=\"99\", \"Google Chrome\";v=\"139\", \"Chromium\";v=\"139\"",
    "content-type": "application/json",
    "sec-ch-ua-mobile": "?0",
    "origin": "http://localhost:3000",
    "sec-fetch-site": "same-site",
    "sec-fetch-mode": "cors",
    "sec-fetch-dest": "empty",
    "referer": "http://localhost:3000/",
    "accept-encoding": "gzip, deflate, br, zstd",
    "accept-language": "en-US,en;q=0.9",
    "cookie": "***REDACTED***"
  },
  "query": {}
}
[2025-08-27 09:01:42] info: {
  "method": "OPTIONS",
  "url": "/api/admin/categories",
  "ip": "::1",
  "userAgent": "Mozilla/5.0 (Windows NT 10.0; Win64; x64) AppleWebKit/537.36 (KHTML, like Gecko) Chrome/139.0.0.0 Safari/537.36",
  "headers": {
    "host": "localhost:9999",
    "connection": "keep-alive",
    "pragma": "no-cache",
    "cache-control": "no-cache",
    "accept": "*/*",
    "access-control-request-method": "POST",
    "access-control-request-headers": "content-type",
    "origin": "http://localhost:3000",
    "user-agent": "Mozilla/5.0 (Windows NT 10.0; Win64; x64) AppleWebKit/537.36 (KHTML, like Gecko) Chrome/139.0.0.0 Safari/537.36",
    "sec-fetch-mode": "cors",
    "sec-fetch-site": "same-site",
    "sec-fetch-dest": "empty",
    "referer": "http://localhost:3000/",
    "accept-encoding": "gzip, deflate, br, zstd",
    "accept-language": "en-US,en;q=0.9"
  },
  "query": {}
}
[2025-08-27 09:01:42] info: {
  "method": "POST",
  "url": "/api/admin/categories",
  "ip": "::1",
  "userAgent": "Mozilla/5.0 (Windows NT 10.0; Win64; x64) AppleWebKit/537.36 (KHTML, like Gecko) Chrome/139.0.0.0 Safari/537.36",
  "headers": {
    "host": "localhost:9999",
    "connection": "keep-alive",
    "content-length": "291",
    "pragma": "no-cache",
    "cache-control": "no-cache",
    "sec-ch-ua-platform": "\"Windows\"",
    "user-agent": "Mozilla/5.0 (Windows NT 10.0; Win64; x64) AppleWebKit/537.36 (KHTML, like Gecko) Chrome/139.0.0.0 Safari/537.36",
    "accept": "application/json, text/plain, */*",
    "sec-ch-ua": "\"Not;A=Brand\";v=\"99\", \"Google Chrome\";v=\"139\", \"Chromium\";v=\"139\"",
    "content-type": "application/json",
    "sec-ch-ua-mobile": "?0",
    "origin": "http://localhost:3000",
    "sec-fetch-site": "same-site",
    "sec-fetch-mode": "cors",
    "sec-fetch-dest": "empty",
    "referer": "http://localhost:3000/",
    "accept-encoding": "gzip, deflate, br, zstd",
    "accept-language": "en-US,en;q=0.9",
    "cookie": "***REDACTED***"
  },
  "query": {}
}
[2025-08-27 09:01:42] info: {
  "method": "GET",
  "url": "/api/admin/categories",
  "ip": "::1",
  "userAgent": "Mozilla/5.0 (Windows NT 10.0; Win64; x64) AppleWebKit/537.36 (KHTML, like Gecko) Chrome/139.0.0.0 Safari/537.36",
  "headers": {
    "host": "localhost:9999",
    "connection": "keep-alive",
    "pragma": "no-cache",
    "cache-control": "no-cache",
    "sec-ch-ua-platform": "\"Windows\"",
    "user-agent": "Mozilla/5.0 (Windows NT 10.0; Win64; x64) AppleWebKit/537.36 (KHTML, like Gecko) Chrome/139.0.0.0 Safari/537.36",
    "accept": "application/json, text/plain, */*",
    "sec-ch-ua": "\"Not;A=Brand\";v=\"99\", \"Google Chrome\";v=\"139\", \"Chromium\";v=\"139\"",
    "sec-ch-ua-mobile": "?0",
    "origin": "http://localhost:3000",
    "sec-fetch-site": "same-site",
    "sec-fetch-mode": "cors",
    "sec-fetch-dest": "empty",
    "referer": "http://localhost:3000/",
    "accept-encoding": "gzip, deflate, br, zstd",
    "accept-language": "en-US,en;q=0.9",
    "cookie": "***REDACTED***"
  },
  "query": {}
}
[2025-08-27 09:02:00] info: {
  "method": "OPTIONS",
  "url": "/api/admin/categories",
  "ip": "::1",
  "userAgent": "Mozilla/5.0 (Windows NT 10.0; Win64; x64) AppleWebKit/537.36 (KHTML, like Gecko) Chrome/139.0.0.0 Safari/537.36",
  "headers": {
    "host": "localhost:9999",
    "connection": "keep-alive",
    "pragma": "no-cache",
    "cache-control": "no-cache",
    "accept": "*/*",
    "access-control-request-method": "POST",
    "access-control-request-headers": "content-type",
    "origin": "http://localhost:3000",
    "user-agent": "Mozilla/5.0 (Windows NT 10.0; Win64; x64) AppleWebKit/537.36 (KHTML, like Gecko) Chrome/139.0.0.0 Safari/537.36",
    "sec-fetch-mode": "cors",
    "sec-fetch-site": "same-site",
    "sec-fetch-dest": "empty",
    "referer": "http://localhost:3000/",
    "accept-encoding": "gzip, deflate, br, zstd",
    "accept-language": "en-US,en;q=0.9"
  },
  "query": {}
}
[2025-08-27 09:02:00] info: {
  "method": "POST",
  "url": "/api/admin/categories",
  "ip": "::1",
  "userAgent": "Mozilla/5.0 (Windows NT 10.0; Win64; x64) AppleWebKit/537.36 (KHTML, like Gecko) Chrome/139.0.0.0 Safari/537.36",
  "headers": {
    "host": "localhost:9999",
    "connection": "keep-alive",
    "content-length": "291",
    "pragma": "no-cache",
    "cache-control": "no-cache",
    "sec-ch-ua-platform": "\"Windows\"",
    "user-agent": "Mozilla/5.0 (Windows NT 10.0; Win64; x64) AppleWebKit/537.36 (KHTML, like Gecko) Chrome/139.0.0.0 Safari/537.36",
    "accept": "application/json, text/plain, */*",
    "sec-ch-ua": "\"Not;A=Brand\";v=\"99\", \"Google Chrome\";v=\"139\", \"Chromium\";v=\"139\"",
    "content-type": "application/json",
    "sec-ch-ua-mobile": "?0",
    "origin": "http://localhost:3000",
    "sec-fetch-site": "same-site",
    "sec-fetch-mode": "cors",
    "sec-fetch-dest": "empty",
    "referer": "http://localhost:3000/",
    "accept-encoding": "gzip, deflate, br, zstd",
    "accept-language": "en-US,en;q=0.9",
    "cookie": "***REDACTED***"
  },
  "query": {}
}
[2025-08-27 09:02:00] info: {
  "method": "GET",
  "url": "/api/admin/categories",
  "ip": "::1",
  "userAgent": "Mozilla/5.0 (Windows NT 10.0; Win64; x64) AppleWebKit/537.36 (KHTML, like Gecko) Chrome/139.0.0.0 Safari/537.36",
  "headers": {
    "host": "localhost:9999",
    "connection": "keep-alive",
    "pragma": "no-cache",
    "cache-control": "no-cache",
    "sec-ch-ua-platform": "\"Windows\"",
    "user-agent": "Mozilla/5.0 (Windows NT 10.0; Win64; x64) AppleWebKit/537.36 (KHTML, like Gecko) Chrome/139.0.0.0 Safari/537.36",
    "accept": "application/json, text/plain, */*",
    "sec-ch-ua": "\"Not;A=Brand\";v=\"99\", \"Google Chrome\";v=\"139\", \"Chromium\";v=\"139\"",
    "sec-ch-ua-mobile": "?0",
    "origin": "http://localhost:3000",
    "sec-fetch-site": "same-site",
    "sec-fetch-mode": "cors",
    "sec-fetch-dest": "empty",
    "referer": "http://localhost:3000/",
    "accept-encoding": "gzip, deflate, br, zstd",
    "accept-language": "en-US,en;q=0.9",
    "cookie": "***REDACTED***"
  },
  "query": {}
}
[2025-08-27 09:02:20] info: {
  "method": "OPTIONS",
  "url": "/api/admin/categories/68ae9850c123496b3e6576c1",
  "ip": "::1",
  "userAgent": "Mozilla/5.0 (Windows NT 10.0; Win64; x64) AppleWebKit/537.36 (KHTML, like Gecko) Chrome/139.0.0.0 Safari/537.36",
  "headers": {
    "host": "localhost:9999",
    "connection": "keep-alive",
    "pragma": "no-cache",
    "cache-control": "no-cache",
    "accept": "*/*",
    "access-control-request-method": "DELETE",
    "origin": "http://localhost:3000",
    "user-agent": "Mozilla/5.0 (Windows NT 10.0; Win64; x64) AppleWebKit/537.36 (KHTML, like Gecko) Chrome/139.0.0.0 Safari/537.36",
    "sec-fetch-mode": "cors",
    "sec-fetch-site": "same-site",
    "sec-fetch-dest": "empty",
    "referer": "http://localhost:3000/",
    "accept-encoding": "gzip, deflate, br, zstd",
    "accept-language": "en-US,en;q=0.9"
  },
  "query": {}
}
[2025-08-27 09:02:20] info: {
  "method": "DELETE",
  "url": "/api/admin/categories/68ae9850c123496b3e6576c1",
  "ip": "::1",
  "userAgent": "Mozilla/5.0 (Windows NT 10.0; Win64; x64) AppleWebKit/537.36 (KHTML, like Gecko) Chrome/139.0.0.0 Safari/537.36",
  "headers": {
    "host": "localhost:9999",
    "connection": "keep-alive",
    "pragma": "no-cache",
    "cache-control": "no-cache",
    "sec-ch-ua-platform": "\"Windows\"",
    "user-agent": "Mozilla/5.0 (Windows NT 10.0; Win64; x64) AppleWebKit/537.36 (KHTML, like Gecko) Chrome/139.0.0.0 Safari/537.36",
    "accept": "application/json, text/plain, */*",
    "sec-ch-ua": "\"Not;A=Brand\";v=\"99\", \"Google Chrome\";v=\"139\", \"Chromium\";v=\"139\"",
    "sec-ch-ua-mobile": "?0",
    "origin": "http://localhost:3000",
    "sec-fetch-site": "same-site",
    "sec-fetch-mode": "cors",
    "sec-fetch-dest": "empty",
    "referer": "http://localhost:3000/",
    "accept-encoding": "gzip, deflate, br, zstd",
    "accept-language": "en-US,en;q=0.9",
    "cookie": "***REDACTED***"
  },
  "query": {}
}
[2025-08-27 09:02:20] info: {
  "method": "GET",
  "url": "/api/admin/categories",
  "ip": "::1",
  "userAgent": "Mozilla/5.0 (Windows NT 10.0; Win64; x64) AppleWebKit/537.36 (KHTML, like Gecko) Chrome/139.0.0.0 Safari/537.36",
  "headers": {
    "host": "localhost:9999",
    "connection": "keep-alive",
    "pragma": "no-cache",
    "cache-control": "no-cache",
    "sec-ch-ua-platform": "\"Windows\"",
    "user-agent": "Mozilla/5.0 (Windows NT 10.0; Win64; x64) AppleWebKit/537.36 (KHTML, like Gecko) Chrome/139.0.0.0 Safari/537.36",
    "accept": "application/json, text/plain, */*",
    "sec-ch-ua": "\"Not;A=Brand\";v=\"99\", \"Google Chrome\";v=\"139\", \"Chromium\";v=\"139\"",
    "sec-ch-ua-mobile": "?0",
    "origin": "http://localhost:3000",
    "sec-fetch-site": "same-site",
    "sec-fetch-mode": "cors",
    "sec-fetch-dest": "empty",
    "referer": "http://localhost:3000/",
    "accept-encoding": "gzip, deflate, br, zstd",
    "accept-language": "en-US,en;q=0.9",
    "cookie": "***REDACTED***"
  },
  "query": {}
}
[2025-08-27 09:02:33] info: {
  "method": "OPTIONS",
  "url": "/api/admin/categories",
  "ip": "::1",
  "userAgent": "Mozilla/5.0 (Windows NT 10.0; Win64; x64) AppleWebKit/537.36 (KHTML, like Gecko) Chrome/139.0.0.0 Safari/537.36",
  "headers": {
    "host": "localhost:9999",
    "connection": "keep-alive",
    "pragma": "no-cache",
    "cache-control": "no-cache",
    "accept": "*/*",
    "access-control-request-method": "POST",
    "access-control-request-headers": "content-type",
    "origin": "http://localhost:3000",
    "user-agent": "Mozilla/5.0 (Windows NT 10.0; Win64; x64) AppleWebKit/537.36 (KHTML, like Gecko) Chrome/139.0.0.0 Safari/537.36",
    "sec-fetch-mode": "cors",
    "sec-fetch-site": "same-site",
    "sec-fetch-dest": "empty",
    "referer": "http://localhost:3000/",
    "accept-encoding": "gzip, deflate, br, zstd",
    "accept-language": "en-US,en;q=0.9"
  },
  "query": {}
}
[2025-08-27 09:02:33] info: {
  "method": "POST",
  "url": "/api/admin/categories",
  "ip": "::1",
  "userAgent": "Mozilla/5.0 (Windows NT 10.0; Win64; x64) AppleWebKit/537.36 (KHTML, like Gecko) Chrome/139.0.0.0 Safari/537.36",
  "headers": {
    "host": "localhost:9999",
    "connection": "keep-alive",
    "content-length": "291",
    "pragma": "no-cache",
    "cache-control": "no-cache",
    "sec-ch-ua-platform": "\"Windows\"",
    "user-agent": "Mozilla/5.0 (Windows NT 10.0; Win64; x64) AppleWebKit/537.36 (KHTML, like Gecko) Chrome/139.0.0.0 Safari/537.36",
    "accept": "application/json, text/plain, */*",
    "sec-ch-ua": "\"Not;A=Brand\";v=\"99\", \"Google Chrome\";v=\"139\", \"Chromium\";v=\"139\"",
    "content-type": "application/json",
    "sec-ch-ua-mobile": "?0",
    "origin": "http://localhost:3000",
    "sec-fetch-site": "same-site",
    "sec-fetch-mode": "cors",
    "sec-fetch-dest": "empty",
    "referer": "http://localhost:3000/",
    "accept-encoding": "gzip, deflate, br, zstd",
    "accept-language": "en-US,en;q=0.9",
    "cookie": "***REDACTED***"
  },
  "query": {}
}
[2025-08-27 09:02:33] info: {
  "method": "GET",
  "url": "/api/admin/categories",
  "ip": "::1",
  "userAgent": "Mozilla/5.0 (Windows NT 10.0; Win64; x64) AppleWebKit/537.36 (KHTML, like Gecko) Chrome/139.0.0.0 Safari/537.36",
  "headers": {
    "host": "localhost:9999",
    "connection": "keep-alive",
    "pragma": "no-cache",
    "cache-control": "no-cache",
    "sec-ch-ua-platform": "\"Windows\"",
    "user-agent": "Mozilla/5.0 (Windows NT 10.0; Win64; x64) AppleWebKit/537.36 (KHTML, like Gecko) Chrome/139.0.0.0 Safari/537.36",
    "accept": "application/json, text/plain, */*",
    "sec-ch-ua": "\"Not;A=Brand\";v=\"99\", \"Google Chrome\";v=\"139\", \"Chromium\";v=\"139\"",
    "sec-ch-ua-mobile": "?0",
    "origin": "http://localhost:3000",
    "sec-fetch-site": "same-site",
    "sec-fetch-mode": "cors",
    "sec-fetch-dest": "empty",
    "referer": "http://localhost:3000/",
    "accept-encoding": "gzip, deflate, br, zstd",
    "accept-language": "en-US,en;q=0.9",
    "cookie": "***REDACTED***"
  },
  "query": {}
}
[2025-08-27 09:02:38] info: {
  "method": "GET",
  "url": "/api/user-details",
  "ip": "::1",
  "userAgent": "Mozilla/5.0 (Windows NT 10.0; Win64; x64) AppleWebKit/537.36 (KHTML, like Gecko) Chrome/139.0.0.0 Safari/537.36",
  "headers": {
    "host": "localhost:9999",
    "connection": "keep-alive",
    "pragma": "no-cache",
    "cache-control": "no-cache",
    "sec-ch-ua-platform": "\"Windows\"",
    "user-agent": "Mozilla/5.0 (Windows NT 10.0; Win64; x64) AppleWebKit/537.36 (KHTML, like Gecko) Chrome/139.0.0.0 Safari/537.36",
    "accept": "application/json, text/plain, */*",
    "sec-ch-ua": "\"Not;A=Brand\";v=\"99\", \"Google Chrome\";v=\"139\", \"Chromium\";v=\"139\"",
    "sec-ch-ua-mobile": "?0",
    "origin": "http://localhost:3000",
    "sec-fetch-site": "same-site",
    "sec-fetch-mode": "cors",
    "sec-fetch-dest": "empty",
    "referer": "http://localhost:3000/",
    "accept-encoding": "gzip, deflate, br, zstd",
    "accept-language": "en-US,en;q=0.9",
    "cookie": "***REDACTED***"
  },
  "query": {}
}
[2025-08-27 09:02:38] info: {
  "method": "GET",
  "url": "/api/admin/categories",
  "ip": "::1",
  "userAgent": "Mozilla/5.0 (Windows NT 10.0; Win64; x64) AppleWebKit/537.36 (KHTML, like Gecko) Chrome/139.0.0.0 Safari/537.36",
  "headers": {
    "host": "localhost:9999",
    "connection": "keep-alive",
    "pragma": "no-cache",
    "cache-control": "no-cache",
    "sec-ch-ua-platform": "\"Windows\"",
    "user-agent": "Mozilla/5.0 (Windows NT 10.0; Win64; x64) AppleWebKit/537.36 (KHTML, like Gecko) Chrome/139.0.0.0 Safari/537.36",
    "accept": "application/json, text/plain, */*",
    "sec-ch-ua": "\"Not;A=Brand\";v=\"99\", \"Google Chrome\";v=\"139\", \"Chromium\";v=\"139\"",
    "sec-ch-ua-mobile": "?0",
    "origin": "http://localhost:3000",
    "sec-fetch-site": "same-site",
    "sec-fetch-mode": "cors",
    "sec-fetch-dest": "empty",
    "referer": "http://localhost:3000/",
    "accept-encoding": "gzip, deflate, br, zstd",
    "accept-language": "en-US,en;q=0.9",
    "cookie": "***REDACTED***"
  },
  "query": {}
}
[2025-08-27 09:02:38] info: {
  "method": "GET",
  "url": "/api/admin/categories",
  "ip": "::1",
  "userAgent": "Mozilla/5.0 (Windows NT 10.0; Win64; x64) AppleWebKit/537.36 (KHTML, like Gecko) Chrome/139.0.0.0 Safari/537.36",
  "headers": {
    "host": "localhost:9999",
    "connection": "keep-alive",
    "pragma": "no-cache",
    "cache-control": "no-cache",
    "sec-ch-ua-platform": "\"Windows\"",
    "user-agent": "Mozilla/5.0 (Windows NT 10.0; Win64; x64) AppleWebKit/537.36 (KHTML, like Gecko) Chrome/139.0.0.0 Safari/537.36",
    "accept": "application/json, text/plain, */*",
    "sec-ch-ua": "\"Not;A=Brand\";v=\"99\", \"Google Chrome\";v=\"139\", \"Chromium\";v=\"139\"",
    "sec-ch-ua-mobile": "?0",
    "origin": "http://localhost:3000",
    "sec-fetch-site": "same-site",
    "sec-fetch-mode": "cors",
    "sec-fetch-dest": "empty",
    "referer": "http://localhost:3000/",
    "accept-encoding": "gzip, deflate, br, zstd",
    "accept-language": "en-US,en;q=0.9",
    "cookie": "***REDACTED***"
  },
  "query": {}
}
[2025-08-27 09:03:08] info: {
  "method": "OPTIONS",
  "url": "/api/admin/categories",
  "ip": "::1",
  "userAgent": "Mozilla/5.0 (Windows NT 10.0; Win64; x64) AppleWebKit/537.36 (KHTML, like Gecko) Chrome/139.0.0.0 Safari/537.36",
  "headers": {
    "host": "localhost:9999",
    "connection": "keep-alive",
    "pragma": "no-cache",
    "cache-control": "no-cache",
    "accept": "*/*",
    "access-control-request-method": "POST",
    "access-control-request-headers": "content-type",
    "origin": "http://localhost:3000",
    "user-agent": "Mozilla/5.0 (Windows NT 10.0; Win64; x64) AppleWebKit/537.36 (KHTML, like Gecko) Chrome/139.0.0.0 Safari/537.36",
    "sec-fetch-mode": "cors",
    "sec-fetch-site": "same-site",
    "sec-fetch-dest": "empty",
    "referer": "http://localhost:3000/",
    "accept-encoding": "gzip, deflate, br, zstd",
    "accept-language": "en-US,en;q=0.9"
  },
  "query": {}
}
[2025-08-27 09:03:08] info: {
  "method": "POST",
  "url": "/api/admin/categories",
  "ip": "::1",
  "userAgent": "Mozilla/5.0 (Windows NT 10.0; Win64; x64) AppleWebKit/537.36 (KHTML, like Gecko) Chrome/139.0.0.0 Safari/537.36",
  "headers": {
    "host": "localhost:9999",
    "connection": "keep-alive",
    "content-length": "182",
    "pragma": "no-cache",
    "cache-control": "no-cache",
    "sec-ch-ua-platform": "\"Windows\"",
    "user-agent": "Mozilla/5.0 (Windows NT 10.0; Win64; x64) AppleWebKit/537.36 (KHTML, like Gecko) Chrome/139.0.0.0 Safari/537.36",
    "accept": "application/json, text/plain, */*",
    "sec-ch-ua": "\"Not;A=Brand\";v=\"99\", \"Google Chrome\";v=\"139\", \"Chromium\";v=\"139\"",
    "content-type": "application/json",
    "sec-ch-ua-mobile": "?0",
    "origin": "http://localhost:3000",
    "sec-fetch-site": "same-site",
    "sec-fetch-mode": "cors",
    "sec-fetch-dest": "empty",
    "referer": "http://localhost:3000/",
    "accept-encoding": "gzip, deflate, br, zstd",
    "accept-language": "en-US,en;q=0.9",
    "cookie": "***REDACTED***"
  },
  "query": {}
}
[2025-08-27 09:03:19] info: {
  "method": "OPTIONS",
  "url": "/api/admin/categories",
  "ip": "::1",
  "userAgent": "Mozilla/5.0 (Windows NT 10.0; Win64; x64) AppleWebKit/537.36 (KHTML, like Gecko) Chrome/139.0.0.0 Safari/537.36",
  "headers": {
    "host": "localhost:9999",
    "connection": "keep-alive",
    "pragma": "no-cache",
    "cache-control": "no-cache",
    "accept": "*/*",
    "access-control-request-method": "POST",
    "access-control-request-headers": "content-type",
    "origin": "http://localhost:3000",
    "user-agent": "Mozilla/5.0 (Windows NT 10.0; Win64; x64) AppleWebKit/537.36 (KHTML, like Gecko) Chrome/139.0.0.0 Safari/537.36",
    "sec-fetch-mode": "cors",
    "sec-fetch-site": "same-site",
    "sec-fetch-dest": "empty",
    "referer": "http://localhost:3000/",
    "accept-encoding": "gzip, deflate, br, zstd",
    "accept-language": "en-US,en;q=0.9"
  },
  "query": {}
}
[2025-08-27 09:03:19] info: {
  "method": "POST",
  "url": "/api/admin/categories",
  "ip": "::1",
  "userAgent": "Mozilla/5.0 (Windows NT 10.0; Win64; x64) AppleWebKit/537.36 (KHTML, like Gecko) Chrome/139.0.0.0 Safari/537.36",
  "headers": {
    "host": "localhost:9999",
    "connection": "keep-alive",
    "content-length": "182",
    "pragma": "no-cache",
    "cache-control": "no-cache",
    "sec-ch-ua-platform": "\"Windows\"",
    "user-agent": "Mozilla/5.0 (Windows NT 10.0; Win64; x64) AppleWebKit/537.36 (KHTML, like Gecko) Chrome/139.0.0.0 Safari/537.36",
    "accept": "application/json, text/plain, */*",
    "sec-ch-ua": "\"Not;A=Brand\";v=\"99\", \"Google Chrome\";v=\"139\", \"Chromium\";v=\"139\"",
    "content-type": "application/json",
    "sec-ch-ua-mobile": "?0",
    "origin": "http://localhost:3000",
    "sec-fetch-site": "same-site",
    "sec-fetch-mode": "cors",
    "sec-fetch-dest": "empty",
    "referer": "http://localhost:3000/",
    "accept-encoding": "gzip, deflate, br, zstd",
    "accept-language": "en-US,en;q=0.9",
    "cookie": "***REDACTED***"
  },
  "query": {}
}
[2025-08-27 09:03:27] info: {
  "method": "OPTIONS",
  "url": "/api/admin/categories",
  "ip": "::1",
  "userAgent": "Mozilla/5.0 (Windows NT 10.0; Win64; x64) AppleWebKit/537.36 (KHTML, like Gecko) Chrome/139.0.0.0 Safari/537.36",
  "headers": {
    "host": "localhost:9999",
    "connection": "keep-alive",
    "pragma": "no-cache",
    "cache-control": "no-cache",
    "accept": "*/*",
    "access-control-request-method": "POST",
    "access-control-request-headers": "content-type",
    "origin": "http://localhost:3000",
    "user-agent": "Mozilla/5.0 (Windows NT 10.0; Win64; x64) AppleWebKit/537.36 (KHTML, like Gecko) Chrome/139.0.0.0 Safari/537.36",
    "sec-fetch-mode": "cors",
    "sec-fetch-site": "same-site",
    "sec-fetch-dest": "empty",
    "referer": "http://localhost:3000/",
    "accept-encoding": "gzip, deflate, br, zstd",
    "accept-language": "en-US,en;q=0.9"
  },
  "query": {}
}
[2025-08-27 09:03:27] info: {
  "method": "POST",
  "url": "/api/admin/categories",
  "ip": "::1",
  "userAgent": "Mozilla/5.0 (Windows NT 10.0; Win64; x64) AppleWebKit/537.36 (KHTML, like Gecko) Chrome/139.0.0.0 Safari/537.36",
  "headers": {
    "host": "localhost:9999",
    "connection": "keep-alive",
    "content-length": "182",
    "pragma": "no-cache",
    "cache-control": "no-cache",
    "sec-ch-ua-platform": "\"Windows\"",
    "user-agent": "Mozilla/5.0 (Windows NT 10.0; Win64; x64) AppleWebKit/537.36 (KHTML, like Gecko) Chrome/139.0.0.0 Safari/537.36",
    "accept": "application/json, text/plain, */*",
    "sec-ch-ua": "\"Not;A=Brand\";v=\"99\", \"Google Chrome\";v=\"139\", \"Chromium\";v=\"139\"",
    "content-type": "application/json",
    "sec-ch-ua-mobile": "?0",
    "origin": "http://localhost:3000",
    "sec-fetch-site": "same-site",
    "sec-fetch-mode": "cors",
    "sec-fetch-dest": "empty",
    "referer": "http://localhost:3000/",
    "accept-encoding": "gzip, deflate, br, zstd",
    "accept-language": "en-US,en;q=0.9",
    "cookie": "***REDACTED***"
  },
  "query": {}
}
[2025-08-27 09:03:30] info: {
  "method": "OPTIONS",
  "url": "/api/admin/categories",
  "ip": "::1",
  "userAgent": "Mozilla/5.0 (Windows NT 10.0; Win64; x64) AppleWebKit/537.36 (KHTML, like Gecko) Chrome/139.0.0.0 Safari/537.36",
  "headers": {
    "host": "localhost:9999",
    "connection": "keep-alive",
    "pragma": "no-cache",
    "cache-control": "no-cache",
    "accept": "*/*",
    "access-control-request-method": "POST",
    "access-control-request-headers": "content-type",
    "origin": "http://localhost:3000",
    "user-agent": "Mozilla/5.0 (Windows NT 10.0; Win64; x64) AppleWebKit/537.36 (KHTML, like Gecko) Chrome/139.0.0.0 Safari/537.36",
    "sec-fetch-mode": "cors",
    "sec-fetch-site": "same-site",
    "sec-fetch-dest": "empty",
    "referer": "http://localhost:3000/",
    "accept-encoding": "gzip, deflate, br, zstd",
    "accept-language": "en-US,en;q=0.9"
  },
  "query": {}
}
[2025-08-27 09:03:30] info: {
  "method": "POST",
  "url": "/api/admin/categories",
  "ip": "::1",
  "userAgent": "Mozilla/5.0 (Windows NT 10.0; Win64; x64) AppleWebKit/537.36 (KHTML, like Gecko) Chrome/139.0.0.0 Safari/537.36",
  "headers": {
    "host": "localhost:9999",
    "connection": "keep-alive",
    "content-length": "182",
    "pragma": "no-cache",
    "cache-control": "no-cache",
    "sec-ch-ua-platform": "\"Windows\"",
    "user-agent": "Mozilla/5.0 (Windows NT 10.0; Win64; x64) AppleWebKit/537.36 (KHTML, like Gecko) Chrome/139.0.0.0 Safari/537.36",
    "accept": "application/json, text/plain, */*",
    "sec-ch-ua": "\"Not;A=Brand\";v=\"99\", \"Google Chrome\";v=\"139\", \"Chromium\";v=\"139\"",
    "content-type": "application/json",
    "sec-ch-ua-mobile": "?0",
    "origin": "http://localhost:3000",
    "sec-fetch-site": "same-site",
    "sec-fetch-mode": "cors",
    "sec-fetch-dest": "empty",
    "referer": "http://localhost:3000/",
    "accept-encoding": "gzip, deflate, br, zstd",
    "accept-language": "en-US,en;q=0.9",
    "cookie": "***REDACTED***"
  },
  "query": {}
}
[2025-08-27 09:03:53] info: {
  "method": "GET",
  "url": "/api/admin/categories",
  "ip": "::1",
  "userAgent": "bruno-runtime/2.9.1",
  "headers": {
    "accept": "application/json, text/plain, */*",
    "content-type": "application/json",
    "user-agent": "bruno-runtime/2.9.1",
    "cookie": "***REDACTED***",
    "request-start-time": "1756272833101",
    "accept-encoding": "gzip, compress, deflate, br",
    "host": "localhost:9999",
    "connection": "keep-alive"
  },
  "query": {}
}
