[2025-08-17 13:14:52] info: {
  "method": "POST",
  "url": "/api/login",
  "ip": "::1",
  "userAgent": "bruno-runtime/2.9.1",
  "headers": {
    "accept": "application/json, text/plain, */*",
    "content-type": "application/json",
    "user-agent": "bruno-runtime/2.9.1",
    "cookie": "***REDACTED***",
    "request-start-time": "1755423892811",
    "content-length": "71",
    "accept-encoding": "gzip, compress, deflate, br",
    "host": "localhost:9999",
    "connection": "keep-alive"
  },
  "query": {}
}
[2025-08-17 13:15:19] info: {
  "method": "GET",
  "url": "/api/user-details",
  "ip": "::1",
  "userAgent": "bruno-runtime/2.9.1",
  "headers": {
    "accept": "application/json, text/plain, */*",
    "content-type": "application/json",
    "user-agent": "bruno-runtime/2.9.1",
    "cookie": "***REDACTED***",
    "request-start-time": "1755423919120",
    "accept-encoding": "gzip, compress, deflate, br",
    "host": "localhost:9999",
    "connection": "keep-alive"
  },
  "query": {}
}
[2025-08-17 13:16:55] info: {
  "method": "GET",
  "url": "/api/user-details",
  "ip": "::1",
  "userAgent": "bruno-runtime/2.9.1",
  "headers": {
    "accept": "application/json, text/plain, */*",
    "content-type": "application/json",
    "user-agent": "bruno-runtime/2.9.1",
    "cookie": "***REDACTED***",
    "request-start-time": "1755424015679",
    "accept-encoding": "gzip, compress, deflate, br",
    "host": "localhost:9999",
    "connection": "keep-alive"
  },
  "query": {}
}
